{"/Users/tim/Code/Personal/SportsEdge/dashboard/src/App.js": {"path":"/Users/tim/Code/Personal/SportsEdge/dashboard/src/App.js","statementMap":{"0":{"start":{"line":22,"column":42},"end":{"line":22,"column":56}},"1":{"start":{"line":23,"column":32},"end":{"line":23,"column":46}},"2":{"start":{"line":24,"column":28},"end":{"line":24,"column":42}},"3":{"start":{"line":26,"column":2},"end":{"line":42,"column":9}},"4":{"start":{"line":27,"column":26},"end":{"line":39,"column":5}},"5":{"start":{"line":28,"column":6},"end":{"line":38,"column":7}},"6":{"start":{"line":29,"column":8},"end":{"line":29,"column":25}},"7":{"start":{"line":30,"column":23},"end":{"line":30,"column":57}},"8":{"start":{"line":31,"column":8},"end":{"line":31,"column":37}},"9":{"start":{"line":32,"column":8},"end":{"line":32,"column":23}},"10":{"start":{"line":34,"column":8},"end":{"line":34,"column":56}},"11":{"start":{"line":35,"column":8},"end":{"line":35,"column":95}},"12":{"start":{"line":37,"column":8},"end":{"line":37,"column":26}},"13":{"start":{"line":41,"column":4},"end":{"line":41,"column":20}},"14":{"start":{"line":44,"column":2},"end":{"line":53,"column":3}},"15":{"start":{"line":45,"column":4},"end":{"line":52,"column":6}},"16":{"start":{"line":55,"column":2},"end":{"line":72,"column":3}},"17":{"start":{"line":56,"column":4},"end":{"line":71,"column":6}},"18":{"start":{"line":63,"column":29},"end":{"line":63,"column":53}},"19":{"start":{"line":74,"column":2},"end":{"line":100,"column":4}}},"fnMap":{"0":{"name":"App","decl":{"start":{"line":21,"column":9},"end":{"line":21,"column":12}},"loc":{"start":{"line":21,"column":15},"end":{"line":101,"column":1}},"line":21},"1":{"name":"(anonymous_1)","decl":{"start":{"line":26,"column":12},"end":{"line":26,"column":13}},"loc":{"start":{"line":26,"column":18},"end":{"line":42,"column":3}},"line":26},"2":{"name":"(anonymous_2)","decl":{"start":{"line":27,"column":26},"end":{"line":27,"column":27}},"loc":{"start":{"line":27,"column":38},"end":{"line":39,"column":5}},"line":27},"3":{"name":"(anonymous_3)","decl":{"start":{"line":63,"column":23},"end":{"line":63,"column":24}},"loc":{"start":{"line":63,"column":29},"end":{"line":63,"column":53}},"line":63}},"branchMap":{"0":{"loc":{"start":{"line":44,"column":2},"end":{"line":53,"column":3}},"type":"if","locations":[{"start":{"line":44,"column":2},"end":{"line":53,"column":3}},{"start":{},"end":{}}],"line":44},"1":{"loc":{"start":{"line":55,"column":2},"end":{"line":72,"column":3}},"type":"if","locations":[{"start":{"line":55,"column":2},"end":{"line":72,"column":3}},{"start":{},"end":{}}],"line":55}},"s":{"0":0,"1":0,"2":0,"3":0,"4":0,"5":0,"6":0,"7":0,"8":0,"9":0,"10":0,"11":0,"12":0,"13":0,"14":0,"15":0,"16":0,"17":0,"18":0,"19":0},"f":{"0":0,"1":0,"2":0,"3":0},"b":{"0":[0,0],"1":[0,0]}}
,"/Users/tim/Code/Personal/SportsEdge/dashboard/src/index.js": {"path":"/Users/tim/Code/Personal/SportsEdge/dashboard/src/index.js","statementMap":{"0":{"start":{"line":6,"column":13},"end":{"line":6,"column":65}},"1":{"start":{"line":7,"column":0},"end":{"line":11,"column":2}}},"fnMap":{},"branchMap":{},"s":{"0":0,"1":0},"f":{},"b":{}}
,"/Users/tim/Code/Personal/SportsEdge/dashboard/src/components/CronStatus.js": {"path":"/Users/tim/Code/Personal/SportsEdge/dashboard/src/components/CronStatus.js","statementMap":{"0":{"start":{"line":15,"column":19},"end":{"line":268,"column":1}},"1":{"start":{"line":16,"column":34},"end":{"line":16,"column":48}},"2":{"start":{"line":17,"column":32},"end":{"line":17,"column":46}},"3":{"start":{"line":18,"column":28},"end":{"line":18,"column":42}},"4":{"start":{"line":19,"column":40},"end":{"line":19,"column":54}},"5":{"start":{"line":21,"column":25},"end":{"line":36,"column":3}},"6":{"start":{"line":22,"column":4},"end":{"line":35,"column":5}},"7":{"start":{"line":23,"column":6},"end":{"line":23,"column":23}},"8":{"start":{"line":24,"column":6},"end":{"line":24,"column":21}},"9":{"start":{"line":27,"column":23},"end":{"line":27,"column":55}},"10":{"start":{"line":28,"column":6},"end":{"line":28,"column":33}},"11":{"start":{"line":29,"column":6},"end":{"line":29,"column":33}},"12":{"start":{"line":31,"column":6},"end":{"line":31,"column":55}},"13":{"start":{"line":32,"column":6},"end":{"line":32,"column":49}},"14":{"start":{"line":34,"column":6},"end":{"line":34,"column":24}},"15":{"start":{"line":38,"column":2},"end":{"line":44,"column":9}},"16":{"start":{"line":39,"column":4},"end":{"line":39,"column":21}},"17":{"start":{"line":42,"column":21},"end":{"line":42,"column":55}},"18":{"start":{"line":43,"column":4},"end":{"line":43,"column":41}},"19":{"start":{"line":43,"column":17},"end":{"line":43,"column":40}},"20":{"start":{"line":46,"column":24},"end":{"line":52,"column":3}},"21":{"start":{"line":47,"column":4},"end":{"line":47,"column":31}},"22":{"start":{"line":47,"column":18},"end":{"line":47,"column":31}},"23":{"start":{"line":48,"column":4},"end":{"line":48,"column":54}},"24":{"start":{"line":48,"column":22},"end":{"line":48,"column":54}},"25":{"start":{"line":49,"column":20},"end":{"line":49,"column":44}},"26":{"start":{"line":50,"column":29},"end":{"line":50,"column":41}},"27":{"start":{"line":51,"column":4},"end":{"line":51,"column":57}},"28":{"start":{"line":54,"column":24},"end":{"line":61,"column":3}},"29":{"start":{"line":55,"column":4},"end":{"line":60,"column":5}},"30":{"start":{"line":56,"column":22},"end":{"line":56,"column":80}},"31":{"start":{"line":57,"column":20},"end":{"line":57,"column":72}},"32":{"start":{"line":58,"column":22},"end":{"line":58,"column":90}},"33":{"start":{"line":59,"column":15},"end":{"line":59,"column":76}},"34":{"start":{"line":63,"column":26},"end":{"line":67,"column":3}},"35":{"start":{"line":64,"column":4},"end":{"line":64,"column":93}},"36":{"start":{"line":64,"column":27},"end":{"line":64,"column":93}},"37":{"start":{"line":65,"column":4},"end":{"line":65,"column":84}},"38":{"start":{"line":65,"column":27},"end":{"line":65,"column":84}},"39":{"start":{"line":66,"column":4},"end":{"line":66,"column":58}},"40":{"start":{"line":69,"column":2},"end":{"line":75,"column":3}},"41":{"start":{"line":70,"column":4},"end":{"line":74,"column":6}},"42":{"start":{"line":77,"column":2},"end":{"line":83,"column":3}},"43":{"start":{"line":78,"column":4},"end":{"line":82,"column":6}},"44":{"start":{"line":85,"column":2},"end":{"line":91,"column":3}},"45":{"start":{"line":86,"column":4},"end":{"line":90,"column":6}},"46":{"start":{"line":93,"column":52},"end":{"line":93,"column":60}},"47":{"start":{"line":94,"column":17},"end":{"line":94,"column":54}},"48":{"start":{"line":96,"column":2},"end":{"line":267,"column":4}},"49":{"start":{"line":196,"column":18},"end":{"line":199,"column":24}},"50":{"start":{"line":217,"column":16},"end":{"line":237,"column":22}},"51":{"start":{"line":252,"column":14},"end":{"line":261,"column":20}}},"fnMap":{"0":{"name":"(anonymous_0)","decl":{"start":{"line":15,"column":19},"end":{"line":15,"column":20}},"loc":{"start":{"line":15,"column":25},"end":{"line":268,"column":1}},"line":15},"1":{"name":"(anonymous_1)","decl":{"start":{"line":21,"column":25},"end":{"line":21,"column":26}},"loc":{"start":{"line":21,"column":37},"end":{"line":36,"column":3}},"line":21},"2":{"name":"(anonymous_2)","decl":{"start":{"line":38,"column":12},"end":{"line":38,"column":13}},"loc":{"start":{"line":38,"column":18},"end":{"line":44,"column":3}},"line":38},"3":{"name":"(anonymous_3)","decl":{"start":{"line":43,"column":11},"end":{"line":43,"column":12}},"loc":{"start":{"line":43,"column":17},"end":{"line":43,"column":40}},"line":43},"4":{"name":"(anonymous_4)","decl":{"start":{"line":46,"column":24},"end":{"line":46,"column":25}},"loc":{"start":{"line":46,"column":37},"end":{"line":52,"column":3}},"line":46},"5":{"name":"(anonymous_5)","decl":{"start":{"line":54,"column":24},"end":{"line":54,"column":25}},"loc":{"start":{"line":54,"column":36},"end":{"line":61,"column":3}},"line":54},"6":{"name":"(anonymous_6)","decl":{"start":{"line":63,"column":26},"end":{"line":63,"column":27}},"loc":{"start":{"line":63,"column":43},"end":{"line":67,"column":3}},"line":63},"7":{"name":"(anonymous_7)","decl":{"start":{"line":195,"column":72},"end":{"line":195,"column":73}},"loc":{"start":{"line":196,"column":18},"end":{"line":199,"column":24}},"line":196},"8":{"name":"(anonymous_8)","decl":{"start":{"line":216,"column":43},"end":{"line":216,"column":44}},"loc":{"start":{"line":217,"column":16},"end":{"line":237,"column":22}},"line":217},"9":{"name":"(anonymous_9)","decl":{"start":{"line":251,"column":37},"end":{"line":251,"column":38}},"loc":{"start":{"line":252,"column":14},"end":{"line":261,"column":20}},"line":252}},"branchMap":{"0":{"loc":{"start":{"line":47,"column":4},"end":{"line":47,"column":31}},"type":"if","locations":[{"start":{"line":47,"column":4},"end":{"line":47,"column":31}},{"start":{},"end":{}}],"line":47},"1":{"loc":{"start":{"line":48,"column":4},"end":{"line":48,"column":54}},"type":"if","locations":[{"start":{"line":48,"column":4},"end":{"line":48,"column":54}},{"start":{},"end":{}}],"line":48},"2":{"loc":{"start":{"line":55,"column":4},"end":{"line":60,"column":5}},"type":"switch","locations":[{"start":{"line":56,"column":6},"end":{"line":56,"column":80}},{"start":{"line":57,"column":6},"end":{"line":57,"column":72}},{"start":{"line":58,"column":6},"end":{"line":58,"column":90}},{"start":{"line":59,"column":6},"end":{"line":59,"column":76}}],"line":55},"3":{"loc":{"start":{"line":64,"column":4},"end":{"line":64,"column":93}},"type":"if","locations":[{"start":{"line":64,"column":4},"end":{"line":64,"column":93}},{"start":{},"end":{}}],"line":64},"4":{"loc":{"start":{"line":65,"column":4},"end":{"line":65,"column":84}},"type":"if","locations":[{"start":{"line":65,"column":4},"end":{"line":65,"column":84}},{"start":{},"end":{}}],"line":65},"5":{"loc":{"start":{"line":69,"column":2},"end":{"line":75,"column":3}},"type":"if","locations":[{"start":{"line":69,"column":2},"end":{"line":75,"column":3}},{"start":{},"end":{}}],"line":69},"6":{"loc":{"start":{"line":77,"column":2},"end":{"line":83,"column":3}},"type":"if","locations":[{"start":{"line":77,"column":2},"end":{"line":83,"column":3}},{"start":{},"end":{}}],"line":77},"7":{"loc":{"start":{"line":85,"column":2},"end":{"line":91,"column":3}},"type":"if","locations":[{"start":{"line":85,"column":2},"end":{"line":91,"column":3}},{"start":{},"end":{}}],"line":85},"8":{"loc":{"start":{"line":113,"column":27},"end":{"line":113,"column":83}},"type":"cond-expr","locations":[{"start":{"line":113,"column":41},"end":{"line":113,"column":73}},{"start":{"line":113,"column":76},"end":{"line":113,"column":83}}],"line":113},"9":{"loc":{"start":{"line":182,"column":47},"end":{"line":182,"column":96}},"type":"binary-expr","locations":[{"start":{"line":182,"column":47},"end":{"line":182,"column":91}},{"start":{"line":182,"column":95},"end":{"line":182,"column":96}}],"line":182},"10":{"loc":{"start":{"line":187,"column":19},"end":{"line":189,"column":26}},"type":"cond-expr","locations":[{"start":{"line":188,"column":20},"end":{"line":188,"column":78}},{"start":{"line":189,"column":20},"end":{"line":189,"column":26}}],"line":187},"11":{"loc":{"start":{"line":195,"column":32},"end":{"line":195,"column":66}},"type":"binary-expr","locations":[{"start":{"line":195,"column":32},"end":{"line":195,"column":60}},{"start":{"line":195,"column":64},"end":{"line":195,"column":66}}],"line":195},"12":{"loc":{"start":{"line":222,"column":25},"end":{"line":222,"column":95}},"type":"cond-expr","locations":[{"start":{"line":222,"column":42},"end":{"line":222,"column":83}},{"start":{"line":222,"column":86},"end":{"line":222,"column":95}}],"line":222},"13":{"loc":{"start":{"line":225,"column":25},"end":{"line":225,"column":73}},"type":"cond-expr","locations":[{"start":{"line":225,"column":36},"end":{"line":225,"column":61}},{"start":{"line":225,"column":64},"end":{"line":225,"column":73}}],"line":225},"14":{"loc":{"start":{"line":234,"column":23},"end":{"line":234,"column":46}},"type":"binary-expr","locations":[{"start":{"line":234,"column":23},"end":{"line":234,"column":33}},{"start":{"line":234,"column":37},"end":{"line":234,"column":46}}],"line":234}},"s":{"0":0,"1":0,"2":0,"3":0,"4":0,"5":0,"6":0,"7":0,"8":0,"9":0,"10":0,"11":0,"12":0,"13":0,"14":0,"15":0,"16":0,"17":0,"18":0,"19":0,"20":0,"21":0,"22":0,"23":0,"24":0,"25":0,"26":0,"27":0,"28":0,"29":0,"30":0,"31":0,"32":0,"33":0,"34":0,"35":0,"36":0,"37":0,"38":0,"39":0,"40":0,"41":0,"42":0,"43":0,"44":0,"45":0,"46":0,"47":0,"48":0,"49":0,"50":0,"51":0},"f":{"0":0,"1":0,"2":0,"3":0,"4":0,"5":0,"6":0,"7":0,"8":0,"9":0},"b":{"0":[0,0],"1":[0,0],"2":[0,0,0,0],"3":[0,0],"4":[0,0],"5":[0,0],"6":[0,0],"7":[0,0],"8":[0,0],"9":[0,0],"10":[0,0],"11":[0,0],"12":[0,0],"13":[0,0],"14":[0,0]}}
,"/Users/tim/Code/Personal/SportsEdge/dashboard/src/components/Dashboard.js": {"path":"/Users/tim/Code/Personal/SportsEdge/dashboard/src/components/Dashboard.js","statementMap":{"0":{"start":{"line":5,"column":18},"end":{"line":207,"column":1}},"1":{"start":{"line":6,"column":42},"end":{"line":6,"column":54}},"2":{"start":{"line":7,"column":40},"end":{"line":7,"column":52}},"3":{"start":{"line":8,"column":54},"end":{"line":8,"column":68}},"4":{"start":{"line":9,"column":32},"end":{"line":9,"column":46}},"5":{"start":{"line":10,"column":40},"end":{"line":10,"column":54}},"6":{"start":{"line":12,"column":28},"end":{"line":38,"column":3}},"7":{"start":{"line":13,"column":4},"end":{"line":37,"column":5}},"8":{"start":{"line":14,"column":6},"end":{"line":14,"column":23}},"9":{"start":{"line":17,"column":31},"end":{"line":17,"column":67}},"10":{"start":{"line":18,"column":6},"end":{"line":18,"column":73}},"11":{"start":{"line":21,"column":28},"end":{"line":21,"column":76}},"12":{"start":{"line":22,"column":6},"end":{"line":22,"column":53}},"13":{"start":{"line":25,"column":32},"end":{"line":25,"column":81}},"14":{"start":{"line":26,"column":6},"end":{"line":26,"column":52}},"15":{"start":{"line":28,"column":6},"end":{"line":28,"column":33}},"16":{"start":{"line":30,"column":6},"end":{"line":30,"column":61}},"17":{"start":{"line":32,"column":6},"end":{"line":32,"column":26}},"18":{"start":{"line":33,"column":6},"end":{"line":33,"column":25}},"19":{"start":{"line":34,"column":6},"end":{"line":34,"column":34}},"20":{"start":{"line":36,"column":6},"end":{"line":36,"column":24}},"21":{"start":{"line":40,"column":2},"end":{"line":46,"column":9}},"22":{"start":{"line":41,"column":4},"end":{"line":41,"column":24}},"23":{"start":{"line":44,"column":21},"end":{"line":44,"column":66}},"24":{"start":{"line":45,"column":4},"end":{"line":45,"column":41}},"25":{"start":{"line":45,"column":17},"end":{"line":45,"column":40}},"26":{"start":{"line":48,"column":19},"end":{"line":60,"column":3}},"27":{"start":{"line":49,"column":4},"end":{"line":59,"column":10}},"28":{"start":{"line":62,"column":2},"end":{"line":69,"column":3}},"29":{"start":{"line":63,"column":4},"end":{"line":68,"column":6}},"30":{"start":{"line":71,"column":2},"end":{"line":206,"column":4}},"31":{"start":{"line":125,"column":14},"end":{"line":143,"column":20}},"32":{"start":{"line":156,"column":14},"end":{"line":174,"column":20}}},"fnMap":{"0":{"name":"(anonymous_0)","decl":{"start":{"line":5,"column":18},"end":{"line":5,"column":19}},"loc":{"start":{"line":5,"column":24},"end":{"line":207,"column":1}},"line":5},"1":{"name":"(anonymous_1)","decl":{"start":{"line":12,"column":28},"end":{"line":12,"column":29}},"loc":{"start":{"line":12,"column":40},"end":{"line":38,"column":3}},"line":12},"2":{"name":"(anonymous_2)","decl":{"start":{"line":40,"column":12},"end":{"line":40,"column":13}},"loc":{"start":{"line":40,"column":18},"end":{"line":46,"column":3}},"line":40},"3":{"name":"(anonymous_3)","decl":{"start":{"line":45,"column":11},"end":{"line":45,"column":12}},"loc":{"start":{"line":45,"column":17},"end":{"line":45,"column":40}},"line":45},"4":{"name":"(anonymous_4)","decl":{"start":{"line":48,"column":19},"end":{"line":48,"column":20}},"loc":{"start":{"line":49,"column":4},"end":{"line":59,"column":10}},"line":49},"5":{"name":"(anonymous_5)","decl":{"start":{"line":124,"column":30},"end":{"line":124,"column":31}},"loc":{"start":{"line":125,"column":14},"end":{"line":143,"column":20}},"line":125},"6":{"name":"(anonymous_6)","decl":{"start":{"line":155,"column":29},"end":{"line":155,"column":30}},"loc":{"start":{"line":156,"column":14},"end":{"line":174,"column":20}},"line":156}},"branchMap":{"0":{"loc":{"start":{"line":18,"column":22},"end":{"line":18,"column":71}},"type":"binary-expr","locations":[{"start":{"line":18,"column":22},"end":{"line":18,"column":65}},{"start":{"line":18,"column":69},"end":{"line":18,"column":71}}],"line":18},"1":{"loc":{"start":{"line":22,"column":21},"end":{"line":22,"column":51}},"type":"binary-expr","locations":[{"start":{"line":22,"column":21},"end":{"line":22,"column":45}},{"start":{"line":22,"column":49},"end":{"line":22,"column":51}}],"line":22},"2":{"loc":{"start":{"line":48,"column":48},"end":{"line":48,"column":69}},"type":"default-arg","locations":[{"start":{"line":48,"column":56},"end":{"line":48,"column":69}}],"line":48},"3":{"loc":{"start":{"line":62,"column":2},"end":{"line":69,"column":3}},"type":"if","locations":[{"start":{"line":62,"column":2},"end":{"line":69,"column":3}},{"start":{},"end":{}}],"line":62},"4":{"loc":{"start":{"line":98,"column":17},"end":{"line":98,"column":73}},"type":"binary-expr","locations":[{"start":{"line":98,"column":17},"end":{"line":98,"column":64}},{"start":{"line":98,"column":68},"end":{"line":98,"column":73}}],"line":98},"5":{"loc":{"start":{"line":104,"column":17},"end":{"line":104,"column":131}},"type":"cond-expr","locations":[{"start":{"line":104,"column":64},"end":{"line":104,"column":123}},{"start":{"line":104,"column":126},"end":{"line":104,"column":131}}],"line":104},"6":{"loc":{"start":{"line":110,"column":17},"end":{"line":110,"column":139}},"type":"cond-expr","locations":[{"start":{"line":110,"column":71},"end":{"line":110,"column":131}},{"start":{"line":110,"column":134},"end":{"line":110,"column":139}}],"line":110},"7":{"loc":{"start":{"line":125,"column":24},"end":{"line":125,"column":52}},"type":"binary-expr","locations":[{"start":{"line":125,"column":24},"end":{"line":125,"column":33}},{"start":{"line":125,"column":37},"end":{"line":125,"column":52}}],"line":125},"8":{"loc":{"start":{"line":128,"column":21},"end":{"line":128,"column":43}},"type":"binary-expr","locations":[{"start":{"line":128,"column":21},"end":{"line":128,"column":30}},{"start":{"line":128,"column":34},"end":{"line":128,"column":43}}],"line":128},"9":{"loc":{"start":{"line":132,"column":86},"end":{"line":132,"column":136}},"type":"cond-expr","locations":[{"start":{"line":132,"column":101},"end":{"line":132,"column":132}},{"start":{"line":132,"column":135},"end":{"line":132,"column":136}}],"line":132},"10":{"loc":{"start":{"line":137,"column":21},"end":{"line":137,"column":37}},"type":"binary-expr","locations":[{"start":{"line":137,"column":21},"end":{"line":137,"column":32}},{"start":{"line":137,"column":36},"end":{"line":137,"column":37}}],"line":137},"11":{"loc":{"start":{"line":140,"column":21},"end":{"line":140,"column":47}},"type":"cond-expr","locations":[{"start":{"line":140,"column":39},"end":{"line":140,"column":42}},{"start":{"line":140,"column":45},"end":{"line":140,"column":47}}],"line":140},"12":{"loc":{"start":{"line":140,"column":49},"end":{"line":140,"column":65}},"type":"binary-expr","locations":[{"start":{"line":140,"column":49},"end":{"line":140,"column":60}},{"start":{"line":140,"column":64},"end":{"line":140,"column":65}}],"line":140},"13":{"loc":{"start":{"line":156,"column":24},"end":{"line":156,"column":55}},"type":"binary-expr","locations":[{"start":{"line":156,"column":24},"end":{"line":156,"column":36}},{"start":{"line":156,"column":40},"end":{"line":156,"column":55}}],"line":156},"14":{"loc":{"start":{"line":160,"column":58},"end":{"line":160,"column":94}},"type":"binary-expr","locations":[{"start":{"line":160,"column":58},"end":{"line":160,"column":74}},{"start":{"line":160,"column":78},"end":{"line":160,"column":94}}],"line":160},"15":{"loc":{"start":{"line":162,"column":23},"end":{"line":162,"column":111}},"type":"cond-expr","locations":[{"start":{"line":162,"column":58},"end":{"line":162,"column":98}},{"start":{"line":162,"column":101},"end":{"line":162,"column":111}}],"line":162},"16":{"loc":{"start":{"line":162,"column":23},"end":{"line":162,"column":55}},"type":"binary-expr","locations":[{"start":{"line":162,"column":23},"end":{"line":162,"column":37}},{"start":{"line":162,"column":41},"end":{"line":162,"column":55}}],"line":162},"17":{"loc":{"start":{"line":167,"column":23},"end":{"line":167,"column":66}},"type":"cond-expr","locations":[{"start":{"line":167,"column":39},"end":{"line":167,"column":54}},{"start":{"line":167,"column":57},"end":{"line":167,"column":66}}],"line":167},"18":{"loc":{"start":{"line":170,"column":44},"end":{"line":170,"column":68}},"type":"binary-expr","locations":[{"start":{"line":170,"column":44},"end":{"line":170,"column":55}},{"start":{"line":170,"column":59},"end":{"line":170,"column":68}}],"line":170},"19":{"loc":{"start":{"line":196,"column":15},"end":{"line":196,"column":69}},"type":"cond-expr","locations":[{"start":{"line":196,"column":29},"end":{"line":196,"column":61}},{"start":{"line":196,"column":64},"end":{"line":196,"column":69}}],"line":196}},"s":{"0":0,"1":0,"2":0,"3":0,"4":0,"5":0,"6":0,"7":0,"8":0,"9":0,"10":0,"11":0,"12":0,"13":0,"14":0,"15":0,"16":0,"17":0,"18":0,"19":0,"20":0,"21":0,"22":0,"23":0,"24":0,"25":0,"26":0,"27":0,"28":0,"29":0,"30":0,"31":0,"32":0},"f":{"0":0,"1":0,"2":0,"3":0,"4":0,"5":0,"6":0},"b":{"0":[0,0],"1":[0,0],"2":[0],"3":[0,0],"4":[0,0],"5":[0,0],"6":[0,0],"7":[0,0],"8":[0,0],"9":[0,0],"10":[0,0],"11":[0,0],"12":[0,0],"13":[0,0],"14":[0,0],"15":[0,0],"16":[0,0],"17":[0,0],"18":[0,0],"19":[0,0]}}
,"/Users/tim/Code/Personal/SportsEdge/dashboard/src/components/ELOVisualizations.js": {"path":"/Users/tim/Code/Personal/SportsEdge/dashboard/src/components/ELOVisualizations.js","statementMap":{"0":{"start":{"line":30,"column":26},"end":{"line":632,"column":1}},"1":{"start":{"line":31,"column":32},"end":{"line":31,"column":46}},"2":{"start":{"line":32,"column":28},"end":{"line":32,"column":42}},"3":{"start":{"line":33,"column":46},"end":{"line":33,"column":60}},"4":{"start":{"line":34,"column":44},"end":{"line":34,"column":82}},"5":{"start":{"line":35,"column":50},"end":{"line":35,"column":62}},"6":{"start":{"line":36,"column":46},"end":{"line":36,"column":58}},"7":{"start":{"line":37,"column":38},"end":{"line":37,"column":50}},"8":{"start":{"line":38,"column":38},"end":{"line":38,"column":50}},"9":{"start":{"line":39,"column":54},"end":{"line":39,"column":66}},"10":{"start":{"line":40,"column":44},"end":{"line":40,"column":56}},"11":{"start":{"line":41,"column":34},"end":{"line":41,"column":46}},"12":{"start":{"line":42,"column":44},"end":{"line":42,"column":59}},"13":{"start":{"line":44,"column":2},"end":{"line":46,"column":9}},"14":{"start":{"line":45,"column":4},"end":{"line":45,"column":22}},"15":{"start":{"line":48,"column":2},"end":{"line":52,"column":38}},"16":{"start":{"line":49,"column":4},"end":{"line":51,"column":5}},"17":{"start":{"line":50,"column":6},"end":{"line":50,"column":30}},"18":{"start":{"line":54,"column":26},"end":{"line":73,"column":3}},"19":{"start":{"line":55,"column":4},"end":{"line":72,"column":5}},"20":{"start":{"line":56,"column":6},"end":{"line":56,"column":23}},"21":{"start":{"line":59,"column":30},"end":{"line":59,"column":62}},"22":{"start":{"line":60,"column":6},"end":{"line":60,"column":96}},"23":{"start":{"line":63,"column":28},"end":{"line":63,"column":74}},"24":{"start":{"line":64,"column":20},"end":{"line":64,"column":76}},"25":{"start":{"line":64,"column":60},"end":{"line":64,"column":69}},"26":{"start":{"line":65,"column":6},"end":{"line":65,"column":31}},"27":{"start":{"line":68,"column":6},"end":{"line":68,"column":56}},"28":{"start":{"line":69,"column":6},"end":{"line":69,"column":46}},"29":{"start":{"line":71,"column":6},"end":{"line":71,"column":24}},"30":{"start":{"line":75,"column":32},"end":{"line":107,"column":3}},"31":{"start":{"line":76,"column":4},"end":{"line":106,"column":5}},"32":{"start":{"line":77,"column":6},"end":{"line":77,"column":23}},"33":{"start":{"line":80,"column":30},"end":{"line":82,"column":7}},"34":{"start":{"line":81,"column":8},"end":{"line":81,"column":60}},"35":{"start":{"line":83,"column":31},"end":{"line":83,"column":65}},"36":{"start":{"line":86,"column":31},"end":{"line":86,"column":66}},"37":{"start":{"line":87,"column":6},"end":{"line":87,"column":38}},"38":{"start":{"line":90,"column":25},"end":{"line":90,"column":47}},"39":{"start":{"line":91,"column":6},"end":{"line":91,"column":32}},"40":{"start":{"line":94,"column":31},"end":{"line":94,"column":61}},"41":{"start":{"line":95,"column":6},"end":{"line":95,"column":46}},"42":{"start":{"line":98,"column":26},"end":{"line":98,"column":51}},"43":{"start":{"line":99,"column":6},"end":{"line":99,"column":36}},"44":{"start":{"line":102,"column":6},"end":{"line":102,"column":62}},"45":{"start":{"line":103,"column":6},"end":{"line":103,"column":52}},"46":{"start":{"line":105,"column":6},"end":{"line":105,"column":24}},"47":{"start":{"line":109,"column":28},"end":{"line":168,"column":3}},"48":{"start":{"line":110,"column":24},"end":{"line":110,"column":26}},"49":{"start":{"line":111,"column":21},"end":{"line":111,"column":23}},"50":{"start":{"line":114,"column":21},"end":{"line":114,"column":23}},"51":{"start":{"line":115,"column":4},"end":{"line":123,"column":7}},"52":{"start":{"line":116,"column":19},"end":{"line":116,"column":39}},"53":{"start":{"line":117,"column":19},"end":{"line":117,"column":51}},"54":{"start":{"line":118,"column":6},"end":{"line":122,"column":8}},"55":{"start":{"line":125,"column":4},"end":{"line":165,"column":5}},"56":{"start":{"line":125,"column":20},"end":{"line":125,"column":21}},"57":{"start":{"line":126,"column":23},"end":{"line":126,"column":47}},"58":{"start":{"line":128,"column":6},"end":{"line":162,"column":9}},"59":{"start":{"line":129,"column":55},"end":{"line":129,"column":69}},"60":{"start":{"line":131,"column":8},"end":{"line":161,"column":9}},"61":{"start":{"line":133,"column":10},"end":{"line":143,"column":11}},"62":{"start":{"line":135,"column":12},"end":{"line":135,"column":64}},"63":{"start":{"line":136,"column":17},"end":{"line":143,"column":11}},"64":{"start":{"line":138,"column":12},"end":{"line":138,"column":55}},"65":{"start":{"line":141,"column":36},"end":{"line":141,"column":73}},"66":{"start":{"line":142,"column":12},"end":{"line":142,"column":57}},"67":{"start":{"line":146,"column":10},"end":{"line":160,"column":11}},"68":{"start":{"line":148,"column":31},"end":{"line":148,"column":35}},"69":{"start":{"line":149,"column":33},"end":{"line":149,"column":66}},"70":{"start":{"line":150,"column":36},"end":{"line":150,"column":70}},"71":{"start":{"line":151,"column":12},"end":{"line":151,"column":57}},"72":{"start":{"line":154,"column":31},"end":{"line":154,"column":35}},"73":{"start":{"line":155,"column":36},"end":{"line":155,"column":64}},"74":{"start":{"line":156,"column":34},"end":{"line":156,"column":63}},"75":{"start":{"line":157,"column":36},"end":{"line":157,"column":61}},"76":{"start":{"line":158,"column":36},"end":{"line":158,"column":98}},"77":{"start":{"line":159,"column":12},"end":{"line":159,"column":57}},"78":{"start":{"line":164,"column":6},"end":{"line":164,"column":33}},"79":{"start":{"line":167,"column":4},"end":{"line":167,"column":23}},"80":{"start":{"line":170,"column":24},"end":{"line":172,"column":3}},"81":{"start":{"line":171,"column":4},"end":{"line":171,"column":39}},"82":{"start":{"line":174,"column":29},"end":{"line":176,"column":3}},"83":{"start":{"line":175,"column":4},"end":{"line":175,"column":38}},"84":{"start":{"line":178,"column":25},"end":{"line":230,"column":3}},"85":{"start":{"line":179,"column":4},"end":{"line":229,"column":5}},"86":{"start":{"line":181,"column":30},"end":{"line":181,"column":76}},"87":{"start":{"line":182,"column":22},"end":{"line":182,"column":56}},"88":{"start":{"line":184,"column":21},"end":{"line":223,"column":8}},"89":{"start":{"line":185,"column":31},"end":{"line":185,"column":65}},"90":{"start":{"line":185,"column":49},"end":{"line":185,"column":64}},"91":{"start":{"line":186,"column":8},"end":{"line":188,"column":9}},"92":{"start":{"line":187,"column":10},"end":{"line":187,"column":64}},"93":{"start":{"line":190,"column":23},"end":{"line":190,"column":49}},"94":{"start":{"line":191,"column":22},"end":{"line":191,"column":79}},"95":{"start":{"line":194,"column":26},"end":{"line":194,"column":32}},"96":{"start":{"line":195,"column":25},"end":{"line":195,"column":30}},"97":{"start":{"line":197,"column":8},"end":{"line":201,"column":9}},"98":{"start":{"line":199,"column":10},"end":{"line":199,"column":58}},"99":{"start":{"line":200,"column":10},"end":{"line":200,"column":51}},"100":{"start":{"line":203,"column":20},"end":{"line":203,"column":28}},"101":{"start":{"line":204,"column":8},"end":{"line":205,"column":49}},"102":{"start":{"line":204,"column":29},"end":{"line":204,"column":42}},"103":{"start":{"line":205,"column":13},"end":{"line":205,"column":49}},"104":{"start":{"line":205,"column":34},"end":{"line":205,"column":49}},"105":{"start":{"line":208,"column":8},"end":{"line":215,"column":12}},"106":{"start":{"line":208,"column":29},"end":{"line":215,"column":9}},"107":{"start":{"line":217,"column":8},"end":{"line":222,"column":10}},"108":{"start":{"line":225,"column":6},"end":{"line":225,"column":20}},"109":{"start":{"line":227,"column":6},"end":{"line":227,"column":55}},"110":{"start":{"line":228,"column":6},"end":{"line":228,"column":89}},"111":{"start":{"line":228,"column":40},"end":{"line":228,"column":86}},"112":{"start":{"line":232,"column":33},"end":{"line":266,"column":3}},"113":{"start":{"line":233,"column":4},"end":{"line":265,"column":5}},"114":{"start":{"line":235,"column":30},"end":{"line":235,"column":76}},"115":{"start":{"line":236,"column":22},"end":{"line":236,"column":56}},"116":{"start":{"line":239,"column":21},"end":{"line":246,"column":7}},"117":{"start":{"line":248,"column":6},"end":{"line":254,"column":9}},"118":{"start":{"line":249,"column":23},"end":{"line":249,"column":42}},"119":{"start":{"line":250,"column":22},"end":{"line":250,"column":74}},"120":{"start":{"line":250,"column":39},"end":{"line":250,"column":73}},"121":{"start":{"line":251,"column":8},"end":{"line":253,"column":9}},"122":{"start":{"line":252,"column":10},"end":{"line":252,"column":24}},"123":{"start":{"line":256,"column":20},"end":{"line":256,"column":34}},"124":{"start":{"line":257,"column":6},"end":{"line":260,"column":43}},"125":{"start":{"line":257,"column":34},"end":{"line":260,"column":7}},"126":{"start":{"line":260,"column":26},"end":{"line":260,"column":41}},"127":{"start":{"line":263,"column":6},"end":{"line":263,"column":63}},"128":{"start":{"line":264,"column":6},"end":{"line":264,"column":16}},"129":{"start":{"line":268,"column":28},"end":{"line":321,"column":3}},"130":{"start":{"line":269,"column":4},"end":{"line":320,"column":5}},"131":{"start":{"line":271,"column":30},"end":{"line":271,"column":76}},"132":{"start":{"line":272,"column":22},"end":{"line":272,"column":56}},"133":{"start":{"line":274,"column":6},"end":{"line":315,"column":7}},"134":{"start":{"line":276,"column":24},"end":{"line":276,"column":92}},"135":{"start":{"line":276,"column":44},"end":{"line":276,"column":60}},"136":{"start":{"line":276,"column":79},"end":{"line":276,"column":91}},"137":{"start":{"line":278,"column":8},"end":{"line":282,"column":9}},"138":{"start":{"line":279,"column":10},"end":{"line":281,"column":12}},"139":{"start":{"line":284,"column":26},"end":{"line":284,"column":91}},"140":{"start":{"line":284,"column":58},"end":{"line":284,"column":70}},"141":{"start":{"line":285,"column":26},"end":{"line":285,"column":46}},"142":{"start":{"line":286,"column":26},"end":{"line":286,"column":46}},"143":{"start":{"line":288,"column":8},"end":{"line":296,"column":10}},"144":{"start":{"line":299,"column":27},"end":{"line":299,"column":29}},"145":{"start":{"line":300,"column":8},"end":{"line":313,"column":9}},"146":{"start":{"line":300,"column":24},"end":{"line":300,"column":25}},"147":{"start":{"line":301,"column":28},"end":{"line":301,"column":54}},"148":{"start":{"line":302,"column":28},"end":{"line":302,"column":58}},"149":{"start":{"line":303,"column":28},"end":{"line":303,"column":58}},"150":{"start":{"line":304,"column":30},"end":{"line":304,"column":64}},"151":{"start":{"line":306,"column":10},"end":{"line":312,"column":13}},"152":{"start":{"line":314,"column":8},"end":{"line":314,"column":26}},"153":{"start":{"line":318,"column":6},"end":{"line":318,"column":58}},"154":{"start":{"line":319,"column":6},"end":{"line":319,"column":16}},"155":{"start":{"line":323,"column":30},"end":{"line":329,"column":3}},"156":{"start":{"line":324,"column":4},"end":{"line":328,"column":5}},"157":{"start":{"line":325,"column":6},"end":{"line":325,"column":62}},"158":{"start":{"line":325,"column":49},"end":{"line":325,"column":59}},"159":{"start":{"line":326,"column":11},"end":{"line":328,"column":5}},"160":{"start":{"line":327,"column":6},"end":{"line":327,"column":49}},"161":{"start":{"line":331,"column":31},"end":{"line":349,"column":3}},"162":{"start":{"line":332,"column":4},"end":{"line":348,"column":5}},"163":{"start":{"line":333,"column":6},"end":{"line":333,"column":29}},"164":{"start":{"line":334,"column":23},"end":{"line":334,"column":63}},"165":{"start":{"line":336,"column":6},"end":{"line":342,"column":7}},"166":{"start":{"line":338,"column":8},"end":{"line":338,"column":38}},"167":{"start":{"line":339,"column":8},"end":{"line":339,"column":56}},"168":{"start":{"line":341,"column":8},"end":{"line":341,"column":68}},"169":{"start":{"line":344,"column":6},"end":{"line":344,"column":61}},"170":{"start":{"line":345,"column":6},"end":{"line":345,"column":68}},"171":{"start":{"line":347,"column":6},"end":{"line":347,"column":30}},"172":{"start":{"line":351,"column":23},"end":{"line":363,"column":3}},"173":{"start":{"line":352,"column":19},"end":{"line":361,"column":5}},"174":{"start":{"line":362,"column":4},"end":{"line":362,"column":37}},"175":{"start":{"line":365,"column":2},"end":{"line":371,"column":3}},"176":{"start":{"line":366,"column":4},"end":{"line":370,"column":6}},"177":{"start":{"line":373,"column":2},"end":{"line":385,"column":3}},"178":{"start":{"line":374,"column":4},"end":{"line":384,"column":6}},"179":{"start":{"line":387,"column":2},"end":{"line":631,"column":4}},"180":{"start":{"line":412,"column":31},"end":{"line":412,"column":74}},"181":{"start":{"line":416,"column":16},"end":{"line":416,"column":69}},"182":{"start":{"line":439,"column":12},"end":{"line":449,"column":21}},"183":{"start":{"line":441,"column":29},"end":{"line":441,"column":54}},"184":{"start":{"line":470,"column":44},"end":{"line":470,"column":57}},"185":{"start":{"line":471,"column":43},"end":{"line":471,"column":59}},"186":{"start":{"line":475,"column":16},"end":{"line":483,"column":18}},"187":{"start":{"line":500,"column":14},"end":{"line":523,"column":20}},"188":{"start":{"line":541,"column":46},"end":{"line":541,"column":96}},"189":{"start":{"line":598,"column":46},"end":{"line":598,"column":59}},"190":{"start":{"line":599,"column":45},"end":{"line":599,"column":61}}},"fnMap":{"0":{"name":"(anonymous_0)","decl":{"start":{"line":30,"column":26},"end":{"line":30,"column":27}},"loc":{"start":{"line":30,"column":32},"end":{"line":632,"column":1}},"line":30},"1":{"name":"(anonymous_1)","decl":{"start":{"line":44,"column":12},"end":{"line":44,"column":13}},"loc":{"start":{"line":44,"column":18},"end":{"line":46,"column":3}},"line":44},"2":{"name":"(anonymous_2)","decl":{"start":{"line":48,"column":12},"end":{"line":48,"column":13}},"loc":{"start":{"line":48,"column":18},"end":{"line":52,"column":3}},"line":48},"3":{"name":"(anonymous_3)","decl":{"start":{"line":54,"column":26},"end":{"line":54,"column":27}},"loc":{"start":{"line":54,"column":38},"end":{"line":73,"column":3}},"line":54},"4":{"name":"(anonymous_4)","decl":{"start":{"line":64,"column":52},"end":{"line":64,"column":53}},"loc":{"start":{"line":64,"column":60},"end":{"line":64,"column":69}},"line":64},"5":{"name":"(anonymous_5)","decl":{"start":{"line":75,"column":32},"end":{"line":75,"column":33}},"loc":{"start":{"line":75,"column":44},"end":{"line":107,"column":3}},"line":75},"6":{"name":"(anonymous_6)","decl":{"start":{"line":80,"column":48},"end":{"line":80,"column":49}},"loc":{"start":{"line":81,"column":8},"end":{"line":81,"column":60}},"line":81},"7":{"name":"(anonymous_7)","decl":{"start":{"line":109,"column":28},"end":{"line":109,"column":29}},"loc":{"start":{"line":109,"column":43},"end":{"line":168,"column":3}},"line":109},"8":{"name":"(anonymous_8)","decl":{"start":{"line":115,"column":22},"end":{"line":115,"column":23}},"loc":{"start":{"line":115,"column":43},"end":{"line":123,"column":5}},"line":115},"9":{"name":"(anonymous_9)","decl":{"start":{"line":128,"column":28},"end":{"line":128,"column":29}},"loc":{"start":{"line":128,"column":36},"end":{"line":162,"column":7}},"line":128},"10":{"name":"(anonymous_10)","decl":{"start":{"line":170,"column":24},"end":{"line":170,"column":25}},"loc":{"start":{"line":170,"column":34},"end":{"line":172,"column":3}},"line":170},"11":{"name":"(anonymous_11)","decl":{"start":{"line":174,"column":29},"end":{"line":174,"column":30}},"loc":{"start":{"line":174,"column":39},"end":{"line":176,"column":3}},"line":174},"12":{"name":"(anonymous_12)","decl":{"start":{"line":178,"column":25},"end":{"line":178,"column":26}},"loc":{"start":{"line":178,"column":37},"end":{"line":230,"column":3}},"line":178},"13":{"name":"(anonymous_13)","decl":{"start":{"line":184,"column":39},"end":{"line":184,"column":40}},"loc":{"start":{"line":184,"column":47},"end":{"line":223,"column":7}},"line":184},"14":{"name":"(anonymous_14)","decl":{"start":{"line":185,"column":44},"end":{"line":185,"column":45}},"loc":{"start":{"line":185,"column":49},"end":{"line":185,"column":64}},"line":185},"15":{"name":"(anonymous_15)","decl":{"start":{"line":208,"column":20},"end":{"line":208,"column":21}},"loc":{"start":{"line":208,"column":29},"end":{"line":215,"column":9}},"line":208},"16":{"name":"(anonymous_16)","decl":{"start":{"line":228,"column":31},"end":{"line":228,"column":32}},"loc":{"start":{"line":228,"column":40},"end":{"line":228,"column":86}},"line":228},"17":{"name":"(anonymous_17)","decl":{"start":{"line":232,"column":33},"end":{"line":232,"column":34}},"loc":{"start":{"line":232,"column":45},"end":{"line":266,"column":3}},"line":232},"18":{"name":"(anonymous_18)","decl":{"start":{"line":248,"column":22},"end":{"line":248,"column":23}},"loc":{"start":{"line":248,"column":30},"end":{"line":254,"column":7}},"line":248},"19":{"name":"(anonymous_19)","decl":{"start":{"line":250,"column":34},"end":{"line":250,"column":35}},"loc":{"start":{"line":250,"column":39},"end":{"line":250,"column":73}},"line":250},"20":{"name":"(anonymous_20)","decl":{"start":{"line":257,"column":24},"end":{"line":257,"column":25}},"loc":{"start":{"line":257,"column":34},"end":{"line":260,"column":7}},"line":257},"21":{"name":"(anonymous_21)","decl":{"start":{"line":260,"column":17},"end":{"line":260,"column":18}},"loc":{"start":{"line":260,"column":26},"end":{"line":260,"column":41}},"line":260},"22":{"name":"(anonymous_22)","decl":{"start":{"line":268,"column":28},"end":{"line":268,"column":29}},"loc":{"start":{"line":268,"column":40},"end":{"line":321,"column":3}},"line":268},"23":{"name":"(anonymous_23)","decl":{"start":{"line":276,"column":36},"end":{"line":276,"column":37}},"loc":{"start":{"line":276,"column":44},"end":{"line":276,"column":60}},"line":276},"24":{"name":"(anonymous_24)","decl":{"start":{"line":276,"column":69},"end":{"line":276,"column":70}},"loc":{"start":{"line":276,"column":79},"end":{"line":276,"column":91}},"line":276},"25":{"name":"(anonymous_25)","decl":{"start":{"line":284,"column":41},"end":{"line":284,"column":42}},"loc":{"start":{"line":284,"column":58},"end":{"line":284,"column":70}},"line":284},"26":{"name":"(anonymous_26)","decl":{"start":{"line":323,"column":30},"end":{"line":323,"column":31}},"loc":{"start":{"line":323,"column":40},"end":{"line":329,"column":3}},"line":323},"27":{"name":"(anonymous_27)","decl":{"start":{"line":325,"column":44},"end":{"line":325,"column":45}},"loc":{"start":{"line":325,"column":49},"end":{"line":325,"column":59}},"line":325},"28":{"name":"(anonymous_28)","decl":{"start":{"line":331,"column":31},"end":{"line":331,"column":32}},"loc":{"start":{"line":331,"column":43},"end":{"line":349,"column":3}},"line":331},"29":{"name":"(anonymous_29)","decl":{"start":{"line":351,"column":23},"end":{"line":351,"column":24}},"loc":{"start":{"line":351,"column":33},"end":{"line":363,"column":3}},"line":351},"30":{"name":"(anonymous_30)","decl":{"start":{"line":412,"column":24},"end":{"line":412,"column":25}},"loc":{"start":{"line":412,"column":31},"end":{"line":412,"column":74}},"line":412},"31":{"name":"(anonymous_31)","decl":{"start":{"line":415,"column":36},"end":{"line":415,"column":37}},"loc":{"start":{"line":416,"column":16},"end":{"line":416,"column":69}},"line":416},"32":{"name":"(anonymous_32)","decl":{"start":{"line":438,"column":30},"end":{"line":438,"column":31}},"loc":{"start":{"line":439,"column":12},"end":{"line":449,"column":21}},"line":439},"33":{"name":"(anonymous_33)","decl":{"start":{"line":441,"column":23},"end":{"line":441,"column":24}},"loc":{"start":{"line":441,"column":29},"end":{"line":441,"column":54}},"line":441},"34":{"name":"(anonymous_34)","decl":{"start":{"line":470,"column":27},"end":{"line":470,"column":28}},"loc":{"start":{"line":470,"column":44},"end":{"line":470,"column":57}},"line":470},"35":{"name":"(anonymous_35)","decl":{"start":{"line":471,"column":32},"end":{"line":471,"column":33}},"loc":{"start":{"line":471,"column":43},"end":{"line":471,"column":59}},"line":471},"36":{"name":"(anonymous_36)","decl":{"start":{"line":474,"column":33},"end":{"line":474,"column":34}},"loc":{"start":{"line":475,"column":16},"end":{"line":483,"column":18}},"line":475},"37":{"name":"(anonymous_37)","decl":{"start":{"line":499,"column":28},"end":{"line":499,"column":29}},"loc":{"start":{"line":500,"column":14},"end":{"line":523,"column":20}},"line":500},"38":{"name":"(anonymous_38)","decl":{"start":{"line":541,"column":29},"end":{"line":541,"column":30}},"loc":{"start":{"line":541,"column":46},"end":{"line":541,"column":96}},"line":541},"39":{"name":"(anonymous_39)","decl":{"start":{"line":598,"column":29},"end":{"line":598,"column":30}},"loc":{"start":{"line":598,"column":46},"end":{"line":598,"column":59}},"line":598},"40":{"name":"(anonymous_40)","decl":{"start":{"line":599,"column":34},"end":{"line":599,"column":35}},"loc":{"start":{"line":599,"column":45},"end":{"line":599,"column":61}},"line":599}},"branchMap":{"0":{"loc":{"start":{"line":49,"column":4},"end":{"line":51,"column":5}},"type":"if","locations":[{"start":{"line":49,"column":4},"end":{"line":51,"column":5}},{"start":{},"end":{}}],"line":49},"1":{"loc":{"start":{"line":60,"column":26},"end":{"line":60,"column":94}},"type":"binary-expr","locations":[{"start":{"line":60,"column":26},"end":{"line":60,"column":54}},{"start":{"line":60,"column":58},"end":{"line":60,"column":94}}],"line":60},"2":{"loc":{"start":{"line":64,"column":20},"end":{"line":64,"column":76}},"type":"binary-expr","locations":[{"start":{"line":64,"column":20},"end":{"line":64,"column":70}},{"start":{"line":64,"column":74},"end":{"line":64,"column":76}}],"line":64},"3":{"loc":{"start":{"line":117,"column":19},"end":{"line":117,"column":51}},"type":"binary-expr","locations":[{"start":{"line":117,"column":19},"end":{"line":117,"column":45}},{"start":{"line":117,"column":49},"end":{"line":117,"column":51}}],"line":117},"4":{"loc":{"start":{"line":119,"column":23},"end":{"line":119,"column":42}},"type":"binary-expr","locations":[{"start":{"line":119,"column":23},"end":{"line":119,"column":34}},{"start":{"line":119,"column":38},"end":{"line":119,"column":42}}],"line":119},"5":{"loc":{"start":{"line":131,"column":8},"end":{"line":161,"column":9}},"type":"if","locations":[{"start":{"line":131,"column":8},"end":{"line":161,"column":9}},{"start":{"line":144,"column":15},"end":{"line":161,"column":9}}],"line":131},"6":{"loc":{"start":{"line":133,"column":10},"end":{"line":143,"column":11}},"type":"if","locations":[{"start":{"line":133,"column":10},"end":{"line":143,"column":11}},{"start":{"line":136,"column":17},"end":{"line":143,"column":11}}],"line":133},"7":{"loc":{"start":{"line":136,"column":17},"end":{"line":143,"column":11}},"type":"if","locations":[{"start":{"line":136,"column":17},"end":{"line":143,"column":11}},{"start":{"line":139,"column":17},"end":{"line":143,"column":11}}],"line":136},"8":{"loc":{"start":{"line":136,"column":21},"end":{"line":136,"column":50}},"type":"binary-expr","locations":[{"start":{"line":136,"column":21},"end":{"line":136,"column":31}},{"start":{"line":136,"column":35},"end":{"line":136,"column":50}}],"line":136},"9":{"loc":{"start":{"line":146,"column":10},"end":{"line":160,"column":11}},"type":"if","locations":[{"start":{"line":146,"column":10},"end":{"line":160,"column":11}},{"start":{"line":152,"column":17},"end":{"line":160,"column":11}}],"line":146},"10":{"loc":{"start":{"line":171,"column":11},"end":{"line":171,"column":38}},"type":"binary-expr","locations":[{"start":{"line":171,"column":11},"end":{"line":171,"column":33}},{"start":{"line":171,"column":37},"end":{"line":171,"column":38}}],"line":171},"11":{"loc":{"start":{"line":175,"column":11},"end":{"line":175,"column":37}},"type":"binary-expr","locations":[{"start":{"line":175,"column":11},"end":{"line":175,"column":32}},{"start":{"line":175,"column":36},"end":{"line":175,"column":37}}],"line":175},"12":{"loc":{"start":{"line":182,"column":22},"end":{"line":182,"column":56}},"type":"binary-expr","locations":[{"start":{"line":182,"column":22},"end":{"line":182,"column":50}},{"start":{"line":182,"column":54},"end":{"line":182,"column":56}}],"line":182},"13":{"loc":{"start":{"line":186,"column":8},"end":{"line":188,"column":9}},"type":"if","locations":[{"start":{"line":186,"column":8},"end":{"line":188,"column":9}},{"start":{},"end":{}}],"line":186},"14":{"loc":{"start":{"line":190,"column":23},"end":{"line":190,"column":49}},"type":"binary-expr","locations":[{"start":{"line":190,"column":23},"end":{"line":190,"column":44}},{"start":{"line":190,"column":48},"end":{"line":190,"column":49}}],"line":190},"15":{"loc":{"start":{"line":191,"column":23},"end":{"line":191,"column":47}},"type":"binary-expr","locations":[{"start":{"line":191,"column":23},"end":{"line":191,"column":42}},{"start":{"line":191,"column":46},"end":{"line":191,"column":47}}],"line":191},"16":{"loc":{"start":{"line":191,"column":52},"end":{"line":191,"column":78}},"type":"binary-expr","locations":[{"start":{"line":191,"column":52},"end":{"line":191,"column":73}},{"start":{"line":191,"column":77},"end":{"line":191,"column":78}}],"line":191},"17":{"loc":{"start":{"line":197,"column":8},"end":{"line":201,"column":9}},"type":"if","locations":[{"start":{"line":197,"column":8},"end":{"line":201,"column":9}},{"start":{},"end":{}}],"line":197},"18":{"loc":{"start":{"line":197,"column":12},"end":{"line":197,"column":66}},"type":"binary-expr","locations":[{"start":{"line":197,"column":12},"end":{"line":197,"column":35}},{"start":{"line":197,"column":39},"end":{"line":197,"column":50}},{"start":{"line":197,"column":54},"end":{"line":197,"column":66}}],"line":197},"19":{"loc":{"start":{"line":204,"column":8},"end":{"line":205,"column":49}},"type":"if","locations":[{"start":{"line":204,"column":8},"end":{"line":205,"column":49}},{"start":{"line":205,"column":13},"end":{"line":205,"column":49}}],"line":204},"20":{"loc":{"start":{"line":205,"column":13},"end":{"line":205,"column":49}},"type":"if","locations":[{"start":{"line":205,"column":13},"end":{"line":205,"column":49}},{"start":{},"end":{}}],"line":205},"21":{"loc":{"start":{"line":213,"column":20},"end":{"line":213,"column":49}},"type":"binary-expr","locations":[{"start":{"line":213,"column":20},"end":{"line":213,"column":41}},{"start":{"line":213,"column":45},"end":{"line":213,"column":49}}],"line":213},"22":{"loc":{"start":{"line":236,"column":22},"end":{"line":236,"column":56}},"type":"binary-expr","locations":[{"start":{"line":236,"column":22},"end":{"line":236,"column":50}},{"start":{"line":236,"column":54},"end":{"line":236,"column":56}}],"line":236},"23":{"loc":{"start":{"line":249,"column":23},"end":{"line":249,"column":42}},"type":"binary-expr","locations":[{"start":{"line":249,"column":23},"end":{"line":249,"column":34}},{"start":{"line":249,"column":38},"end":{"line":249,"column":42}}],"line":249},"24":{"loc":{"start":{"line":250,"column":39},"end":{"line":250,"column":73}},"type":"binary-expr","locations":[{"start":{"line":250,"column":39},"end":{"line":250,"column":54}},{"start":{"line":250,"column":58},"end":{"line":250,"column":73}}],"line":250},"25":{"loc":{"start":{"line":251,"column":8},"end":{"line":253,"column":9}},"type":"if","locations":[{"start":{"line":251,"column":8},"end":{"line":253,"column":9}},{"start":{},"end":{}}],"line":251},"26":{"loc":{"start":{"line":259,"column":20},"end":{"line":259,"column":85}},"type":"cond-expr","locations":[{"start":{"line":259,"column":32},"end":{"line":259,"column":81}},{"start":{"line":259,"column":84},"end":{"line":259,"column":85}}],"line":259},"27":{"loc":{"start":{"line":272,"column":22},"end":{"line":272,"column":56}},"type":"binary-expr","locations":[{"start":{"line":272,"column":22},"end":{"line":272,"column":50}},{"start":{"line":272,"column":54},"end":{"line":272,"column":56}}],"line":272},"28":{"loc":{"start":{"line":274,"column":6},"end":{"line":315,"column":7}},"type":"if","locations":[{"start":{"line":274,"column":6},"end":{"line":315,"column":7}},{"start":{"line":297,"column":13},"end":{"line":315,"column":7}}],"line":274},"29":{"loc":{"start":{"line":276,"column":44},"end":{"line":276,"column":60}},"type":"binary-expr","locations":[{"start":{"line":276,"column":44},"end":{"line":276,"column":55}},{"start":{"line":276,"column":59},"end":{"line":276,"column":60}}],"line":276},"30":{"loc":{"start":{"line":278,"column":8},"end":{"line":282,"column":9}},"type":"if","locations":[{"start":{"line":278,"column":8},"end":{"line":282,"column":9}},{"start":{},"end":{}}],"line":278},"31":{"loc":{"start":{"line":324,"column":4},"end":{"line":328,"column":5}},"type":"if","locations":[{"start":{"line":324,"column":4},"end":{"line":328,"column":5}},{"start":{"line":326,"column":11},"end":{"line":328,"column":5}}],"line":324},"32":{"loc":{"start":{"line":326,"column":11},"end":{"line":328,"column":5}},"type":"if","locations":[{"start":{"line":326,"column":11},"end":{"line":328,"column":5}},{"start":{},"end":{}}],"line":326},"33":{"loc":{"start":{"line":336,"column":6},"end":{"line":342,"column":7}},"type":"if","locations":[{"start":{"line":336,"column":6},"end":{"line":342,"column":7}},{"start":{"line":340,"column":13},"end":{"line":342,"column":7}}],"line":336},"34":{"loc":{"start":{"line":362,"column":11},"end":{"line":362,"column":36}},"type":"binary-expr","locations":[{"start":{"line":362,"column":11},"end":{"line":362,"column":23}},{"start":{"line":362,"column":27},"end":{"line":362,"column":36}}],"line":362},"35":{"loc":{"start":{"line":365,"column":2},"end":{"line":371,"column":3}},"type":"if","locations":[{"start":{"line":365,"column":2},"end":{"line":371,"column":3}},{"start":{},"end":{}}],"line":365},"36":{"loc":{"start":{"line":373,"column":2},"end":{"line":385,"column":3}},"type":"if","locations":[{"start":{"line":373,"column":2},"end":{"line":385,"column":3}},{"start":{},"end":{}}],"line":373},"37":{"loc":{"start":{"line":394,"column":11},"end":{"line":401,"column":11}},"type":"binary-expr","locations":[{"start":{"line":394,"column":11},"end":{"line":394,"column":34}},{"start":{"line":395,"column":12},"end":{"line":400,"column":18}}],"line":394},"38":{"loc":{"start":{"line":427,"column":52},"end":{"line":427,"column":87}},"type":"cond-expr","locations":[{"start":{"line":427,"column":68},"end":{"line":427,"column":82}},{"start":{"line":427,"column":85},"end":{"line":427,"column":87}}],"line":427},"39":{"loc":{"start":{"line":428,"column":15},"end":{"line":428,"column":69}},"type":"cond-expr","locations":[{"start":{"line":428,"column":31},"end":{"line":428,"column":49}},{"start":{"line":428,"column":52},"end":{"line":428,"column":69}}],"line":428},"40":{"loc":{"start":{"line":443,"column":16},"end":{"line":445,"column":65}},"type":"cond-expr","locations":[{"start":{"line":444,"column":20},"end":{"line":444,"column":47}},{"start":{"line":445,"column":20},"end":{"line":445,"column":65}}],"line":443},"41":{"loc":{"start":{"line":512,"column":20},"end":{"line":513,"column":77}},"type":"cond-expr","locations":[{"start":{"line":512,"column":43},"end":{"line":512,"column":59}},{"start":{"line":513,"column":20},"end":{"line":513,"column":77}}],"line":512},"42":{"loc":{"start":{"line":513,"column":20},"end":{"line":513,"column":77}},"type":"cond-expr","locations":[{"start":{"line":513,"column":45},"end":{"line":513,"column":59}},{"start":{"line":513,"column":62},"end":{"line":513,"column":77}}],"line":513},"43":{"loc":{"start":{"line":515,"column":21},"end":{"line":517,"column":58}},"type":"cond-expr","locations":[{"start":{"line":515,"column":44},"end":{"line":515,"column":83}},{"start":{"line":516,"column":21},"end":{"line":517,"column":58}}],"line":515},"44":{"loc":{"start":{"line":516,"column":21},"end":{"line":517,"column":58}},"type":"cond-expr","locations":[{"start":{"line":516,"column":46},"end":{"line":516,"column":87}},{"start":{"line":517,"column":21},"end":{"line":517,"column":58}}],"line":516},"45":{"loc":{"start":{"line":519,"column":23},"end":{"line":519,"column":50}},"type":"cond-expr","locations":[{"start":{"line":519,"column":42},"end":{"line":519,"column":45}},{"start":{"line":519,"column":48},"end":{"line":519,"column":50}}],"line":519},"46":{"loc":{"start":{"line":541,"column":54},"end":{"line":541,"column":95}},"type":"cond-expr","locations":[{"start":{"line":541,"column":73},"end":{"line":541,"column":80}},{"start":{"line":541,"column":83},"end":{"line":541,"column":95}}],"line":541},"47":{"loc":{"start":{"line":557,"column":9},"end":{"line":628,"column":9}},"type":"cond-expr","locations":[{"start":{"line":558,"column":10},"end":{"line":589,"column":16}},{"start":{"line":591,"column":10},"end":{"line":627,"column":16}}],"line":557},"48":{"loc":{"start":{"line":561,"column":15},"end":{"line":587,"column":15}},"type":"cond-expr","locations":[{"start":{"line":562,"column":16},"end":{"line":581,"column":22}},{"start":{"line":583,"column":16},"end":{"line":586,"column":22}}],"line":561},"49":{"loc":{"start":{"line":561,"column":15},"end":{"line":561,"column":75}},"type":"binary-expr","locations":[{"start":{"line":561,"column":15},"end":{"line":561,"column":39}},{"start":{"line":561,"column":43},"end":{"line":561,"column":75}}],"line":561}},"s":{"0":0,"1":0,"2":0,"3":0,"4":0,"5":0,"6":0,"7":0,"8":0,"9":0,"10":0,"11":0,"12":0,"13":0,"14":0,"15":0,"16":0,"17":0,"18":0,"19":0,"20":0,"21":0,"22":0,"23":0,"24":0,"25":0,"26":0,"27":0,"28":0,"29":0,"30":0,"31":0,"32":0,"33":0,"34":0,"35":0,"36":0,"37":0,"38":0,"39":0,"40":0,"41":0,"42":0,"43":0,"44":0,"45":0,"46":0,"47":0,"48":0,"49":0,"50":0,"51":0,"52":0,"53":0,"54":0,"55":0,"56":0,"57":0,"58":0,"59":0,"60":0,"61":0,"62":0,"63":0,"64":0,"65":0,"66":0,"67":0,"68":0,"69":0,"70":0,"71":0,"72":0,"73":0,"74":0,"75":0,"76":0,"77":0,"78":0,"79":0,"80":0,"81":0,"82":0,"83":0,"84":0,"85":0,"86":0,"87":0,"88":0,"89":0,"90":0,"91":0,"92":0,"93":0,"94":0,"95":0,"96":0,"97":0,"98":0,"99":0,"100":0,"101":0,"102":0,"103":0,"104":0,"105":0,"106":0,"107":0,"108":0,"109":0,"110":0,"111":0,"112":0,"113":0,"114":0,"115":0,"116":0,"117":0,"118":0,"119":0,"120":0,"121":0,"122":0,"123":0,"124":0,"125":0,"126":0,"127":0,"128":0,"129":0,"130":0,"131":0,"132":0,"133":0,"134":0,"135":0,"136":0,"137":0,"138":0,"139":0,"140":0,"141":0,"142":0,"143":0,"144":0,"145":0,"146":0,"147":0,"148":0,"149":0,"150":0,"151":0,"152":0,"153":0,"154":0,"155":0,"156":0,"157":0,"158":0,"159":0,"160":0,"161":0,"162":0,"163":0,"164":0,"165":0,"166":0,"167":0,"168":0,"169":0,"170":0,"171":0,"172":0,"173":0,"174":0,"175":0,"176":0,"177":0,"178":0,"179":0,"180":0,"181":0,"182":0,"183":0,"184":0,"185":0,"186":0,"187":0,"188":0,"189":0,"190":0},"f":{"0":0,"1":0,"2":0,"3":0,"4":0,"5":0,"6":0,"7":0,"8":0,"9":0,"10":0,"11":0,"12":0,"13":0,"14":0,"15":0,"16":0,"17":0,"18":0,"19":0,"20":0,"21":0,"22":0,"23":0,"24":0,"25":0,"26":0,"27":0,"28":0,"29":0,"30":0,"31":0,"32":0,"33":0,"34":0,"35":0,"36":0,"37":0,"38":0,"39":0,"40":0},"b":{"0":[0,0],"1":[0,0],"2":[0,0],"3":[0,0],"4":[0,0],"5":[0,0],"6":[0,0],"7":[0,0],"8":[0,0],"9":[0,0],"10":[0,0],"11":[0,0],"12":[0,0],"13":[0,0],"14":[0,0],"15":[0,0],"16":[0,0],"17":[0,0],"18":[0,0,0],"19":[0,0],"20":[0,0],"21":[0,0],"22":[0,0],"23":[0,0],"24":[0,0],"25":[0,0],"26":[0,0],"27":[0,0],"28":[0,0],"29":[0,0],"30":[0,0],"31":[0,0],"32":[0,0],"33":[0,0],"34":[0,0],"35":[0,0],"36":[0,0],"37":[0,0],"38":[0,0],"39":[0,0],"40":[0,0],"41":[0,0],"42":[0,0],"43":[0,0],"44":[0,0],"45":[0,0],"46":[0,0],"47":[0,0],"48":[0,0],"49":[0,0]}}
,"/Users/tim/Code/Personal/SportsEdge/dashboard/src/components/ExpertPicks.js": {"path":"/Users/tim/Code/Personal/SportsEdge/dashboard/src/components/ExpertPicks.js","statementMap":{"0":{"start":{"line":19,"column":20},"end":{"line":372,"column":1}},"1":{"start":{"line":20,"column":32},"end":{"line":20,"column":44}},"2":{"start":{"line":21,"column":28},"end":{"line":21,"column":40}},"3":{"start":{"line":22,"column":36},"end":{"line":22,"column":50}},"4":{"start":{"line":23,"column":32},"end":{"line":23,"column":46}},"5":{"start":{"line":24,"column":28},"end":{"line":24,"column":42}},"6":{"start":{"line":25,"column":46},"end":{"line":25,"column":60}},"7":{"start":{"line":26,"column":32},"end":{"line":30,"column":4}},"8":{"start":{"line":32,"column":2},"end":{"line":34,"column":16}},"9":{"start":{"line":33,"column":4},"end":{"line":33,"column":15}},"10":{"start":{"line":36,"column":19},"end":{"line":57,"column":3}},"11":{"start":{"line":37,"column":4},"end":{"line":56,"column":5}},"12":{"start":{"line":38,"column":6},"end":{"line":38,"column":23}},"13":{"start":{"line":39,"column":6},"end":{"line":39,"column":21}},"14":{"start":{"line":42,"column":51},"end":{"line":46,"column":8}},"15":{"start":{"line":48,"column":6},"end":{"line":48,"column":48}},"16":{"start":{"line":49,"column":6},"end":{"line":49,"column":42}},"17":{"start":{"line":50,"column":6},"end":{"line":50,"column":38}},"18":{"start":{"line":52,"column":6},"end":{"line":52,"column":63}},"19":{"start":{"line":53,"column":6},"end":{"line":53,"column":51}},"20":{"start":{"line":55,"column":6},"end":{"line":55,"column":24}},"21":{"start":{"line":59,"column":28},"end":{"line":66,"column":3}},"22":{"start":{"line":60,"column":4},"end":{"line":65,"column":5}},"23":{"start":{"line":61,"column":23},"end":{"line":61,"column":79}},"24":{"start":{"line":62,"column":6},"end":{"line":62,"column":39}},"25":{"start":{"line":64,"column":6},"end":{"line":64,"column":58}},"26":{"start":{"line":68,"column":21},"end":{"line":71,"column":3}},"27":{"start":{"line":69,"column":4},"end":{"line":69,"column":36}},"28":{"start":{"line":69,"column":18},"end":{"line":69,"column":36}},"29":{"start":{"line":70,"column":4},"end":{"line":70,"column":27}},"30":{"start":{"line":73,"column":22},"end":{"line":75,"column":3}},"31":{"start":{"line":74,"column":4},"end":{"line":74,"column":45}},"32":{"start":{"line":77,"column":25},"end":{"line":84,"column":3}},"33":{"start":{"line":78,"column":4},"end":{"line":83,"column":5}},"34":{"start":{"line":79,"column":18},"end":{"line":79,"column":55}},"35":{"start":{"line":80,"column":19},"end":{"line":80,"column":52}},"36":{"start":{"line":81,"column":22},"end":{"line":81,"column":61}},"37":{"start":{"line":82,"column":15},"end":{"line":82,"column":50}},"38":{"start":{"line":86,"column":23},"end":{"line":92,"column":3}},"39":{"start":{"line":87,"column":4},"end":{"line":91,"column":5}},"40":{"start":{"line":88,"column":22},"end":{"line":88,"column":79}},"41":{"start":{"line":89,"column":21},"end":{"line":89,"column":78}},"42":{"start":{"line":90,"column":15},"end":{"line":90,"column":67}},"43":{"start":{"line":94,"column":2},"end":{"line":100,"column":3}},"44":{"start":{"line":95,"column":4},"end":{"line":99,"column":6}},"45":{"start":{"line":102,"column":2},"end":{"line":108,"column":3}},"46":{"start":{"line":103,"column":4},"end":{"line":107,"column":6}},"47":{"start":{"line":110,"column":2},"end":{"line":371,"column":4}},"48":{"start":{"line":124,"column":33},"end":{"line":124,"column":81}},"49":{"start":{"line":135,"column":33},"end":{"line":135,"column":81}},"50":{"start":{"line":219,"column":16},"end":{"line":248,"column":22}},"51":{"start":{"line":222,"column":33},"end":{"line":222,"column":94}},"52":{"start":{"line":263,"column":16},"end":{"line":294,"column":22}},"53":{"start":{"line":309,"column":33},"end":{"line":309,"column":56}},"54":{"start":{"line":352,"column":20},"end":{"line":362,"column":26}}},"fnMap":{"0":{"name":"(anonymous_0)","decl":{"start":{"line":19,"column":20},"end":{"line":19,"column":21}},"loc":{"start":{"line":19,"column":26},"end":{"line":372,"column":1}},"line":19},"1":{"name":"(anonymous_1)","decl":{"start":{"line":32,"column":12},"end":{"line":32,"column":13}},"loc":{"start":{"line":32,"column":18},"end":{"line":34,"column":3}},"line":32},"2":{"name":"(anonymous_2)","decl":{"start":{"line":36,"column":19},"end":{"line":36,"column":20}},"loc":{"start":{"line":36,"column":31},"end":{"line":57,"column":3}},"line":36},"3":{"name":"(anonymous_3)","decl":{"start":{"line":59,"column":28},"end":{"line":59,"column":29}},"loc":{"start":{"line":59,"column":48},"end":{"line":66,"column":3}},"line":59},"4":{"name":"(anonymous_4)","decl":{"start":{"line":68,"column":21},"end":{"line":68,"column":22}},"loc":{"start":{"line":68,"column":31},"end":{"line":71,"column":3}},"line":68},"5":{"name":"(anonymous_5)","decl":{"start":{"line":73,"column":22},"end":{"line":73,"column":23}},"loc":{"start":{"line":73,"column":33},"end":{"line":75,"column":3}},"line":73},"6":{"name":"(anonymous_6)","decl":{"start":{"line":77,"column":25},"end":{"line":77,"column":26}},"loc":{"start":{"line":77,"column":37},"end":{"line":84,"column":3}},"line":77},"7":{"name":"(anonymous_7)","decl":{"start":{"line":86,"column":23},"end":{"line":86,"column":24}},"loc":{"start":{"line":86,"column":34},"end":{"line":92,"column":3}},"line":86},"8":{"name":"(anonymous_8)","decl":{"start":{"line":124,"column":26},"end":{"line":124,"column":27}},"loc":{"start":{"line":124,"column":33},"end":{"line":124,"column":81}},"line":124},"9":{"name":"(anonymous_9)","decl":{"start":{"line":135,"column":26},"end":{"line":135,"column":27}},"loc":{"start":{"line":135,"column":33},"end":{"line":135,"column":81}},"line":135},"10":{"name":"(anonymous_10)","decl":{"start":{"line":218,"column":40},"end":{"line":218,"column":41}},"loc":{"start":{"line":219,"column":16},"end":{"line":248,"column":22}},"line":219},"11":{"name":"(anonymous_11)","decl":{"start":{"line":222,"column":27},"end":{"line":222,"column":28}},"loc":{"start":{"line":222,"column":33},"end":{"line":222,"column":94}},"line":222},"12":{"name":"(anonymous_12)","decl":{"start":{"line":262,"column":38},"end":{"line":262,"column":39}},"loc":{"start":{"line":263,"column":16},"end":{"line":294,"column":22}},"line":263},"13":{"name":"(anonymous_13)","decl":{"start":{"line":309,"column":27},"end":{"line":309,"column":28}},"loc":{"start":{"line":309,"column":33},"end":{"line":309,"column":56}},"line":309},"14":{"name":"(anonymous_14)","decl":{"start":{"line":351,"column":63},"end":{"line":351,"column":64}},"loc":{"start":{"line":352,"column":20},"end":{"line":362,"column":26}},"line":352}},"branchMap":{"0":{"loc":{"start":{"line":48,"column":17},"end":{"line":48,"column":46}},"type":"binary-expr","locations":[{"start":{"line":48,"column":17},"end":{"line":48,"column":40}},{"start":{"line":48,"column":44},"end":{"line":48,"column":46}}],"line":48},"1":{"loc":{"start":{"line":49,"column":15},"end":{"line":49,"column":40}},"type":"binary-expr","locations":[{"start":{"line":49,"column":15},"end":{"line":49,"column":34}},{"start":{"line":49,"column":38},"end":{"line":49,"column":40}}],"line":49},"2":{"loc":{"start":{"line":69,"column":4},"end":{"line":69,"column":36}},"type":"if","locations":[{"start":{"line":69,"column":4},"end":{"line":69,"column":36}},{"start":{},"end":{}}],"line":69},"3":{"loc":{"start":{"line":74,"column":11},"end":{"line":74,"column":44}},"type":"cond-expr","locations":[{"start":{"line":74,"column":19},"end":{"line":74,"column":35}},{"start":{"line":74,"column":38},"end":{"line":74,"column":44}}],"line":74},"4":{"loc":{"start":{"line":78,"column":4},"end":{"line":83,"column":5}},"type":"switch","locations":[{"start":{"line":79,"column":6},"end":{"line":79,"column":55}},{"start":{"line":80,"column":6},"end":{"line":80,"column":52}},{"start":{"line":81,"column":6},"end":{"line":81,"column":61}},{"start":{"line":82,"column":6},"end":{"line":82,"column":50}}],"line":78},"5":{"loc":{"start":{"line":87,"column":4},"end":{"line":91,"column":5}},"type":"switch","locations":[{"start":{"line":88,"column":6},"end":{"line":88,"column":79}},{"start":{"line":89,"column":6},"end":{"line":89,"column":78}},{"start":{"line":90,"column":6},"end":{"line":90,"column":67}}],"line":87},"6":{"loc":{"start":{"line":94,"column":2},"end":{"line":100,"column":3}},"type":"if","locations":[{"start":{"line":94,"column":2},"end":{"line":100,"column":3}},{"start":{},"end":{}}],"line":94},"7":{"loc":{"start":{"line":102,"column":2},"end":{"line":108,"column":3}},"type":"if","locations":[{"start":{"line":102,"column":2},"end":{"line":108,"column":3}},{"start":{},"end":{}}],"line":102},"8":{"loc":{"start":{"line":149,"column":7},"end":{"line":207,"column":7}},"type":"binary-expr","locations":[{"start":{"line":149,"column":7},"end":{"line":149,"column":16}},{"start":{"line":150,"column":8},"end":{"line":206,"column":14}}],"line":149},"9":{"loc":{"start":{"line":159,"column":19},"end":{"line":159,"column":61}},"type":"binary-expr","locations":[{"start":{"line":159,"column":19},"end":{"line":159,"column":56}},{"start":{"line":159,"column":60},"end":{"line":159,"column":61}}],"line":159},"10":{"loc":{"start":{"line":173,"column":19},"end":{"line":173,"column":70}},"type":"binary-expr","locations":[{"start":{"line":173,"column":19},"end":{"line":173,"column":65}},{"start":{"line":173,"column":69},"end":{"line":173,"column":70}}],"line":173},"11":{"loc":{"start":{"line":187,"column":19},"end":{"line":187,"column":77}},"type":"binary-expr","locations":[{"start":{"line":187,"column":19},"end":{"line":187,"column":72}},{"start":{"line":187,"column":76},"end":{"line":187,"column":77}}],"line":187},"12":{"loc":{"start":{"line":220,"column":23},"end":{"line":220,"column":63}},"type":"binary-expr","locations":[{"start":{"line":220,"column":23},"end":{"line":220,"column":42}},{"start":{"line":220,"column":46},"end":{"line":220,"column":63}}],"line":220},"13":{"loc":{"start":{"line":222,"column":33},"end":{"line":222,"column":94}},"type":"binary-expr","locations":[{"start":{"line":222,"column":33},"end":{"line":222,"column":52}},{"start":{"line":222,"column":56},"end":{"line":222,"column":94}}],"line":222},"14":{"loc":{"start":{"line":231,"column":25},"end":{"line":233,"column":25}},"type":"binary-expr","locations":[{"start":{"line":231,"column":25},"end":{"line":231,"column":43}},{"start":{"line":232,"column":26},"end":{"line":232,"column":68}}],"line":231},"15":{"loc":{"start":{"line":263,"column":26},"end":{"line":263,"column":57}},"type":"binary-expr","locations":[{"start":{"line":263,"column":26},"end":{"line":263,"column":38}},{"start":{"line":263,"column":42},"end":{"line":263,"column":57}}],"line":263},"16":{"loc":{"start":{"line":278,"column":25},"end":{"line":280,"column":25}},"type":"binary-expr","locations":[{"start":{"line":278,"column":25},"end":{"line":278,"column":40}},{"start":{"line":279,"column":26},"end":{"line":279,"column":87}}],"line":278},"17":{"loc":{"start":{"line":302,"column":7},"end":{"line":369,"column":7}},"type":"binary-expr","locations":[{"start":{"line":302,"column":7},"end":{"line":302,"column":21}},{"start":{"line":303,"column":8},"end":{"line":368,"column":14}}],"line":302},"18":{"loc":{"start":{"line":324,"column":56},"end":{"line":324,"column":104}},"type":"cond-expr","locations":[{"start":{"line":324,"column":92},"end":{"line":324,"column":97}},{"start":{"line":324,"column":100},"end":{"line":324,"column":104}}],"line":324},"19":{"loc":{"start":{"line":328,"column":15},"end":{"line":346,"column":15}},"type":"binary-expr","locations":[{"start":{"line":328,"column":15},"end":{"line":328,"column":52}},{"start":{"line":329,"column":16},"end":{"line":345,"column":22}}],"line":328},"20":{"loc":{"start":{"line":352,"column":30},"end":{"line":352,"column":68}},"type":"binary-expr","locations":[{"start":{"line":352,"column":30},"end":{"line":352,"column":42}},{"start":{"line":352,"column":46},"end":{"line":352,"column":68}}],"line":352}},"s":{"0":0,"1":0,"2":0,"3":0,"4":0,"5":0,"6":0,"7":0,"8":0,"9":0,"10":0,"11":0,"12":0,"13":0,"14":0,"15":0,"16":0,"17":0,"18":0,"19":0,"20":0,"21":0,"22":0,"23":0,"24":0,"25":0,"26":0,"27":0,"28":0,"29":0,"30":0,"31":0,"32":0,"33":0,"34":0,"35":0,"36":0,"37":0,"38":0,"39":0,"40":0,"41":0,"42":0,"43":0,"44":0,"45":0,"46":0,"47":0,"48":0,"49":0,"50":0,"51":0,"52":0,"53":0,"54":0},"f":{"0":0,"1":0,"2":0,"3":0,"4":0,"5":0,"6":0,"7":0,"8":0,"9":0,"10":0,"11":0,"12":0,"13":0,"14":0},"b":{"0":[0,0],"1":[0,0],"2":[0,0],"3":[0,0],"4":[0,0,0,0],"5":[0,0,0],"6":[0,0],"7":[0,0],"8":[0,0],"9":[0,0],"10":[0,0],"11":[0,0],"12":[0,0],"13":[0,0],"14":[0,0],"15":[0,0],"16":[0,0],"17":[0,0],"18":[0,0],"19":[0,0],"20":[0,0]}}
,"/Users/tim/Code/Personal/SportsEdge/dashboard/src/components/Header.js": {"path":"/Users/tim/Code/Personal/SportsEdge/dashboard/src/components/Header.js","statementMap":{"0":{"start":{"line":4,"column":15},"end":{"line":75,"column":1}},"1":{"start":{"line":5,"column":25},"end":{"line":19,"column":3}},"2":{"start":{"line":6,"column":4},"end":{"line":18,"column":5}},"3":{"start":{"line":9,"column":8},"end":{"line":9,"column":32}},"4":{"start":{"line":12,"column":8},"end":{"line":12,"column":33}},"5":{"start":{"line":15,"column":8},"end":{"line":15,"column":30}},"6":{"start":{"line":17,"column":8},"end":{"line":17,"column":31}},"7":{"start":{"line":21,"column":24},"end":{"line":35,"column":3}},"8":{"start":{"line":22,"column":4},"end":{"line":34,"column":5}},"9":{"start":{"line":25,"column":8},"end":{"line":25,"column":48}},"10":{"start":{"line":28,"column":8},"end":{"line":28,"column":51}},"11":{"start":{"line":31,"column":8},"end":{"line":31,"column":51}},"12":{"start":{"line":33,"column":8},"end":{"line":33,"column":48}},"13":{"start":{"line":37,"column":2},"end":{"line":74,"column":4}}},"fnMap":{"0":{"name":"(anonymous_0)","decl":{"start":{"line":4,"column":15},"end":{"line":4,"column":16}},"loc":{"start":{"line":4,"column":37},"end":{"line":75,"column":1}},"line":4},"1":{"name":"(anonymous_1)","decl":{"start":{"line":5,"column":25},"end":{"line":5,"column":26}},"loc":{"start":{"line":5,"column":37},"end":{"line":19,"column":3}},"line":5},"2":{"name":"(anonymous_2)","decl":{"start":{"line":21,"column":24},"end":{"line":21,"column":25}},"loc":{"start":{"line":21,"column":36},"end":{"line":35,"column":3}},"line":21}},"branchMap":{"0":{"loc":{"start":{"line":6,"column":4},"end":{"line":18,"column":5}},"type":"switch","locations":[{"start":{"line":7,"column":6},"end":{"line":7,"column":19}},{"start":{"line":8,"column":6},"end":{"line":9,"column":32}},{"start":{"line":10,"column":6},"end":{"line":10,"column":21}},{"start":{"line":11,"column":6},"end":{"line":12,"column":33}},{"start":{"line":13,"column":6},"end":{"line":13,"column":19}},{"start":{"line":14,"column":6},"end":{"line":15,"column":30}},{"start":{"line":16,"column":6},"end":{"line":17,"column":31}}],"line":6},"1":{"loc":{"start":{"line":22,"column":4},"end":{"line":34,"column":5}},"type":"switch","locations":[{"start":{"line":23,"column":6},"end":{"line":23,"column":19}},{"start":{"line":24,"column":6},"end":{"line":25,"column":48}},{"start":{"line":26,"column":6},"end":{"line":26,"column":21}},{"start":{"line":27,"column":6},"end":{"line":28,"column":51}},{"start":{"line":29,"column":6},"end":{"line":29,"column":19}},{"start":{"line":30,"column":6},"end":{"line":31,"column":51}},{"start":{"line":32,"column":6},"end":{"line":33,"column":48}}],"line":22},"2":{"loc":{"start":{"line":57,"column":17},"end":{"line":57,"column":65}},"type":"binary-expr","locations":[{"start":{"line":57,"column":17},"end":{"line":57,"column":52}},{"start":{"line":57,"column":56},"end":{"line":57,"column":65}}],"line":57},"3":{"loc":{"start":{"line":61,"column":13},"end":{"line":65,"column":13}},"type":"binary-expr","locations":[{"start":{"line":61,"column":13},"end":{"line":61,"column":45}},{"start":{"line":62,"column":14},"end":{"line":64,"column":20}}],"line":61}},"s":{"0":0,"1":0,"2":0,"3":0,"4":0,"5":0,"6":0,"7":0,"8":0,"9":0,"10":0,"11":0,"12":0,"13":0},"f":{"0":0,"1":0,"2":0},"b":{"0":[0,0,0,0,0,0,0],"1":[0,0,0,0,0,0,0],"2":[0,0],"3":[0,0]}}
,"/Users/tim/Code/Personal/SportsEdge/dashboard/src/components/InjuryData.js": {"path":"/Users/tim/Code/Personal/SportsEdge/dashboard/src/components/InjuryData.js","statementMap":{"0":{"start":{"line":29,"column":19},"end":{"line":475,"column":1}},"1":{"start":{"line":30,"column":32},"end":{"line":30,"column":46}},"2":{"start":{"line":31,"column":28},"end":{"line":31,"column":42}},"3":{"start":{"line":32,"column":46},"end":{"line":32,"column":60}},"4":{"start":{"line":33,"column":42},"end":{"line":33,"column":53}},"5":{"start":{"line":34,"column":42},"end":{"line":34,"column":54}},"6":{"start":{"line":35,"column":44},"end":{"line":35,"column":58}},"7":{"start":{"line":36,"column":42},"end":{"line":36,"column":54}},"8":{"start":{"line":37,"column":52},"end":{"line":37,"column":64}},"9":{"start":{"line":38,"column":46},"end":{"line":38,"column":58}},"10":{"start":{"line":40,"column":2},"end":{"line":42,"column":51}},"11":{"start":{"line":41,"column":4},"end":{"line":41,"column":21}},"12":{"start":{"line":45,"column":2},"end":{"line":53,"column":38}},"13":{"start":{"line":46,"column":4},"end":{"line":52,"column":5}},"14":{"start":{"line":47,"column":6},"end":{"line":51,"column":9}},"15":{"start":{"line":55,"column":25},"end":{"line":112,"column":3}},"16":{"start":{"line":56,"column":4},"end":{"line":111,"column":5}},"17":{"start":{"line":57,"column":6},"end":{"line":57,"column":23}},"18":{"start":{"line":58,"column":6},"end":{"line":58,"column":21}},"19":{"start":{"line":60,"column":6},"end":{"line":60,"column":71}},"20":{"start":{"line":63,"column":30},"end":{"line":63,"column":79}},"21":{"start":{"line":64,"column":6},"end":{"line":64,"column":90}},"22":{"start":{"line":65,"column":6},"end":{"line":65,"column":104}},"23":{"start":{"line":66,"column":6},"end":{"line":66,"column":104}},"24":{"start":{"line":67,"column":6},"end":{"line":67,"column":45}},"25":{"start":{"line":70,"column":6},"end":{"line":74,"column":9}},"26":{"start":{"line":77,"column":6},"end":{"line":83,"column":7}},"27":{"start":{"line":78,"column":8},"end":{"line":78,"column":136}},"28":{"start":{"line":79,"column":8},"end":{"line":79,"column":28}},"29":{"start":{"line":80,"column":8},"end":{"line":80,"column":33}},"30":{"start":{"line":81,"column":8},"end":{"line":81,"column":30}},"31":{"start":{"line":82,"column":8},"end":{"line":82,"column":15}},"32":{"start":{"line":86,"column":27},"end":{"line":86,"column":89}},"33":{"start":{"line":87,"column":6},"end":{"line":87,"column":53}},"34":{"start":{"line":90,"column":6},"end":{"line":100,"column":7}},"35":{"start":{"line":91,"column":32},"end":{"line":91,"column":99}},"36":{"start":{"line":92,"column":8},"end":{"line":92,"column":63}},"37":{"start":{"line":95,"column":31},"end":{"line":95,"column":109}},"38":{"start":{"line":96,"column":8},"end":{"line":96,"column":61}},"39":{"start":{"line":98,"column":8},"end":{"line":98,"column":33}},"40":{"start":{"line":99,"column":8},"end":{"line":99,"column":30}},"41":{"start":{"line":103,"column":6},"end":{"line":103,"column":55}},"42":{"start":{"line":104,"column":6},"end":{"line":104,"column":77}},"43":{"start":{"line":105,"column":6},"end":{"line":105,"column":29}},"44":{"start":{"line":106,"column":6},"end":{"line":106,"column":26}},"45":{"start":{"line":107,"column":6},"end":{"line":107,"column":31}},"46":{"start":{"line":108,"column":6},"end":{"line":108,"column":28}},"47":{"start":{"line":110,"column":6},"end":{"line":110,"column":24}},"48":{"start":{"line":114,"column":31},"end":{"line":127,"column":3}},"49":{"start":{"line":115,"column":4},"end":{"line":126,"column":5}},"50":{"start":{"line":117,"column":8},"end":{"line":117,"column":25}},"51":{"start":{"line":119,"column":8},"end":{"line":119,"column":25}},"52":{"start":{"line":121,"column":8},"end":{"line":121,"column":25}},"53":{"start":{"line":123,"column":8},"end":{"line":123,"column":25}},"54":{"start":{"line":125,"column":8},"end":{"line":125,"column":25}},"55":{"start":{"line":129,"column":30},"end":{"line":142,"column":3}},"56":{"start":{"line":130,"column":4},"end":{"line":141,"column":5}},"57":{"start":{"line":132,"column":8},"end":{"line":132,"column":45}},"58":{"start":{"line":134,"column":8},"end":{"line":134,"column":53}},"59":{"start":{"line":136,"column":8},"end":{"line":136,"column":48}},"60":{"start":{"line":138,"column":8},"end":{"line":138,"column":49}},"61":{"start":{"line":140,"column":8},"end":{"line":140,"column":46}},"62":{"start":{"line":144,"column":33},"end":{"line":152,"column":3}},"63":{"start":{"line":145,"column":4},"end":{"line":145,"column":51}},"64":{"start":{"line":145,"column":41},"end":{"line":145,"column":51}},"65":{"start":{"line":147,"column":4},"end":{"line":151,"column":8}},"66":{"start":{"line":147,"column":83},"end":{"line":151,"column":5}},"67":{"start":{"line":154,"column":33},"end":{"line":162,"column":3}},"68":{"start":{"line":155,"column":4},"end":{"line":155,"column":51}},"69":{"start":{"line":155,"column":41},"end":{"line":155,"column":51}},"70":{"start":{"line":157,"column":4},"end":{"line":161,"column":8}},"71":{"start":{"line":157,"column":83},"end":{"line":161,"column":5}},"72":{"start":{"line":164,"column":31},"end":{"line":173,"column":3}},"73":{"start":{"line":165,"column":4},"end":{"line":172,"column":8}},"74":{"start":{"line":165,"column":37},"end":{"line":172,"column":5}},"75":{"start":{"line":175,"column":34},"end":{"line":180,"column":3}},"76":{"start":{"line":176,"column":4},"end":{"line":179,"column":8}},"77":{"start":{"line":176,"column":42},"end":{"line":179,"column":5}},"78":{"start":{"line":182,"column":2},"end":{"line":188,"column":3}},"79":{"start":{"line":183,"column":4},"end":{"line":187,"column":6}},"80":{"start":{"line":190,"column":2},"end":{"line":202,"column":3}},"81":{"start":{"line":191,"column":4},"end":{"line":201,"column":6}},"82":{"start":{"line":204,"column":2},"end":{"line":474,"column":4}},"83":{"start":{"line":220,"column":34},"end":{"line":220,"column":58}},"84":{"start":{"line":221,"column":16},"end":{"line":221,
[...]
5}},"30":{"start":{"line":76,"column":4},"end":{"line":79,"column":5}},"31":{"start":{"line":77,"column":6},"end":{"line":77,"column":53}},"32":{"start":{"line":78,"column":6},"end":{"line":78,"column":47}},"33":{"start":{"line":81,"column":4},"end":{"line":84,"column":7}},"34":{"start":{"line":82,"column":6},"end":{"line":82,"column":64}},"35":{"start":{"line":83,"column":6},"end":{"line":83,"column":22}},"36":{"start":{"line":89,"column":21},"end":{"line":89,"column":63}},"37":{"start":{"line":90,"column":19},"end":{"line":90,"column":45}},"38":{"start":{"line":92,"column":4},"end":{"line":95,"column":5}},"39":{"start":{"line":93,"column":6},"end":{"line":93,"column":44}},"40":{"start":{"line":94,"column":6},"end":{"line":94,"column":47}},"41":{"start":{"line":97,"column":4},"end":{"line":100,"column":7}},"42":{"start":{"line":98,"column":6},"end":{"line":98,"column":64}},"43":{"start":{"line":99,"column":6},"end":{"line":99,"column":22}},"44":{"start":{"line":104,"column":21},"end":{"line":104,"column":79}},"45":{"start":{"line":105,"column":19},"end":{"line":105,"column":45}},"46":{"start":{"line":107,"column":4},"end":{"line":110,"column":5}},"47":{"start":{"line":108,"column":6},"end":{"line":108,"column":60}},"48":{"start":{"line":109,"column":6},"end":{"line":109,"column":47}},"49":{"start":{"line":112,"column":4},"end":{"line":115,"column":7}},"50":{"start":{"line":113,"column":6},"end":{"line":113,"column":63}},"51":{"start":{"line":114,"column":6},"end":{"line":114,"column":22}},"52":{"start":{"line":119,"column":21},"end":{"line":119,"column":93}},"53":{"start":{"line":120,"column":19},"end":{"line":120,"column":45}},"54":{"start":{"line":122,"column":4},"end":{"line":125,"column":5}},"55":{"start":{"line":123,"column":6},"end":{"line":123,"column":55}},"56":{"start":{"line":124,"column":6},"end":{"line":124,"column":47}},"57":{"start":{"line":127,"column":25},"end":{"line":127,"column":67}},"58":{"start":{"line":127,"column":42},"end":{"line":127,"column":56}},"59":{"start":{"line":128,"column":4},"end":{"line":131,"column":7}},"60":{"start":{"line":129,"column":6},"end":{"line":129,"column":64}},"61":{"start":{"line":130,"column":6},"end":{"line":130,"column":22}},"62":{"start":{"line":135,"column":21},"end":{"line":135,"column":91}},"63":{"start":{"line":136,"column":19},"end":{"line":136,"column":45}},"64":{"start":{"line":138,"column":4},"end":{"line":141,"column":5}},"65":{"start":{"line":139,"column":6},"end":{"line":139,"column":55}},"66":{"start":{"line":140,"column":6},"end":{"line":140,"column":47}},"67":{"start":{"line":143,"column":23},"end":{"line":143,"column":61}},"68":{"start":{"line":143,"column":38},"end":{"line":143,"column":50}},"69":{"start":{"line":144,"column":4},"end":{"line":147,"column":7}},"70":{"start":{"line":145,"column":6},"end":{"line":145,"column":63}},"71":{"start":{"line":146,"column":6},"end":{"line":146,"column":22}},"72":{"start":{"line":152,"column":21},"end":{"line":152,"column":80}},"73":{"start":{"line":153,"column":19},"end":{"line":153,"column":45}},"74":{"start":{"line":155,"column":4},"end":{"line":158,"column":5}},"75":{"start":{"line":156,"column":6},"end":{"line":156,"column":60}},"76":{"start":{"line":157,"column":6},"end":{"line":157,"column":47}},"77":{"start":{"line":160,"column":4},"end":{"line":163,"column":7}},"78":{"start":{"line":161,"column":6},"end":{"line":161,"column":63}},"79":{"start":{"line":162,"column":6},"end":{"line":162,"column":22}},"80":{"start":{"line":167,"column":21},"end":{"line":167,"column":76}},"81":{"start":{"line":168,"column":19},"end":{"line":168,"column":45}},"82":{"start":{"line":170,"column":4},"end":{"line":173,"column":5}},"83":{"start":{"line":171,"column":6},"end":{"line":171,"column":55}},"84":{"start":{"line":172,"column":6},"end":{"line":172,"column":47}},"85":{"start":{"line":175,"column":4},"end":{"line":178,"column":7}},"86":{"start":{"line":176,"column":6},"end":{"line":176,"column":63}},"87":{"start":{"line":177,"column":6},"end":{"line":177,"column":22}},"88":{"start":{"line":183,"column":21},"end":{"line":183,"column":77}},"89":{"start":{"line":184,"column":19},"end":{"line":184,"column":45}},"90":{"start":{"line":186,"column":4},"end":{"line":189,"column":5}},"91":{"start":{"line":187,"column":6},"end":{"line":187,"column":58}},"92":{"start":{"line":188,"column":6},"end":{"line":188,"column":47}},"93":{"start":{"line":191,"column":4},"end":{"line":194,"column":7}},"94":{"start":{"line":192,"column":6},"end":{"line":192,"column":64}},"95":{"start":{"line":193,"column":6},"end":{"line":193,"column":22}},"96":{"start":{"line":198,"column":21},"end":{"line":198,"column":82}},"97":{"start":{"line":199,"column":19},"end":{"line":199,"column":45}},"98":{"start":{"line":201,"column":4},"end":{"line":204,"column":5}},"99":{"start":{"line":202,"column":6},"end":{"line":202,"column":63}},"100":{"start":{"line":203,"column":6},"end":{"line":203,"column":47}},"101":{"start":{"line":206,"column":19},"end":{"line":206,"column":50}},"102":{"start":{"line":207,"column":4},"end":{"line":207,"column":42}},"103":{"start":{"line":207,"column":14},"end":{"line":207,"column":42}},"104":{"start":{"line":208,"column":4},"end":{"line":211,"column":7}},"105":{"start":{"line":209,"column":6},"end":{"line":209,"column":64}},"106":{"start":{"line":210,"column":6},"end":{"line":210,"column":22}},"107":{"start":{"line":215,"column":21},"end":{"line":215,"column":79}},"108":{"start":{"line":216,"column":19},"end":{"line":216,"column":45}},"109":{"start":{"line":218,"column":4},"end":{"line":221,"column":5}},"110":{"start":{"line":219,"column":6},"end":{"line":219,"column":60}},"111":{"start":{"line":220,"column":6},"end":{"line":220,"column":47}},"112":{"start":{"line":223,"column":4},"end":{"line":226,"column":7}},"113":{"start":{"line":224,"column":6},"end":{"line":224,"column":64}},"114":{"start":{"line":225,"column":6},"end":{"line":225,"column":22}},"115":{"start":{"line":231,"column":4},"end":{"line":231,"column":25}},"116":{"start":{"line":232,"column":4},"end":{"line":232,"column":33}},"117":{"start":{"line":236,"column":4},"end":{"line":236,"column":35}},"118":{"start":{"line":241,"column":4},"end":{"line":241,"column":21}}},"fnMap":{"0":{"name":"(anonymous_0)","decl":{"start":{"line":17,"column":2},"end":{"line":17,"column":3}},"loc":{"start":{"line":17,"column":14},"end":{"line":20,"column":3}},"line":17},"1":{"name":"(anonymous_1)","decl":{"start":{"line":21,"column":2},"end":{"line":21,"column":3}},"loc":{"start":{"line":21,"column":13},"end":{"line":24,"column":3}},"line":21},"2":{"name":"(anonymous_2)","decl":{"start":{"line":29,"column":2},"end":{"line":29,"column":3}},"loc":{"start":{"line":29,"column":16},"end":{"line":31,"column":3}},"line":29},"3":{"name":"(anonymous_3)","decl":{"start":{"line":32,"column":2},"end":{"line":32,"column":3}},"loc":{"start":{"line":32,"column":13},"end":{"line":35,"column":3}},"line":32},"4":{"name":"(anonymous_4)","decl":{"start":{"line":41,"column":19},"end":{"line":41,"column":20}},"loc":{"start":{"line":41,"column":25},"end":{"line":54,"column":3}},"line":41},"5":{"name":"(anonymous_5)","decl":{"start":{"line":50,"column":46},"end":{"line":50,"column":47}},"loc":{"start":{"line":50,"column":58},"end":{"line":53,"column":5}},"line":50},"6":{"name":"(anonymous_6)","decl":{"start":{"line":57,"column":19},"end":{"line":57,"column":20}},"loc":{"start":{"line":57,"column":25},"end":{"line":70,"column":3}},"line":57},"7":{"name":"(anonymous_7)","decl":{"start":{"line":66,"column":47},"end":{"line":66,"column":48}},"loc":{"start":{"line":66,"column":59},"end":{"line":69,"column":5}},"line":66},"8":{"name":"(anonymous_8)","decl":{"start":{"line":72,"column":18},"end":{"line":72,"column":19}},"loc":{"start":{"line":72,"column":30},"end":{"line":85,"column":3}},"line":72},"9":{"name":"(anonymous_9)","decl":{"start":{"line":81,"column":48},"end":{"line":81,"column":49}},"loc":{"start":{"line":81,"column":60},"end":{"line":84,"column":5}},"line":81},"10":{"name":"(anonymous_10)","decl":{"start":{"line":88,"column":17},"end":{"line":88,"column":18}},"loc":{"start":{"line":88,"column":23},"end":{"line":101,"column":3}},"line":88},"11":{"name":"(anonymous_11)","decl":{"start":{"line":97,"column":44},"end":{"line":97,"column":45}},"loc":{"start":{"line":97,"column":56},"end":{"line":100,"column":5}},"line":97},"12":{"name":"(anonymous_12)","decl":{"start":{"line":103,"column":17},"end":{"line":103,"column":18}},"loc":{"start":{"line":103,"column":57},"end":{"line":116,"column":3}},"line":103},"13":{"name":"(anonymous_13)","decl":{"start":{"line":112,"column":78},"end":{"line":112,"column":79}},"loc":{"start":{"line":112,"column":90},"end":{"line":115,"column":5}},"line":112},"14":{"name":"(anonymous_14)","decl":{"start":{"line":118,"column":21},"end":{"line":118,"column":22}},"loc":{"start":{"line":118,"column":40},"end":{"line":132,"column":3}},"line":118},"15":{"name":"(anonymous_15)","decl":{"start":{"line":127,"column":37},"end":{"line":127,"column":38}},"loc":{"start":{"line":127,"column":42},"end":{"line":127,"column":56}},"line":127},"16":{"name":"(anonymous_16)","decl":{"start":{"line":128,"column":65},"end":{"line":128,"column":66}},"loc":{"start":{"line":128,"column":77},"end":{"line":131,"column":5}},"line":128},"17":{"name":"(anonymous_17)","decl":{"start":{"line":134,"column":21},"end":{"line":134,"column":22}},"loc":{"start":{"line":134,"column":47},"end":{"line":148,"column":3}},"line":134},"18":{"name":"(anonymous_18)","decl":{"start":{"line":143,"column":33},"end":{"line":143,"column":34}},"loc":{"start":{"line":143,"column":38},"end":{"line":143,"column":50}},"line":143},"19":{"name":"(anonymous_19)","decl":{"start":{"line":144,"column":75},"end":{"line":144,"column":76}},"loc":{"start":{"line":144,"column":87},"end":{"line":147,"column":5}},"line":144},"20":{"name":"(anonymous_20)","decl":{"start":{"line":151,"column":19},"end":{"line":151,"column":20}},"loc":{"start":{"line":151,"column":48},"end":{"line":164,"column":3}},"line":151},"21":{"name":"(anonymous_21)","decl":{"start":{"line":160,"column":77},"end":{"line":160,"column":78}},"loc":{"start":{"line":160,"column":89},"end":{"line":163,"column":5}},"line":160},"22":{"name":"(anonymous_22)","decl":{"start":{"line":166,"column":20},"end":{"line":166,"column":21}},"loc":{"start":{"line":166,"column":39},"end":{"line":179,"column":3}},"line":166},"23":{"name":"(anonymous_23)","decl":{"start":{"line":175,"column":66},"end":{"line":175,"column":67}},"loc":{"start":{"line":175,"column":78},"end":{"line":178,"column":5}},"line":175},"24":{"name":"(anonymous_24)","decl":{"start":{"line":182,"column":17},"end":{"line":182,"column":18}},"loc":{"start":{"line":182,"column":42},"end":{"line":195,"column":3}},"line":182},"25":{"name":"(anonymous_25)","decl":{"start":{"line":191,"column":70},"end":{"line":191,"column":71}},"loc":{"start":{"line":191,"column":82},"end":{"line":194,"column":5}},"line":191},"26":{"name":"(anonymous_26)","decl":{"start":{"line":197,"column":16},"end":{"line":197,"column":17}},"loc":{"start":{"line":197,"column":54},"end":{"line":212,"column":3}},"line":197},"27":{"name":"(anonymous_27)","decl":{"start":{"line":208,"column":62},"end":{"line":208,"column":63}},"loc":{"start":{"line":208,"column":74},"end":{"line":211,"column":5}},"line":208},"28":{"name":"(anonymous_28)","decl":{"start":{"line":214,"column":19},"end":{"line":214,"column":20}},"loc":{"start":{"line":214,"column":44},"end":{"line":227,"column":3}},"line":214},"29":{"name":"(anonymous_29)","decl":{"start":{"line":223,"column":72},"end":{"line":223,"column":73}},"loc":{"start":{"line":223,"column":84},"end":{"line":226,"column":5}},"line":223},"30":{"name":"(anonymous_30)","decl":{"start":{"line":230,"column":14},"end":{"line":230,"column":15}},"loc":{"start":{"line":230,"column":20},"end":{"line":233,"column":3}},"line":230},"31":{"name":"(anonymous_31)","decl":{"start":{"line":235,"column":17},"end":{"line":235,"column":18}},"loc":{"start":{"line":235,"column":23},"end":{"line":237,"column":3}},"line":235},"32":{"name":"(anonymous_32)","decl":{"start":{"line":240,"column":16},"end":{"line":240,"column":17}},"loc":{"start":{"line":240,"column":29},"end":{"line":242,"column":3}},"line":240}},"branchMap":{"0":{"loc":{"start":{"line":4,"column":21},"end":{"line":4,"column":77}},"type":"binary-expr","locations":[{"start":{"line":4,"column":21},"end":{"line":4,"column":50}},{"start":{"line":4,"column":54},"end":{"line":4,"column":77}}],"line":4},"1":{"loc":{"start":{"line":45,"column":4},"end":{"line":48,"column":5}},"type":"if","locations":[{"start":{"line":45,"column":4},"end":{"line":48,"column":5}},{"start":{},"end":{}}],"line":45},"2":{"loc":{"start":{"line":61,"column":4},"end":{"line":64,"column":5}},"type":"if","locations":[{"start":{"line":61,"column":4},"end":{"line":64,"column":5}},{"start":{},"end":{}}],"line":61},"3":{"loc":{"start":{"line":76,"column":4},"end":{"line":79,"column":5}},"type":"if","locations":[{"start":{"line":76,"column":4},"end":{"line":79,"column":5}},{"start":{},"end":{}}],"line":76},"4":{"loc":{"start":{"line":92,"column":4},"end":{"line":95,"column":5}},"type":"if","locations":[{"start":{"line":92,"column":4},"end":{"line":95,"column":5}},{"start":{},"end":{}}],"line":92},"5":{"loc":{"start":{"line":103,"column":18},"end":{"line":103,"column":31}},"type":"default-arg","locations":[{"start":{"line":103,"column":27},"end":{"line":103,"column":31}}],"line":103},"6":{"loc":{"start":{"line":103,"column":33},"end":{"line":103,"column":52}},"type":"default-arg","locations":[{"start":{"line":103,"column":42},"end":{"line":103,"column":52}}],"line":103},"7":{"loc":{"start":{"line":107,"column":4},"end":{"line":110,"column":5}},"type":"if","locations":[{"start":{"line":107,"column":4},"end":{"line":110,"column":5}},{"start":{},"end":{}}],"line":107},"8":{"loc":{"start":{"line":122,"column":4},"end":{"line":125,"column":5}},"type":"if","locations":[{"start":{"line":122,"column":4},"end":{"line":125,"column":5}},{"start":{},"end":{}}],"line":122},"9":{"loc":{"start":{"line":134,"column":29},"end":{"line":134,"column":42}},"type":"default-arg","locations":[{"start":{"line":134,"column":38},"end":{"line":134,"column":42}}],"line":134},"10":{"loc":{"start":{"line":138,"column":4},"end":{"line":141,"column":5}},"type":"if","locations":[{"start":{"line":138,"column":4},"end":{"line":141,"column":5}},{"start":{},"end":{}}],"line":138},"11":{"loc":{"start":{"line":151,"column":20},"end":{"line":151,"column":33}},"type":"default-arg","locations":[{"start":{"line":151,"column":29},"end":{"line":151,"column":33}}],"line":151},"12":{"loc":{"start":{"line":151,"column":35},"end":{"line":151,"column":43}},"type":"default-arg","locations":[{"start":{"line":151,"column":42},"end":{"line":151,"column":43}}],"line":151},"13":{"loc":{"start":{"line":155,"column":4},"end":{"line":158,"column":5}},"type":"if","locations":[{"start":{"line":155,"column":4},"end":{"line":158,"column":5}},{"start":{},"end":{}}],"line":155},"14":{"loc":{"start":{"line":166,"column":21},"end":{"line":166,"column":34}},"type":"default-arg","locations":[{"start":{"line":166,"column":30},"end":{"line":166,"column":34}}],"line":166},"15":{"loc":{"start":{"line":170,"column":4},"end":{"line":173,"column":5}},"type":"if","locations":[{"start":{"line":170,"column":4},"end":{"line":173,"column":5}},{"start":{},"end":{}}],"line":170},"16":{"loc":{"start":{"line":182,"column":24},"end":{"line":182,"column":37}},"type":"default-arg","locations":[{"start":{"line":182,"column":33},"end":{"line":182,"column":37}}],"line":182},"17":{"loc":{"start":{"line":186,"column":4},"end":{"line":189,"column":5}},"type":"if","locations":[{"start":{"line":186,"column":4},"end":{"line":189,"column":5}},{"start":{},"end":{}}],"line":186},"18":{"loc":{"start":{"line":197,"column":23},"end":{"line":197,"column":36}},"type":"default-arg","locations":[{"start":{"line":197,"column":32},"end":{"line":197,"column":36}}],"line":197},"19":{"loc":{"start":{"line":197,"column":38},"end":{"line":197,"column":49}},"type":"default-arg","locations":[{"start":{"line":197,"column":45},"end":{"line":197,"column":49}}],"line":197},"20":{"loc":{"start":{"line":201,"column":4},"end":{"line":204,"column":5}},"type":"if","locations":[{"start":{"line":201,"column":4},"end":{"line":204,"column":5}},{"start":{},"end":{}}],"line":201},"21":{"loc":{"start":{"line":207,"column":4},"end":{"line":207,"column":42}},"type":"if","locations":[{"start":{"line":207,"column":4},"end":{"line":207,"column":42}},{"start":{},"end":{}}],"line":207},"22":{"loc":{"start":{"line":214,"column":26},"end":{"line":214,"column":39}},"type":"default-arg","locations":[{"start":{"line":214,"column":35},"end":{"line":214,"column":39}}],"line":214},"23":{"loc":{"start":{"line":218,"column":4},"end":{"line":221,"column":5}},"type":"if","locations":[{"start":{"line":218,"column":4},"end":{"line":221,"column":5}},{"start":{},"end":{}}],"line":218}},"s":{"0":0,"1":0,"2":0,"3":0,"4":0,"5":0,"6":0,"7":0,"8":0,"9":0,"10":0,"11":0,"12":0,"13":0,"14":0,"15":0,"16":0,"17":0,"18":0,"19":0,"20":0,"21":0,"22":0,"23":0,"24":0,"25":0,"26":0,"27":0,"28":0,"29":0,"30":0,"31":0,"32":0,"33":0,"34":0,"35":0,"36":0,"37":0,"38":0,"39":0,"40":0,"41":0,"42":0,"43":0,"44":0,"45":0,"46":0,"47":0,"48":0,"49":0,"50":0,"51":0,"52":0,"53":0,"54":0,"55":0,"56":0,"57":0,"58":0,"59":0,"60":0,"61":0,"62":0,"63":0,"64":0,"65":0,"66":0,"67":0,"68":0,"69":0,"70":0,"71":0,"72":0,"73":0,"74":0,"75":0,"76":0,"77":0,"78":0,"79":0,"80":0,"81":0,"82":0,"83":0,"84":0,"85":0,"86":0,"87":0,"88":0,"89":0,"90":0,"91":0,"92":0,"93":0,"94":0,"95":0,"96":0,"97":0,"98":0,"99":0,"100":0,"101":0,"102":0,"103":0,"104":0,"105":0,"106":0,"107":0,"108":0,"109":0,"110":0,"111":0,"112":0,"113":0,"114":0,"115":0,"116":0,"117":0,"118":0},"f":{"0":0,"1":0,"2":0,"3":0,"4":0,"5":0,"6":0,"7":0,"8":0,"9":0,"10":0,"11":0,"12":0,"13":0,"14":0,"15":0,"16":0,"17":0,"18":0,"19":0,"20":0,"21":0,"22":0,"23":0,"24":0,"25":0,"26":0,"27":0,"28":0,"29":0,"30":0,"31":0,"32":0},"b":{"0":[0,0],"1":[0,0],"2":[0,0],"3":[0,0],"4":[0,0],"5":[0],"6":[0],"7":[0,0],"8":[0,0],"9":[0],"10":[0,0],"11":[0],"12":[0],"13":[0,0],"14":[0],"15":[0,0],"16":[0],"17":[0,0],"18":[0],"19":[0],"20":[0,0],"21":[0,0],"22":[0],"23":[0,0]}}
,"/Users/tim/Code/Personal/SportsEdge/dashboard/src/utils/testUtils.js": {"path":"/Users/tim/Code/Personal/SportsEdge/dashboard/src/utils/testUtils.js","statementMap":{"0":{"start":{"line":6,"column":32},"end":{"line":9,"column":1}},"1":{"start":{"line":7,"column":2},"end":{"line":7,"column":51}},"2":{"start":{"line":8,"column":2},"end":{"line":8,"column":48}},"3":{"start":{"line":12,"column":32},"end":{"line":48,"column":1}},"4":{"start":{"line":51,"column":28},"end":{"line":51,"column":80}},"5":{"start":{"line":51,"column":34},"end":{"line":51,"column":80}},"6":{"start":{"line":51,"column":57},"end":{"line":51,"column":79}}},"fnMap":{"0":{"name":"(anonymous_0)","decl":{"start":{"line":6,"column":32},"end":{"line":6,"column":33}},"loc":{"start":{"line":6,"column":62},"end":{"line":9,"column":1}},"line":6},"1":{"name":"(anonymous_1)","decl":{"start":{"line":51,"column":28},"end":{"line":51,"column":29}},"loc":{"start":{"line":51,"column":34},"end":{"line":51,"column":80}},"line":51},"2":{"name":"(anonymous_2)","decl":{"start":{"line":51,"column":46},"end":{"line":51,"column":47}},"loc":{"start":{"line":51,"column":57},"end":{"line":51,"column":79}},"line":51}},"branchMap":{"0":{"loc":{"start":{"line":6,"column":37},"end":{"line":6,"column":57}},"type":"default-arg","locations":[{"start":{"line":6,"column":55},"end":{"line":6,"column":57}}],"line":6},"1":{"loc":{"start":{"line":6,"column":39},"end":{"line":6,"column":50}},"type":"default-arg","locations":[{"start":{"line":6,"column":47},"end":{"line":6,"column":50}}],"line":6}},"s":{"0":0,"1":0,"2":0,"3":0,"4":0,"5":0,"6":0},"f":{"0":0,"1":0,"2":0},"b":{"0":[0],"1":[0]}}
}
