{"/Users/tim/Code/Personal/SportsEdge/dashboard/src/App.js": {"path":"/Users/tim/Code/Personal/SportsEdge/dashboard/src/App.js","statementMap":{"0":{"start":{"line":28,"column":42},"end":{"line":28,"column":56}},"1":{"start":{"line":29,"column":32},"end":{"line":29,"column":46}},"2":{"start":{"line":30,"column":28},"end":{"line":30,"column":42}},"3":{"start":{"line":32,"column":2},"end":{"line":48,"column":9}},"4":{"start":{"line":33,"column":26},"end":{"line":45,"column":5}},"5":{"start":{"line":34,"column":6},"end":{"line":44,"column":7}},"6":{"start":{"line":35,"column":8},"end":{"line":35,"column":25}},"7":{"start":{"line":36,"column":23},"end":{"line":36,"column":57}},"8":{"start":{"line":37,"column":8},"end":{"line":37,"column":37}},"9":{"start":{"line":38,"column":8},"end":{"line":38,"column":23}},"10":{"start":{"line":40,"column":8},"end":{"line":40,"column":56}},"11":{"start":{"line":41,"column":8},"end":{"line":41,"column":95}},"12":{"start":{"line":43,"column":8},"end":{"line":43,"column":26}},"13":{"start":{"line":47,"column":4},"end":{"line":47,"column":20}},"14":{"start":{"line":50,"column":2},"end":{"line":59,"column":3}},"15":{"start":{"line":51,"column":4},"end":{"line":58,"column":6}},"16":{"start":{"line":61,"column":2},"end":{"line":78,"column":3}},"17":{"start":{"line":62,"column":4},"end":{"line":77,"column":6}},"18":{"start":{"line":69,"column":29},"end":{"line":69,"column":53}},"19":{"start":{"line":80,"column":2},"end":{"line":112,"column":4}}},"fnMap":{"0":{"name":"App","decl":{"start":{"line":27,"column":9},"end":{"line":27,"column":12}},"loc":{"start":{"line":27,"column":15},"end":{"line":113,"column":1}},"line":27},"1":{"name":"(anonymous_1)","decl":{"start":{"line":32,"column":12},"end":{"line":32,"column":13}},"loc":{"start":{"line":32,"column":18},"end":{"line":48,"column":3}},"line":32},"2":{"name":"(anonymous_2)","decl":{"start":{"line":33,"column":26},"end":{"line":33,"column":27}},"loc":{"start":{"line":33,"column":38},"end":{"line":45,"column":5}},"line":33},"3":{"name":"(anonymous_3)","decl":{"start":{"line":69,"column":23},"end":{"line":69,"column":24}},"loc":{"start":{"line":69,"column":29},"end":{"line":69,"column":53}},"line":69}},"branchMap":{"0":{"loc":{"start":{"line":50,"column":2},"end":{"line":59,"column":3}},"type":"if","locations":[{"start":{"line":50,"column":2},"end":{"line":59,"column":3}},{"start":{},"end":{}}],"line":50},"1":{"loc":{"start":{"line":61,"column":2},"end":{"line":78,"column":3}},"type":"if","locations":[{"start":{"line":61,"column":2},"end":{"line":78,"column":3}},{"start":{},"end":{}}],"line":61}},"s":{"0":0,"1":0,"2":0,"3":0,"4":0,"5":0,"6":0,"7":0,"8":0,"9":0,"10":0,"11":0,"12":0,"13":0,"14":0,"15":0,"16":0,"17":0,"18":0,"19":0},"f":{"0":0,"1":0,"2":0,"3":0},"b":{"0":[0,0],"1":[0,0]}}
,"/Users/tim/Code/Personal/SportsEdge/dashboard/src/index.js": {"path":"/Users/tim/Code/Personal/SportsEdge/dashboard/src/index.js","statementMap":{"0":{"start":{"line":6,"column":13},"end":{"line":6,"column":65}},"1":{"start":{"line":7,"column":0},"end":{"line":11,"column":2}}},"fnMap":{},"branchMap":{},"s":{"0":0,"1":0},"f":{},"b":{}}
,"/Users/tim/Code/Personal/SportsEdge/dashboard/src/components/ConfidenceScoring.js": {"path":"/Users/tim/Code/Personal/SportsEdge/dashboard/src/components/ConfidenceScoring.js","statementMap":{"0":{"start":{"line":10,"column":26},"end":{"line":416,"column":1}},"1":{"start":{"line":11,"column":40},"end":{"line":11,"column":54}},"2":{"start":{"line":12,"column":30},"end":{"line":12,"column":44}},"3":{"start":{"line":13,"column":32},"end":{"line":13,"column":46}},"4":{"start":{"line":14,"column":28},"end":{"line":14,"column":42}},"5":{"start":{"line":15,"column":46},"end":{"line":15,"column":60}},"6":{"start":{"line":16,"column":34},"end":{"line":16,"column":54}},"7":{"start":{"line":18,"column":2},"end":{"line":20,"column":23}},"8":{"start":{"line":19,"column":4},"end":{"line":19,"column":25}},"9":{"start":{"line":22,"column":29},"end":{"line":40,"column":3}},"10":{"start":{"line":23,"column":4},"end":{"line":39,"column":5}},"11":{"start":{"line":24,"column":6},"end":{"line":24,"column":23}},"12":{"start":{"line":25,"column":6},"end":{"line":25,"column":21}},"13":{"start":{"line":27,"column":44},"end":{"line":30,"column":8}},"14":{"start":{"line":32,"column":6},"end":{"line":32,"column":38}},"15":{"start":{"line":33,"column":6},"end":{"line":33,"column":28}},"16":{"start":{"line":35,"column":6},"end":{"line":35,"column":49}},"17":{"start":{"line":36,"column":6},"end":{"line":36,"column":59}},"18":{"start":{"line":38,"column":6},"end":{"line":38,"column":24}},"19":{"start":{"line":42,"column":25},"end":{"line":50,"column":3}},"20":{"start":{"line":43,"column":4},"end":{"line":49,"column":5}},"21":{"start":{"line":44,"column":24},"end":{"line":44,"column":61}},"22":{"start":{"line":45,"column":19},"end":{"line":45,"column":54}},"23":{"start":{"line":46,"column":19},"end":{"line":46,"column":58}},"24":{"start":{"line":47,"column":19},"end":{"line":47,"column":52}},"25":{"start":{"line":48,"column":15},"end":{"line":48,"column":50}},"26":{"start":{"line":52,"column":24},"end":{"line":60,"column":3}},"27":{"start":{"line":53,"column":4},"end":{"line":59,"column":5}},"28":{"start":{"line":54,"column":24},"end":{"line":54,"column":36}},"29":{"start":{"line":55,"column":19},"end":{"line":55,"column":30}},"30":{"start":{"line":56,"column":19},"end":{"line":56,"column":31}},"31":{"start":{"line":57,"column":19},"end":{"line":57,"column":30}},"32":{"start":{"line":58,"column":15},"end":{"line":58,"column":26}},"33":{"start":{"line":62,"column":25},"end":{"line":160,"column":3}},"34":{"start":{"line":63,"column":4},"end":{"line":159,"column":10}},"35":{"start":{"line":129,"column":14},"end":{"line":154,"column":20}},"36":{"start":{"line":162,"column":28},"end":{"line":255,"column":3}},"37":{"start":{"line":163,"column":4},"end":{"line":254,"column":10}},"38":{"start":{"line":181,"column":18},"end":{"line":217,"column":23}},"39":{"start":{"line":234,"column":14},"end":{"line":249,"column":20}},"40":{"start":{"line":257,"column":23},"end":{"line":336,"column":3}},"41":{"start":{"line":258,"column":4},"end":{"line":335,"column":10}},"42":{"start":{"line":268,"column":14},"end":{"line":294,"column":20}},"43":{"start":{"line":306,"column":14},"end":{"line":330,"column":20}},"44":{"start":{"line":338,"column":2},"end":{"line":347,"column":3}},"45":{"start":{"line":339,"column":4},"end":{"line":346,"column":6}},"46":{"start":{"line":349,"column":2},"end":{"line":361,"column":3}},"47":{"start":{"line":350,"column":4},"end":{"line":360,"column":6}},"48":{"start":{"line":363,"column":2},"end":{"line":415,"column":4}},"49":{"start":{"line":376,"column":29},"end":{"line":376,"column":72}},"50":{"start":{"line":394,"column":12},"end":{"line":405,"column":21}},"51":{"start":{"line":396,"column":29},"end":{"line":396,"column":44}}},"fnMap":{"0":{"name":"(anonymous_0)","decl":{"start":{"line":10,"column":26},"end":{"line":10,"column":27}},"loc":{"start":{"line":10,"column":32},"end":{"line":416,"column":1}},"line":10},"1":{"name":"(anonymous_1)","decl":{"start":{"line":18,"column":12},"end":{"line":18,"column":13}},"loc":{"start":{"line":18,"column":18},"end":{"line":20,"column":3}},"line":18},"2":{"name":"(anonymous_2)","decl":{"start":{"line":22,"column":29},"end":{"line":22,"column":30}},"loc":{"start":{"line":22,"column":41},"end":{"line":40,"column":3}},"line":22},"3":{"name":"(anonymous_3)","decl":{"start":{"line":42,"column":25},"end":{"line":42,"column":26}},"loc":{"start":{"line":42,"column":37},"end":{"line":50,"column":3}},"line":42},"4":{"name":"(anonymous_4)","decl":{"start":{"line":52,"column":24},"end":{"line":52,"column":25}},"loc":{"start":{"line":52,"column":36},"end":{"line":60,"column":3}},"line":52},"5":{"name":"(anonymous_5)","decl":{"start":{"line":62,"column":25},"end":{"line":62,"column":26}},"loc":{"start":{"line":63,"column":4},"end":{"line":159,"column":10}},"line":63},"6":{"name":"(anonymous_6)","decl":{"start":{"line":128,"column":45},"end":{"line":128,"column":46}},"loc":{"start":{"line":129,"column":14},"end":{"line":154,"column":20}},"line":129},"7":{"name":"(anonymous_7)","decl":{"start":{"line":162,"column":28},"end":{"line":162,"column":29}},"loc":{"start":{"line":163,"column":4},"end":{"line":254,"column":10}},"line":163},"8":{"name":"(anonymous_8)","decl":{"start":{"line":180,"column":38},"end":{"line":180,"column":39}},"loc":{"start":{"line":181,"column":18},"end":{"line":217,"column":23}},"line":181},"9":{"name":"(anonymous_9)","decl":{"start":{"line":233,"column":63},"end":{"line":233,"column":64}},"loc":{"start":{"line":234,"column":14},"end":{"line":249,"column":20}},"line":234},"10":{"name":"(anonymous_10)","decl":{"start":{"line":257,"column":23},"end":{"line":257,"column":24}},"loc":{"start":{"line":258,"column":4},"end":{"line":335,"column":10}},"line":258},"11":{"name":"(anonymous_11)","decl":{"start":{"line":267,"column":42},"end":{"line":267,"column":43}},"loc":{"start":{"line":268,"column":14},"end":{"line":294,"column":20}},"line":268},"12":{"name":"(anonymous_12)","decl":{"start":{"line":305,"column":45},"end":{"line":305,"column":46}},"loc":{"start":{"line":306,"column":14},"end":{"line":330,"column":20}},"line":306},"13":{"name":"(anonymous_13)","decl":{"start":{"line":376,"column":22},"end":{"line":376,"column":23}},"loc":{"start":{"line":376,"column":29},"end":{"line":376,"column":72}},"line":376},"14":{"name":"(anonymous_14)","decl":{"start":{"line":393,"column":16},"end":{"line":393,"column":17}},"loc":{"start":{"line":394,"column":12},"end":{"line":405,"column":21}},"line":394},"15":{"name":"(anonymous_15)","decl":{"start":{"line":396,"column":23},"end":{"line":396,"column":24}},"loc":{"start":{"line":396,"column":29},"end":{"line":396,"column":44}},"line":396}},"branchMap":{"0":{"loc":{"start":{"line":43,"column":4},"end":{"line":49,"column":5}},"type":"switch","locations":[{"start":{"line":44,"column":6},"end":{"line":44,"column":61}},{"start":{"line":45,"column":6},"end":{"line":45,"column":54}},{"start":{"line":46,"column":6},"end":{"line":46,"column":58}},{"start":{"line":47,"column":6},"end":{"line":47,"column":52}},{"start":{"line":48,"column":6},"end":{"line":48,"column":50}}],"line":43},"1":{"loc":{"start":{"line":53,"column":4},"end":{"line":59,"column":5}},"type":"switch","locations":[{"start":{"line":54,"column":6},"end":{"line":54,"column":36}},{"start":{"line":55,"column":6},"end":{"line":55,"column":30}},{"start":{"line":56,"column":6},"end":{"line":56,"column":31}},{"start":{"line":57,"column":6},"end":{"line":57,"column":30}},{"start":{"line":58,"column":6},"end":{"line":58,"column":26}}],"line":53},"2":{"loc":{"start":{"line":65,"column":7},"end":{"line":118,"column":7}},"type":"binary-expr","locations":[{"start":{"line":65,"column":7},"end":{"line":65,"column":18}},{"start":{"line":66,"column":8},"end":{"line":117,"column":14}}],"line":65},"3":{"loc":{"start":{"line":121,"column":7},"end":{"line":158,"column":7}},"type":"binary-expr","locations":[{"start":{"line":121,"column":7},"end":{"line":121,"column":18}},{"start":{"line":121,"column":22},"end":{"line":121,"column":60}},{"start":{"line":122,"column":8},"end":{"line":157,"column":14}}],"line":121},"4":{"loc":{"start":{"line":130,"column":16},"end":{"line":132,"column":44}},"type":"cond-expr","locations":[{"start":{"line":130,"column":42},"end":{"line":130,"column":68}},{"start":{"line":131,"column":16},"end":{"line":132,"column":44}}],"line":130},"5":{"loc":{"start":{"line":131,"column":16},"end":{"line":132,"column":44}},"type":"cond-expr","locations":[{"start":{"line":131,"column":44},"end":{"line":131,"column":76}},{"start":{"line":132,"column":16},"end":{"line":132,"column":44}}],"line":131},"6":{"loc":{"start":{"line":137,"column":21},"end":{"line":139,"column":21}},"type":"binary-expr","locations":[{"start":{"line":137,"column":21},"end":{"line":137,"column":35}},{"start":{"line":138,"column":22},"end":{"line":138,"column":84}}],"line":137},"7":{"loc":{"start":{"line":140,"column":21},"end":{"line":144,"column":21}},"type":"binary-expr","locations":[{"start":{"line":140,"column":21},"end":{"line":140,"column":37}},{"start":{"line":141,"column":22},"end":{"line":143,"column":26}}],"line":140},"8":{"loc":{"start":{"line":147,"column":20},"end":{"line":149,"column":47}},"type":"cond-expr","locations":[{"start":{"line":147,"column":46},"end":{"line":147,"column":71}},{"start":{"line":148,"column":20},"end":{"line":149,"column":47}}],"line":147},"9":{"loc":{"start":{"line":148,"column":20},"end":{"line":149,"column":47}},"type":"cond-expr","locations":[{"start":{"line":148,"column":48},"end":{"line":148,"column":79}},{"start":{"line":149,"column":20},"end":{"line":149,"column":47}}],"line":148},"10":{"loc":{"start":{"line":164,"column":7},"end":{"line":223,"column":7}},"type":"binary-expr","locations":[{"start":{"line":164,"column":7},"end":{"line":164,"column":18}},{"start":{"line":165,"column":8},"end":{"line":222,"column":14}}],"line":164},"11":{"loc":{"start":{"line":191,"column":24},"end":{"line":193,"column":49}},"type":"cond-expr","locations":[{"start":{"line":191,"column":73},"end":{"line":191,"column":102}},{"start":{"line":192,"column":24},"end":{"line":193,"column":49}}],"line":191},"12":{"loc":{"start":{"line":192,"column":24},"end":{"line":193,"column":49}},"type":"cond-expr","locations":[{"start":{"line":192,"column":74},"end":{"line":192,"column":105}},{"start":{"line":193,"column":24},"end":{"line":193,"column":49}}],"line":192},"13":{"loc":{"start":{"line":201,"column":24},"end":{"line":203,"column":49}},"type":"cond-expr","locations":[{"start":{"line":201,"column":52},"end":{"line":201,"column":81}},{"start":{"line":202,"column":24},"end":{"line":203,"column":49}}],"line":201},"14":{"loc":{"start":{"line":202,"column":24},"end":{"line":203,"column":49}},"type":"cond-expr","locations":[{"start":{"line":202,"column":53},"end":{"line":202,"column":84}},{"start":{"line":203,"column":24},"end":{"line":203,"column":49}}],"line":202},"15":{"loc":{"start":{"line":210,"column":24},"end":{"line":212,"column":49}},"type":"cond-expr","locations":[{"start":{"line":210,"column":48},"end":{"line":210,"column":77}},{"start":{"line":211,"column":24},"end":{"line":212,"column":49}}],"line":210},"16":{"loc":{"start":{"line":211,"column":24},"end":{"line":212,"column":49}},"type":"cond-expr","locations":[{"start":{"line":211,"column":48},"end":{"line":211,"column":79}},{"start":{"line":212,"column":24},"end":{"line":212,"column":49}}],"line":211},"17":{"loc":{"start":{"line":226,"column":7},"end":{"line":253,"column":7}},"type":"binary-expr","locations":[{"start":{"line":226,"column":7},"end":{"line":226,"column":13}},{"start":{"line":226,"column":17},"end":{"line":226,"column":46}},{"start":{"line":227,"column":8},"end":{"line":252,"column":14}}],"line":226},"18":{"loc":{"start":{"line":260,"column":7},"end":{"line":298,"column":7}},"type":"binary-expr","locations":[{"start":{"line":260,"column":7},"end":{"line":260,"column":13}},{"start":{"line":260,"column":17},"end":{"line":260,"column":41}},{"start":{"line":261,"column":8},"end":{"line":297,"column":14}}],"line":260},"19":{"loc":{"start":{"line":282,"column":22},"end":{"line":284,"column":36}},"type":"cond-expr","locations":[{"start":{"line":282,"column":47},"end":{"line":282,"column":63}},{"start":{"line":283,"column":22},"end":{"line":284,"column":36}}],"line":282},"20":{"loc":{"start":{"line":283,"column":22},"end":{"line":284,"column":36}},"type":"cond-expr","locations":[{"start":{"line":283,"column":47},"end":{"line":283,"column":64}},{"start":{"line":284,"column":22},"end":{"line":284,"column":36}}],"line":283},"21":{"loc":{"start":{"line":301,"column":7},"end":{"line":334,"column":7}},"type":"binary-expr","locations":[{"start":{"line":301,"column":7},"end":{"line":301,"column":13}},{"start":{"line":301,"column":17},"end":{"line":301,"column":44}},{"start":{"line":302,"column":8},"end":{"line":333,"column":14}}],"line":301},"22":{"loc":{"start":{"line":318,"column":22},"end":{"line":320,"column":36}},"type":"cond-expr","locations":[{"start":{"line":318,"column":67},"end":{"line":318,"column":83}},{"start":{"line":319,"column":22},"end":{"line":320,"column":36}}],"line":318},"23":{"loc":{"start":{"line":319,"column":22},"end":{"line":320,"column":36}},"type":"cond-expr","locations":[{"start":{"line":319,"column":68},"end":{"line":319,"column":85}},{"start":{"line":320,"column":22},"end":{"line":320,"column":36}}],"line":319},"24":{"loc":{"start":{"line":338,"column":2},"end":{"line":347,"column":3}},"type":"if","locations":[{"start":{"line":338,"column":2},"end":{"line":347,"column":3}},{"start":{},"end":{}}],"line":338},"25":{"loc":{"start":{"line":349,"column":2},"end":{"line":361,"column":3}},"type":"if","locations":[{"start":{"line":349,"column":2},"end":{"line":361,"column":3}},{"start":{},"end":{}}],"line":349},"26":{"loc":{"start":{"line":398,"column":16},"end":{"line":400,"column":96}},"type":"cond-expr","locations":[{"start":{"line":399,"column":20},"end":{"line":399,"column":57}},{"start":{"line":400,"column":20},"end":{"line":400,"column":96}}],"line":398},"27":{"loc":{"start":{"line":411,"column":7},"end":{"line":411,"column":50}},"type":"binary-expr","locations":[{"start":{"line":411,"column":7},"end":{"line":411,"column":30}},{"start":{"line":411,"column":34},"end":{"line":411,"column":50}}],"line":411},"28":{"loc":{"start":{"line":412,"column":7},"end":{"line":412,"column":56}},"type":"binary-expr","locations":[{"start":{"line":412,"column":7},"end":{"line":412,"column":33}},{"start":{"line":412,"column":37},"end":{"line":412,"column":56}}],"line":412},"29":{"loc":{"start":{"line":413,"column":7},"end":{"line":413,"column":46}},"type":"binary-expr","locations":[{"start":{"line":413,"column":7},"end":{"line":413,"column":28}},{"start":{"line":413,"column":32},"end":{"line":413,"column":46}}],"line":413}},"s":{"0":0,"1":0,"2":0,"3":0,"4":0,"5":0,"6":0,"7":0,"8":0,"9":0,"10":0,"11":0,"12":0,"13":0,"14":0,"15":0,"16":0,"17":0,"18":0,"19":0,"20":0,"21":0,"22":0,"23":0,"24":0,"25":0,"26":0,"27":0,"28":0,"29":0,"30":0,"31":0,"32":0,"33":0,"34":0,"35":0,"36":0,"37":0,"38":0,"39":0,"40":0,"41":0,"42":0,"43":0,"44":0,"45":0,"46":0,"47":0,"48":0,"49":0,"50":0,"51":0},"f":{"0":0,"1":0,"2":0,"3":0,"4":0,"5":0,"6":0,"7":0,"8":0,"9":0,"10":0,"11":0,"12":0,"13":0,"14":0,"15":0},"b":{"0":[0,0,0,0,0],"1":[0,0,0,0,0],"2":[0,0],"3":[0,0,0],"4":[0,0],"5":[0,0],"6":[0,0],"7":[0,0],"8":[0,0],"9":[0,0],"10":[0,0],"11":[0,0],"12":[0,0],"13":[0,0],"14":[0,0],"15":[0,0],"16":[0,0],"17":[0,0,0],"18":[0,0,0],"19":[0,0],"20":[0,0],"21":[0,0,0],"22":[0,0],"23":[0,0],"24":[0,0],"25":[0,0],"26":[0,0],"27":[0,0],"28":[0,0],"29":[0,0]}}
,"/Users/tim/Code/Personal/SportsEdge/dashboard/src/components/CronStatus.js": {"path":"/Users/tim/Code/Personal/SportsEdge/dashboard/src/components/CronStatus.js","statementMap":{"0":{"start":{"line":15,"column":19},"end":{"line":268,"column":1}},"1":{"start":{"line":16,"column":34},"end":{"line":16,"column":48}},"2":{"start":{"line":17,"column":32},"end":{"line":17,"column":46}},"3":{"start":{"line":18,"column":28},"end":{"line":18,"column":42}},"4":{"start":{"line":19,"column":40},"end":{"line":19,"column":54}},"5":{"start":{"line":21,"column":25},"end":{"line":36,"column":3}},"6":{"start":{"line":22,"column":4},"end":{"line":35,"column":5}},"7":{"start":{"line":23,"column":6},"end":{"line":23,"column":23}},"8":{"start":{"line":24,"column":6},"end":{"line":24,"column":21}},"9":{"start":{"line":27,"column":23},"end":{"line":27,"column":55}},"10":{"start":{"line":28,"column":6},"end":{"line":28,"column":33}},"11":{"start":{"line":29,"column":6},"end":{"line":29,"column":33}},"12":{"start":{"line":31,"column":6},"end":{"line":31,"column":55}},"13":{"start":{"line":32,"column":6},"end":{"line":32,"column":49}},"14":{"start":{"line":34,"column":6},"end":{"line":34,"column":24}},"15":{"start":{"line":38,"column":2},"end":{"line":44,"column":9}},"16":{"start":{"line":39,"column":4},"end":{"line":39,"column":21}},"17":{"start":{"line":42,"column":21},"end":{"line":42,"column":55}},"18":{"start":{"line":43,"column":4},"end":{"line":43,"column":41}},"19":{"start":{"line":43,"column":17},"end":{"line":43,"column":40}},"20":{"start":{"line":46,"column":24},"end":{"line":52,"column":3}},"21":{"start":{"line":47,"column":4},"end":{"line":47,"column":31}},"22":{"start":{"line":47,"column":18},"end":{"line":47,"column":31}},"23":{"start":{"line":48,"column":4},"end":{"line":48,"column":54}},"24":{"start":{"line":48,"column":22},"end":{"line":48,"column":54}},"25":{"start":{"line":49,"column":20},"end":{"line":49,"column":44}},"26":{"start":{"line":50,"column":29},"end":{"line":50,"column":41}},"27":{"start":{"line":51,"column":4},"end":{"line":51,"column":57}},"28":{"start":{"line":54,"column":24},"end":{"line":61,"column":3}},"29":{"start":{"line":55,"column":4},"end":{"line":60,"column":5}},"30":{"start":{"line":56,"column":22},"end":{"line":56,"column":80}},"31":{"start":{"line":57,"column":20},"end":{"line":57,"column":72}},"32":{"start":{"line":58,"column":22},"end":{"line":58,"column":90}},"33":{"start":{"line":59,"column":15},"end":{"line":59,"column":76}},"34":{"start":{"line":63,"column":26},"end":{"line":67,"column":3}},"35":{"start":{"line":64,"column":4},"end":{"line":64,"column":93}},"36":{"start":{"line":64,"column":27},"end":{"line":64,"column":93}},"37":{"start":{"line":65,"column":4},"end":{"line":65,"column":84}},"38":{"start":{"line":65,"column":27},"end":{"line":65,"column":84}},"39":{"start":{"line":66,"column":4},"end":{"line":66,"column":58}},"40":{"start":{"line":69,"column":2},"end":{"line":75,"column":3}},"41":{"start":{"line":70,"column":4},"end":{"line":74,"column":6}},"42":{"start":{"line":77,"column":2},"end":{"line":83,"column":3}},"43":{"start":{"line":78,"column":4},"end":{"line":82,"column":6}},"44":{"start":{"line":85,"column":2},"end":{"line":91,"column":3}},"45":{"start":{"line":86,"column":4},"end":{"line":90,"column":6}},"46":{"start":{"line":93,"column":52},"end":{"line":93,"column":60}},"47":{"start":{"line":94,"column":17},"end":{"line":94,"column":54}},"48":{"start":{"line":96,"column":2},"end":{"line":267,"column":4}},"49":{"start":{"line":196,"column":18},"end":{"line":199,"column":24}},"50":{"start":{"line":217,"column":16},"end":{"line":237,"column":22}},"51":{"start":{"line":252,"column":14},"end":{"line":261,"column":20}}},"fnMap":{"0":{"name":"(anonymous_0)","decl":{"start":{"line":15,"column":19},"end":{"line":15,"column":20}},"loc":{"start":{"line":15,"column":25},"end":{"line":268,"column":1}},"line":15},"1":{"name":"(anonymous_1)","decl":{"start":{"line":21,"column":25},"end":{"line":21,"column":26}},"loc":{"start":{"line":21,"column":37},"end":{"line":36,"column":3}},"line":21},"2":{"name":"(anonymous_2)","decl":{"start":{"line":38,"column":12},"end":{"line":38,"column":13}},"loc":{"start":{"line":38,"column":18},"end":{"line":44,"column":3}},"line":38},"3":{"name":"(anonymous_3)","decl":{"start":{"line":43,"column":11},"end":{"line":43,"column":12}},"loc":{"start":{"line":43,"column":17},"end":{"line":43,"column":40}},"line":43},"4":{"name":"(anonymous_4)","decl":{"start":{"line":46,"column":24},"end":{"line":46,"column":25}},"loc":{"start":{"line":46,"column":37},"end":{"line":52,"column":3}},"line":46},"5":{"name":"(anonymous_5)","decl":{"start":{"line":54,"column":24},"end":{"line":54,"column":25}},"loc":{"start":{"line":54,"column":36},"end":{"line":61,"column":3}},"line":54},"6":{"name":"(anonymous_6)","decl":{"start":{"line":63,"column":26},"end":{"line":63,"column":27}},"loc":{"start":{"line":63,"column":43},"end":{"line":67,"column":3}},"line":63},"7":{"name":"(anonymous_7)","decl":{"start":{"line":195,"column":72},"end":{"line":195,"column":73}},"loc":{"start":{"line":196,"column":18},"end":{"line":199,"column":24}},"line":196},"8":{"name":"(anonymous_8)","decl":{"start":{"line":216,"column":43},"end":{"line":216,"column":44}},"loc":{"start":{"line":217,"column":16},"end":{"line":237,"column":22}},"line":217},"9":{"name":"(anonymous_9)","decl":{"start":{"line":251,"column":37},"end":{"line":251,"column":38}},"loc":{"start":{"line":252,"column":14},"end":{"line":261,"column":20}},"line":252}},"branchMap":{"0":{"loc":{"start":{"line":47,"column":4},"end":{"line":47,"column":31}},"type":"if","locations":[{"start":{"line":47,"column":4},"end":{"line":47,"column":31}},{"start":{},"end":{}}],"line":47},"1":{"loc":{"start":{"line":48,"column":4},"end":{"line":48,"column":54}},"type":"if","locations":[{"start":{"line":48,"column":4},"end":{"line":48,"column":54}},{"start":{},"end":{}}],"line":48},"2":{"loc":{"start":{"line":55,"column":4},"end":{"line":60,"column":5}},"type":"switch","locations":[{"start":{"line":56,"column":6},"end":{"line":56,"column":80}},{"start":{"line":57,"column":6},"end":{"line":57,"column":72}},{"start":{"line":58,"column":6},"end":{"line":58,"column":90}},{"start":{"line":59,"column":6},"end":{"line":59,"column":76}}],"line":55},"3":{"loc":{"start":{"line":64,"column":4},"end":{"line":64,"column":93}},"type":"if","locations":[{"start":{"line":64,"column":4},"end":{"line":64,"column":93}},{"start":{},"end":{}}],"line":64},"4":{"loc":{"start":{"line":65,"column":4},"end":{"line":65,"column":84}},"type":"if","locations":[{"start":{"line":65,"column":4},"end":{"line":65,"column":84}},{"start":{},"end":{}}],"line":65},"5":{"loc":{"start":{"line":69,"column":2},"end":{"line":75,"column":3}},"type":"if","locations":[{"start":{"line":69,"column":2},"end":{"line":75,"column":3}},{"start":{},"end":{}}],"line":69},"6":{"loc":{"start":{"line":77,"column":2},"end":{"line":83,"column":3}},"type":"if","locations":[{"start":{"line":77,"column":2},"end":{"line":83,"column":3}},{"start":{},"end":{}}],"line":77},"7":{"loc":{"start":{"line":85,"column":2},"end":{"line":91,"column":3}},"type":"if","locations":[{"start":{"line":85,"column":2},"end":{"line":91,"column":3}},{"start":{},"end":{}}],"line":85},"8":{"loc":{"start":{"line":113,"column":27},"end":{"line":113,"column":83}},"type":"cond-expr","locations":[{"start":{"line":113,"column":41},"end":{"line":113,"column":73}},{"start":{"line":113,"column":76},"end":{"line":113,"column":83}}],"line":113},"9":{"loc":{"start":{"line":182,"column":47},"end":{"line":182,"column":96}},"type":"binary-expr","locations":[{"start":{"line":182,"column":47},"end":{"line":182,"column":91}},{"start":{"line":182,"column":95},"end":{"line":182,"column":96}}],"line":182},"10":{"loc":{"start":{"line":187,"column":19},"end":{"line":189,"column":26}},"type":"cond-expr","locations":[{"start":{"line":188,"column":20},"end":{"line":188,"column":78}},{"start":{"line":189,"column":20},"end":{"line":189,"column":26}}],"line":187},"11":{"loc":{"start":{"line":195,"column":32},"end":{"line":195,"column":66}},"type":"binary-expr","locations":[{"start":{"line":195,"column":32},"end":{"line":195,"column":60}},{"start":{"line":195,"column":64},"end":{"line":195,"column":66}}],"line":195},"12":{"loc":{"start":{"line":222,"column":25},"end":{"line":222,"column":95}},"type":"cond-expr","locations":[{"start":{"line":222,"column":42},"end":{"line":222,"column":83}},{"start":{"line":222,"column":86},"end":{"line":222,"column":95}}],"line":222},"13":{"loc":{"start":{"line":225,"column":25},"end":{"line":225,"column":73}},"type":"cond-expr","locations":[{"start":{"line":225,"column":36},"end":{"line":225,"column":61}},{"start":{"line":225,"column":64},"end":{"line":225,"column":73}}],"line":225},"14":{"loc":{"start":{"line":234,"column":23},"end":{"line":234,"column":46}},"type":"binary-expr","locations":[{"start":{"line":234,"column":23},"end":{"line":234,"column":33}},{"start":{"line":234,"column":37},"end":{"line":234,"column":46}}],"line":234}},"s":{"0":0,"1":0,"2":0,"3":0,"4":0,"5":0,"6":0,"7":0,"8":0,"9":0,"10":0,"11":0,"12":0,"13":0,"14":0,"15":0,"16":0,"17":0,"18":0,"19":0,"20":0,"21":0,"22":0,"23":0,"24":0,"25":0,"26":0,"27":0,"28":0,"29":0,"30":0,"31":0,"32":0,"33":0,"34":0,"35":0,"36":0,"37":0,"38":0,"39":0,"40":0,"41":0,"42":0,"43":0,"44":0,"45":0,"46":0,"47":0,"48":0,"49":0,"50":0,"51":0},"f":{"0":0,"1":0,"2":0,"3":0,"4":0,"5":0,"6":0,"7":0,"8":0,"9":0},"b":{"0":[0,0],"1":[0,0],"2":[0,0,0,0],"3":[0,0],"4":[0,0],"5":[0,0],"6":[0,0],"7":[0,0],"8":[0,0],"9":[0,0],"10":[0,0],"11":[0,0],"12":[0,0],"13":[0,0],"14":[0,0]}}
,"/Users/tim/Code/Personal/SportsEdge/dashboard/src/components/Dashboard.js": {"path":"/Users/tim/Code/Personal/SportsEdge/dashboard/src/components/Dashboard.js","statementMap":{"0":{"start":{"line":5,"column":18},"end":{"line":207,"column":1}},"1":{"start":{"line":6,"column":42},"end":{"line":6,"column":54}},"2":{"start":{"line":7,"column":40},"end":{"line":7,"column":52}},"3":{"start":{"line":8,"column":54},"end":{"line":8,"column":68}},"4":{"start":{"line":9,"column":32},"end":{"line":9,"column":46}},"5":{"start":{"line":10,"column":40},"end":{"line":10,"column":54}},"6":{"start":{"line":12,"column":28},"end":{"line":38,"column":3}},"7":{"start":{"line":13,"column":4},"end":{"line":37,"column":5}},"8":{"start":{"line":14,"column":6},"end":{"line":14,"column":23}},"9":{"start":{"line":17,"column":31},"end":{"line":17,"column":67}},"10":{"start":{"line":18,"column":6},"end":{"line":18,"column":73}},"11":{"start":{"line":21,"column":28},"end":{"line":21,"column":76}},"12":{"start":{"line":22,"column":6},"end":{"line":22,"column":53}},"13":{"start":{"line":25,"column":32},"end":{"line":25,"column":81}},"14":{"start":{"line":26,"column":6},"end":{"line":26,"column":52}},"15":{"start":{"line":28,"column":6},"end":{"line":28,"column":33}},"16":{"start":{"line":30,"column":6},"end":{"line":30,"column":61}},"17":{"start":{"line":32,"column":6},"end":{"line":32,"column":26}},"18":{"start":{"line":33,"column":6},"end":{"line":33,"column":25}},"19":{"start":{"line":34,"column":6},"end":{"line":34,"column":34}},"20":{"start":{"line":36,"column":6},"end":{"line":36,"column":24}},"21":{"start":{"line":40,"column":2},"end":{"line":46,"column":9}},"22":{"start":{"line":41,"column":4},"end":{"line":41,"column":24}},"23":{"start":{"line":44,"column":21},"end":{"line":44,"column":66}},"24":{"start":{"line":45,"column":4},"end":{"line":45,"column":41}},"25":{"start":{"line":45,"column":17},"end":{"line":45,"column":40}},"26":{"start":{"line":48,"column":19},"end":{"line":60,"column":3}},"27":{"start":{"line":49,"column":4},"end":{"line":59,"column":10}},"28":{"start":{"line":62,"column":2},"end":{"line":69,"column":3}},"29":{"start":{"line":63,"column":4},"end":{"line":68,"column":6}},"30":{"start":{"line":71,"column":2},"end":{"line":206,"column":4}},"31":{"start":{"line":125,"column":14},"end":{"line":143,"column":20}},"32":{"start":{"line":156,"column":14},"end":{"line":174,"column":20}}},"fnMap":{"0":{"name":"(anonymous_0)","decl":{"start":{"line":5,"column":18},"end":{"line":5,"column":19}},"loc":{"start":{"line":5,"column":24},"end":{"line":207,"column":1}},"line":5},"1":{"name":"(anonymous_1)","decl":{"start":{"line":12,"column":28},"end":{"line":12,"column":29}},"loc":{"start":{"line":12,"column":40},"end":{"line":38,"column":3}},"line":12},"2":{"name":"(anonymous_2)","decl":{"start":{"line":40,"column":12},"end":{"line":40,"column":13}},"loc":{"start":{"line":40,"column":18},"end":{"line":46,"column":3}},"line":40},"3":{"name":"(anonymous_3)","decl":{"start":{"line":45,"column":11},"end":{"line":45,"column":12}},"loc":{"start":{"line":45,"column":17},"end":{"line":45,"column":40}},"line":45},"4":{"name":"(anonymous_4)","decl":{"start":{"line":48,"column":19},"end":{"line":48,"column":20}},"loc":{"start":{"line":49,"column":4},"end":{"line":59,"column":10}},"line":49},"5":{"name":"(anonymous_5)","decl":{"start":{"line":124,"column":30},"end":{"line":124,"column":31}},"loc":{"start":{"line":125,"column":14},"end":{"line":143,"column":20}},"line":125},"6":{"name":"(anonymous_6)","decl":{"start":{"line":155,"column":29},"end":{"line":155,"column":30}},"loc":{"start":{"line":156,"column":14},"end":{"line":174,"column":20}},"line":156}},"branchMap":{"0":{"loc":{"start":{"line":18,"column":22},"end":{"line":18,"column":71}},"type":"binary-expr","locations":[{"start":{"line":18,"column":22},"end":{"line":18,"column":65}},{"start":{"line":18,"column":69},"end":{"line":18,"column":71}}],"line":18},"1":{"loc":{"start":{"line":22,"column":21},"end":{"line":22,"column":51}},"type":"binary-expr","locations":[{"start":{"line":22,"column":21},"end":{"line":22,"column":45}},{"start":{"line":22,"column":49},"end":{"line":22,"column":51}}],"line":22},"2":{"loc":{"start":{"line":48,"column":48},"end":{"line":48,"column":69}},"type":"default-arg","locations":[{"start":{"line":48,"column":56},"end":{"line":48,"column":69}}],"line":48},"3":{"loc":{"start":{"line":62,"column":2},"end":{"line":69,"column":3}},"type":"if","locations":[{"start":{"line":62,"column":2},"end":{"line":69,"column":3}},{"start":{},"end":{}}],"line":62},"4":{"loc":{"start":{"line":98,"column":17},"end":{"line":98,"column":73}},"type":"binary-expr","locations":[{"start":{"line":98,"column":17},"end":{"line":98,"column":64}},{"start":{"line":98,"column":68},"end":{"line":98,"column":73}}],"line":98},"5":{"loc":{"start":{"line":104,"column":17},"end":{"line":104,"column":131}},"type":"cond-expr","locations":[{"start":{"line":104,"column":64},"end":{"line":104,"column":123}},{"start":{"line":104,"column":126},"end":{"line":104,"column":131}}],"line":104},"6":{"loc":{"start":{"line":110,"column":17},"end":{"line":110,"column":139}},"type":"cond-expr","locations":[{"start":{"line":110,"column":71},"end":{"line":110,"column":131}},{"start":{"line":110,"column":134},"end":{"line":110,"column":139}}],"line":110},"7":{"loc":{"start":{"line":125,"column":24},"end":{"line":125,"column":52}},"type":"binary-expr","locations":[{"start":{"line":125,"column":24},"end":{"line":125,"column":33}},{"start":{"line":125,"column":37},"end":{"line":125,"column":52}}],"line":125},"8":{"loc":{"start":{"line":128,"column":21},"end":{"line":128,"column":43}},"type":"binary-expr","locations":[{"start":{"line":128,"column":21},"end":{"line":128,"column":30}},{"start":{"line":128,"column":34},"end":{"line":128,"column":43}}],"line":128},"9":{"loc":{"start":{"line":132,"column":86},"end":{"line":132,"column":136}},"type":"cond-expr","locations":[{"start":{"line":132,"column":101},"end":{"line":132,"column":132}},{"start":{"line":132,"column":135},"end":{"line":132,"column":136}}],"line":132},"10":{"loc":{"start":{"line":137,"column":21},"end":{"line":137,"column":37}},"type":"binary-expr","locations":[{"start":{"line":137,"column":21},"end":{"line":137,"column":32}},{"start":{"line":137,"column":36},"end":{"line":137,"column":37}}],"line":137},"11":{"loc":{"start":{"line":140,"column":21},"end":{"line":140,"column":47}},"type":"cond-expr","locations":[{"start":{"line":140,"column":39},"end":{"line":140,"column":42}},{"start":{"line":140,"column":45},"end":{"line":140,"column":47}}],"line":140},"12":{"loc":{"start":{"line":140,"column":49},"end":{"line":140,"column":65}},"type":"binary-expr","locations":[{"start":{"line":140,"column":49},"end":{"line":140,"column":60}},{"start":{"line":140,"column":64},"end":{"line":140,"column":65}}],"line":140},"13":{"loc":{"start":{"line":156,"column":24},"end":{"line":156,"column":55}},"type":"binary-expr","locations":[{"start":{"line":156,"column":24},"end":{"line":156,"column":36}},{"start":{"line":156,"column":40},"end":{"line":156,"column":55}}],"line":156},"14":{"loc":{"start":{"line":160,"column":58},"end":{"line":160,"column":94}},"type":"binary-expr","locations":[{"start":{"line":160,"column":58},"end":{"line":160,"column":74}},{"start":{"line":160,"column":78},"end":{"line":160,"column":94}}],"line":160},"15":{"loc":{"start":{"line":162,"column":23},"end":{"line":162,"column":111}},"type":"cond-expr","locations":[{"start":{"line":162,"column":58},"end":{"line":162,"column":98}},{"start":{"line":162,"column":101},"end":{"line":162,"column":111}}],"line":162},"16":{"loc":{"start":{"line":162,"column":23},"end":{"line":162,"column":55}},"type":"binary-expr","locations":[{"start":{"line":162,"column":23},"end":{"line":162,"column":37}},{"start":{"line":162,"column":41},"end":{"line":162,"column":55}}],"line":162},"17":{"loc":{"start":{"line":167,"column":23},"end":{"line":167,"column":66}},"type":"cond-expr","locations":[{"start":{"line":167,"column":39},"end":{"line":167,"column":54}},{"start":{"line":167,"column":57},"end":{"line":167,"column":66}}],"line":167},"18":{"loc":{"start":{"line":170,"column":44},"end":{"line":170,"column":68}},"type":"binary-expr","locations":[{"start":{"line":170,"column":44},"end":{"line":170,"column":55}},{"start":{"line":170,"column":59},"end":{"line":170,"column":68}}],"line":170},"19":{"loc":{"start":{"line":196,"column":15},"end":{"line":196,"column":69}},"type":"cond-expr","locations":[{"start":{"line":196,"column":29},"end":{"line":196,"column":61}},{"start":{"line":196,"column":64},"end":{"line":196,"column":69}}],"line":196}},"s":{"0":2,"1":15,"2":13,"3":13,"4":13,"5":13,"6":13,"7":8,"8":8,"9":8,"10":8,"11":0,"12":0,"13":0,"14":0,"15":0,"16":8,"17":8,"18":8,"19":8,"20":8,"21":13,"22":8,"23":8,"24":8,"25":8,"26":13,"27":20,"28":13,"29":8,"30":5,"31":0,"32":0},"f":{"0":15,"1":8,"2":8,"3":8,"4":20,"5":0,"6":0},"b":{"0":[8,0],"1":[0,0],"2":[0],"3":[8,5],"4":[5,5],"5":[0,5],"6":[0,5],"7":[0,0],"8":[0,0],"9":[0,0],"10":[0,0],"11":[0,0],"12":[0,0],"13":[0,0],"14":[0,0],"15":[0,0],"16":[0,0],"17":[0,0],"18":[0,0],"19":[0,5]},"_coverageSchema":"1a1c01bbd47fc00a2c39e90264f33305004495a9","hash":"e7cc22f66136cc43b9ff26b326e3aee575f79477"}
,"/Users/tim/Code/Personal/SportsEdge/dashboard/src/components/ELOVisualizations.js": {"path":"/Users/tim/Code/Personal/SportsEdge/dashboard/src/components/ELOVisualizations.js","statementMap":{"0":{"start":{"line":30,"column":26},"end":{"line":632,"column":1}},"1":{"start":{"line":31,"column":32},"end":{"line":31,"column":46}},"2":{"start":{"line":32,"column":28},"end":{"line":32,"column":42}},"3":{"start":{"line":33,"column":46},"end":{"line":33,"column":60}},"4":{"start":{"line":34,"column":44},"end":{"line":34,"column":82}},"5":{"start":{"line":35,"column":50},"end":{"line":35,"column":62}},"6":{"start":{"line":36,"column":46},"end":{"line":36,"column":58}},"7":{"start":{"line":37,"column":38},"end":{"line":37,"column":50}},"8":{"start":{"line":38,"column":38},"end":{"line":38,"column":50}},"9":{"start":{"line":39,"column":54},"end":{"line":39,"column":66}},"10":{"start":{"line":40,"column":44},"end":{"line":40,"column":56}},"11":{"start":{"line":41,"column":34},"end":{"line":41,"column":46}},"12":{"start":{"line":42,"column":44},"end":{"line":42,"column":59}},"13":{"start":{"line":44,"column":2},"end":{"line":46,"column":9}},"14":{"start":{"line":45,"column":4},"end":{"line":45,"column":22}},"15":{"start":{"line":48,"column":2},"end":{"line":52,"column":38}},"16":{"start":{"line":49,"column":4},"end":{"line":51,"column":5}},"17":{"start":{"line":50,"column":6},"end":{"line":50,"column":30}},"18":{"start":{"line":54,"column":26},"end":{"line":73,"column":3}},"19":{"start":{"line":55,"column":4},"end":{"line":72,"column":5}},"20":{"start":{"line":56,"column":6},"end":{"line":56,"column":23}},"21":{"start":{"line":59,"column":30},"end":{"line":59,"column":62}},"22":{"start":{"line":60,"column":6},"end":{"line":60,"column":96}},"23":{"start":{"line":63,"column":28},"end":{"line":63,"column":74}},"24":{"start":{"line":64,"column":20},"end":{"line":64,"column":76}},"25":{"start":{"line":64,"column":60},"end":{"line":64,"column":69}},"26":{"start":{"line":65,"column":6},"end":{"line":65,"column":31}},"27":{"start":{"line":68,"column":6},"end":{"line":68,"column":56}},"28":{"start":{"line":69,"column":6},"end":{"line":69,"column":46}},"29":{"start":{"line":71,"column":6},"end":{"line":71,"column":24}},"30":{"start":{"line":75,"column":32},"end":{"line":107,"column":3}},"31":{"start":{"line":76,"column":4},"end":{"line":106,"column":5}},"32":{"start":{"line":77,"column":6},"end":{"line":77,"column":23}},"33":{"start":{"line":80,"column":30},"end":{"line":82,"column":7}},"34":{"start":{"line":81,"column":8},"end":{"line":81,"column":60}},"35":{"start":{"line":83,"column":31},"end":{"line":83,"column":65}},"36":{"start":{"line":86,"column":31},"end":{"line":86,"column":66}},"37":{"start":{"line":87,"column":6},"end":{"line":87,"column":38}},"38":{"start":{"line":90,"column":25},"end":{"line":90,"column":47}},"39":{"start":{"line":91,"column":6},"end":{"line":91,"column":32}},"40":{"start":{"line":94,"column":31},"end":{"line":94,"column":61}},"41":{"start":{"line":95,"column":6},"end":{"line":95,"column":46}},"42":{"start":{"line":98,"column":26},"end":{"line":98,"column":51}},"43":{"start":{"line":99,"column":6},"end":{"line":99,"column":36}},"44":{"start":{"line":102,"column":6},"end":{"line":102,"column":62}},"45":{"start":{"line":103,"column":6},"end":{"line":103,"column":52}},"46":{"start":{"line":105,"column":6},"end":{"line":105,"column":24}},"47":{"start":{"line":109,"column":28},"end":{"line":168,"column":3}},"48":{"start":{"line":110,"column":24},"end":{"line":110,"column":26}},"49":{"start":{"line":111,"column":21},"end":{"line":111,"column":23}},"50":{"start":{"line":114,"column":21},"end":{"line":114,"column":23}},"51":{"start":{"line":115,"column":4},"end":{"line":123,"column":7}},"52":{"start":{"line":116,"column":19},"end":{"line":116,"column":39}},"53":{"start":{"line":117,"column":19},"end":{"line":117,"column":51}},"54":{"start":{"line":118,"column":6},"end":{"line":122,"column":8}},"55":{"start":{"line":125,"column":4},"end":{"line":165,"column":5}},"56":{"start":{"line":125,"column":20},"end":{"line":125,"column":21}},"57":{"start":{"line":126,"column":23},"end":{"line":126,"column":47}},"58":{"start":{"line":128,"column":6},"end":{"line":162,"column":9}},"59":{"start":{"line":129,"column":55},"end":{"line":129,"column":69}},"60":{"start":{"line":131,"column":8},"end":{"line":161,"column":9}},"61":{"start":{"line":133,"column":10},"end":{"line":143,"column":11}},"62":{"start":{"line":135,"column":12},"end":{"line":135,"column":64}},"63":{"start":{"line":136,"column":17},"end":{"line":143,"column":11}},"64":{"start":{"line":138,"column":12},"end":{"line":138,"column":55}},"65":{"start":{"line":141,"column":36},"end":{"line":141,"column":73}},"66":{"start":{"line":142,"column":12},"end":{"line":142,"column":57}},"67":{"start":{"line":146,"column":10},"end":{"line":160,"column":11}},"68":{"start":{"line":148,"column":31},"end":{"line":148,"column":35}},"69":{"start":{"line":149,"column":33},"end":{"line":149,"column":66}},"70":{"start":{"line":150,"column":36},"end":{"line":150,"column":70}},"71":{"start":{"line":151,"column":12},"end":{"line":151,"column":57}},"72":{"start":{"line":154,"column":31},"end":{"line":154,"column":35}},"73":{"start":{"line":155,"column":36},"end":{"line":155,"column":64}},"74":{"start":{"line":156,"column":34},"end":{"line":156,"column":63}},"75":{"start":{"line":157,"column":36},"end":{"line":157,"column":61}},"76":{"start":{"line":158,"column":36},"end":{"line":158,"column":98}},"77":{"start":{"line":159,"column":12},"end":{"line":159,"column":57}},"78":{"start":{"line":164,"column":6},"end":{"line":164,"column":33}},"79":{"start":{"line":167,"column":4},"end":{"line":167,"column":23}},"80":{"start":{"line":170,"column":24},"end":{"line":172,"column":3}},"81":{"start":{"line":171,"column":4},"end":{"line":171,"column":39}},"82":{"start":{"line":174,"column":29},"end":{"line":176,"column":3}},"83":{"start":{"line":175,"column":4},"end":{"line":175,"column":38}},"84":{"start":{"line":178,"column":25},"end":{"line":230,"column":3}},"85":{"start":{"line":179,"column":4},"end":{"line":229,"column":5}},"86":{"start":{"line":181,"column":30},"end":{"line":181,"column":76}},"87":{"start":{"line":182,"column":22},"end":{"line":182,"column":56}},"88":{"start":{"line":184,"column":21},"end":{"line":223,"column":8}},"89":{"start":{"line":185,"column":31},"end":{"line":185,"column":65}},"90":{"start":{"line":185,"column":49},"end":{"line":185,"column":64}},"91":{"start":{"line":186,"column":8},"end":{"line":188,"column":9}},"92":{"start":{"line":187,"column":10},"end":{"line":187,"column":64}},"93":{"start":{"line":190,"column":23},"end":{"line":190,"column":49}},"94":{"start":{"line":191,"column":22},"end":{"line":191,"column":79}},"95":{"start":{"line":194,"column":26},"end":{"line":194,"column":32}},"96":{"start":{"line":195,"column":25},"end":{"line":195,"column":30}},"97":{"start":{"line":197,"column":8},"end":{"line":201,"column":9}},"98":{"start":{"line":199,"column":10},"end":{"line":199,"column":58}},"99":{"start":{"line":200,"column":10},"end":{"line":200,"column":51}},"100":{"start":{"line":203,"column":20},"end":{"line":203,"column":28}},"101":{"start":{"line":204,"column":8},"end":{"line":205,"column":49}},"102":{"start":{"line":204,"column":29},"end":{"line":204,"column":42}},"103":{"start":{"line":205,"column":13},"end":{"line":205,"column":49}},"104":{"start":{"line":205,"column":34},"end":{"line":205,"column":49}},"105":{"start":{"line":208,"column":8},"end":{"line":215,"column":12}},"106":{"start":{"line":208,"column":29},"end":{"line":215,"column":9}},"107":{"start":{"line":217,"column":8},"end":{"line":222,"column":10}},"108":{"start":{"line":225,"column":6},"end":{"line":225,"column":20}},"109":{"start":{"line":227,"column":6},"end":{"line":227,"column":55}},"110":{"start":{"line":228,"column":6},"end":{"line":228,"column":89}},"111":{"start":{"line":228,"column":40},"end":{"line":228,"column":86}},"112":{"start":{"line":232,"column":33},"end":{"line":266,"column":3}},"113":{"start":{"line":233,"column":4},"end":{"line":265,"column":5}},"114":{"start":{"line":235,"column":30},"end":{"line":235,"column":76}},"115":{"start":{"line":236,"column":22},"end":{"line":236,"column":56}},"116":{"start":{"line":239,"column":21},"end":{"line":246,"column":7}},"117":{"start":{"line":248,"column":6},"end":{"line":254,"column":9}},"118":{"start":{"line":249,"column":23},"end":{"line":249,"column":42}},"119":{"start":{"line":250,"column":22},"end":{"line":250,"column":74}},"120":{"start":{"line":250,"column":39},"end":{"line":250,"column":73}},"121":{"start":{"line":251,"column":8},"end":{"line":253,"column":9}},"122":{"start":{"line":252,"column":10},"end":{"line":252,"column":24}},"123":{"start":{"line":256,"column":20},"end":{"line":256,"column":34}},"124":{"start":{"line":257,"column":6},"end":{"line":260,"column":43}},"125":{"start":{"line":257,"column":34},"end":{"line":260,"column":7}},"126":{"start":{"line":260,"column":26},"end":{"line":260,"column":41}},"127":{"start":{"line":263,"column":6},"end":{"line":263,"column":63}},"128":{"start":{"line":264,"column":6},"end":{"line":264,"column":16}},"129":{"start":{"line":268,"column":28},"end":{"line":321,"column":3}},"130":{"start":{"line":269,"column":4},"end":{"line":320,"column":5}},"131":{"start":{"line":271,"column":30},"end":{"line":271,"column":76}},"132":{"start":{"line":272,"column":22},"end":{"line":272,"column":56}},"133":{"start":{"line":274,"column":6},"end":{"line":315,"column":7}},"134":{"start":{"line":276,"column":24},"end":{"line":276,"column":92}},"135":{"start":{"line":276,"column":44},"end":{"line":276,"column":60}},"136":{"start":{"line":276,"column":79},"end":{"line":276,"column":91}},"137":{"start":{"line":278,"column":8},"end":{"line":282,"column":9}},"138":{"start":{"line":279,"column":10},"end":{"line":281,"column":12}},"139":{"start":{"line":284,"column":26},"end":{"line":284,"column":91}},"140":{"start":{"line":284,"column":58},"end":{"line":284,"column":70}},"141":{"start":{"line":285,"column":26},"end":{"line":285,"column":46}},"142":{"start":{"line":286,"column":26},"end":{"line":286,"column":46}},"143":{"start":{"line":288,"column":8},"end":{"line":296,"column":10}},"144":{"start":{"line":299,"column":27},"end":{"line":299,"column":29}},"145":{"start":{"line":300,"column":8},"end":{"line":313,"column":9}},"146":{"start":{"line":300,"column":24},"end":{"line":300,"column":25}},"147":{"start":{"line":301,"column":28},"end":{"line":301,"column":54}},"148":{"start":{"line":302,"column":28},"end":{"line":302,"column":58}},"149":{"start":{"line":303,"column":28},"end":{"line":303,"column":58}},"150":{"start":{"line":304,"column":30},"end":{"line":304,"column":64}},"151":{"start":{"line":306,"column":10},"end":{"line":312,"column":13}},"152":{"start":{"line":314,"column":8},"end":{"line":314,"column":26}},"153":{"start":{"line":318,"column":6},"end":{"line":318,"column":58}},"154":{"start":{"line":319,"column":6},"end":{"line":319,"column":16}},"155":{"start":{"line":323,"column":30},"end":{"line":329,"column":3}},"156":{"start":{"line":324,"column":4},"end":{"line":328,"column":5}},"157":{"start":{"line":325,"column":6},"end":{"line":325,"column":62}},"158":{"start":{"line":325,"column":49},"end":{"line":325,"column":59}},"159":{"start":{"line":326,"column":11},"end":{"line":328,"column":5}},"160":{"start":{"line":327,"column":6},"end":{"line":327,"column":49}},"161":{"start":{"line":331,"column":31},"end":{"line":349,"column":3}},"162":{"start":{"line":332,"column":4},"end":{"line":348,"column":5}},"163":{"start":{"line":333,"column":6},"end":{"line":333,"column":29}},"164":{"start":{"line":334,"column":23},"end":{"line":334,"column":63}},"165":{"start":{"line":336,"column":6},"end":{"line":342,"column":7}},"166":{"start":{"line":338,"column":8},"end":{"line":338,"column":38}},"167":{"start":{"line":339,"column":8},"end":{"line":339,"column":56}},"168":{"start":{"line":341,"column":8},"end":{"line":341,"column":68}},"169":{"start":{"line":344,"column":6},"end":{"line":344,"column":61}},"170":{"start":{"line":345,"column":6},"end":{"line":345,"column":68}},"171":{"start":{"line":347,"column":6},"end":{"line":347,"column":30}},"172":{"start":{"line":351,"column":23},"end":{"line":363,"column":3}},"173":{"start":{"line":352,"column":19},"end":{"line":361,"column":5}},"174":{"start":{"line":362,"column":4},"end":{"line":362,"column":37}},"175":{"start":{"line":365,"column":2},"end":{"line":371,"column":3}},"176":{"start":{"line":366,"column":4},"end":{"line":370,"column":6}},"177":{"start":{"line":373,"column":2},"end":{"line":385,"column":3}},"178":{"start":{"line":374,"column":4},"end":{"line":384,"column":6}},"179":{"start":{"line":387,"column":2},"end":{"line":631,"column":4}},"180":{"start":{"line":412,"column":31},"end":{"line":412,"column":74}},"181":{"start":{"line":416,"column":16},"end":{"line":416,"column":69}},"182":{"start":{"line":439,"column":12},"end":{"line":449,"column":21}},"183":{"start":{"line":441,"column":29},"end":{"line":441,"column":54}},"184":{"start":{"line":470,"column":44},"end":{"line":470,"column":57}},"185":{"start":{"line":471,"column":43},"end":{"line":471,"column":59}},"186":{"start":{"line":475,"column":16},"end":{"line":483,"column":18}},"187":{"start":{"line":500,"column":14},"end":{"line":523,"column":20}},"188":{"start":{"line":541,"column":46},"end":{"line":541,"column":96}},"189":{"start":{"line":598,"column":46},"end":{"line":598,"column":59}},"190":{"start":{"line":599,"column":45},"end":{"line":599,"column":61}}},"fnMap":{"0":{"name":"(anonymous_0)","decl":{"start":{"line":30,"column":26},"end":{"line":30,"column":27}},"loc":{"start":{"line":30,"column":32},"end":{"line":632,"column":1}},"line":30},"1":{"name":"(anonymous_1)","decl":{"start":{"line":44,"column":12},"end":{"line":44,"column":13}},"loc":{"start":{"line":44,"column":18},"end":{"line":46,"column":3}},"line":44},"2":{"name":"(anonymous_2)","decl":{"start":{"line":48,"column":12},"end":{"line":48,"column":13}},"loc":{"start":{"line":48,"column":18},"end":{"line":52,"column":3}},"line":48},"3":{"name":"(anonymous_3)","decl":{"start":{"line":54,"column":26},"end":{"line":54,"column":27}},"loc":{"start":{"line":54,"column":38},"end":{"line":73,"column":3}},"line":54},"4":{"name":"(anonymous_4)","decl":{"start":{"line":64,"column":52},"end":{"line":64,"column":53}},"loc":{"start":{"line":64,"column":60},"end":{"line":64,"column":69}},"line":64},"5":{"name":"(anonymous_5)","decl":{"start":{"line":75,"column":32},"end":{"line":75,"column":33}},"loc":{"start":{"line":75,"column":44},"end":{"line":107,"column":3}},"line":75},"6":{"name":"(anonymous_6)","decl":{"start":{"line":80,"column":48},"end":{"line":80,"column":49}},"loc":{"start":{"line":81,"column":8},"end":{"line":81,"column":60}},"line":81},"7":{"name":"(anonymous_7)","decl":{"start":{"line":109,"column":28},"end":{"line":109,"column":29}},"loc":{"start":{"line":109,"column":43},"end":{"line":168,"column":3}},"line":109},"8":{"name":"(anonymous_8)","decl":{"start":{"line":115,"column":22},"end":{"line":115,"column":23}},"loc":{"start":{"line":115,"column":43},"end":{"line":123,"column":5}},"line":115},"9":{"name":"(anonymous_9)","decl":{"start":{"line":128,"column":28},"end":{"line":128,"column":29}},"loc":{"start":{"line":128,"column":36},"end":{"line":162,"column":7}},"line":128},"10":{"name":"(anonymous_10)","decl":{"start":{"line":170,"column":24},"end":{"line":170,"column":25}},"loc":{"start":{"line":170,"column":34},"end":{"line":172,"column":3}},"line":170},"11":{"name":"(anonymous_11)","decl":{"start":{"line":174,"column":29},"end":{"line":174,"column":30}},"loc":{"start":{"line":174,"column":39},"end":{"line":176,"column":3}},"line":174},"12":{"name":"(anonymous_12)","decl":{"start":{"line":178,"column":25},"end":{"line":178,"column":26}},"loc":{"start":{"line":178,"column":37},"end":{"line":230,"column":3}},"line":178},"13":{"name":"(anonymous_13)","decl":{"start":{"line":184,"column":39},"end":{"line":184,"column":40}},"loc":{"start":{"line":184,"column":47},"end":{"line":223,"column":7}},"line":184},"14":{"name":"(anonymous_14)","decl":{"start":{"line":185,"column":44},"end":{"line":185,"column":45}},"loc":{"start":{"line":185,"column":49},"end":{"line":185,"column":64}},"line":185},"15":{"name":"(anonymous_15)","decl":{"start":{"line":208,"column":20},"end":{"line":208,"column":21}},"loc":{"start":{"line":208,"column":29},"end":{"line":215,"column":9}},"line":208},"16":{"name":"(anonymous_16)","decl":{"start":{"line":228,"column":31},"end":{"line":228,"column":32}},"loc":{"start":{"line":228,"column":40},"end":{"line":228,"column":86}},"line":228},"17":{"name":"(anonymous_17)","decl":{"start":{"line":232,"column":33},"end":{"line":232,"column":34}},"loc":{"start":{"line":232,"column":45},"end":{"line":266,"column":3}},"line":232},"18":{"name":"(anonymous_18)","decl":{"start":{"line":248,"column":22},"end":{"line":248,"column":23}},"loc":{"start":{"line":248,"column":30},"end":{"line":254,"column":7}},"line":248},"19":{"name":"(anonymous_19)","decl":{"start":{"line":250,"column":34},"end":{"line":250,"column":35}},"loc":{"start":{"line":250,"column":39},"end":{"line":250,"column":73}},"line":250},"20":{"name":"(anonymous_20)","decl":{"start":{"line":257,"column":24},"end":{"line":257,"column":25}},"loc":{"start":{"line":257,"column":34},"end":{"line":260,"column":7}},"line":257},"21":{"name":"(anonymous_21)","decl":{"start":{"line":260,"column":17},"end":{"line":260,"column":18}},"loc":{"start":{"line":260,"column":26},"end":{"line":260,"column":41}},"line":260},"22":{"name":"(anonymous_22)","decl":{"start":{"line":268,"column":28},"end":{"line":268,"column":29}},"loc":{"start":{"line":268,"column":40},"end":{"line":321,"column":3}},"line":268},"23":{"name":"(anonymous_23)","decl":{"start":{"line":276,"column":36},"end":{"line":276,"column":37}},"loc":{"start":{"line":276,"column":44},"end":{"line":276,"column":60}},"line":276},"24":{"name":"(anonymous_24)","decl":{"start":{"line":276,"column":69},"end":{"line":276,"column":70}},"loc":{"start":{"line":276,"column":79},"end":{"line":276,"column":91}},"line":276},"25":{"name":"(anonymous_25)","decl":{"start":{"line":284,"column":41},"end":{"line":284,"column":42}},"loc":{"start":{"line":284,"column":58},"end":{"line":284,"column":70}},"line":284},"26":{"name":"(anonymous_26)","decl":{"start":{"line":323,"column":30},"end":{"line":323,"column":31}},"loc":{"start":{"line":323,"column":40},"end":{"line":329,"column":3}},"line":323},"27":{"name":"(anonymous_27)","decl":{"start":{"line":325,"column":44},"end":{"line":325,"column":45}},"loc":{"start":{"line":325,"column":49},"end":{"line":325,"column":59}},"line":325},"28":{"name":"(anonymous_28)","decl":{"start":{"line":331,"column":31},"end":{"line":331,"column":32}},"loc":{"start":{"line":331,"column":43},"end":{"line":349,"column":3}},"line":331},"29":{"name":"(anonymous_29)","decl":{"start":{"line":351,"column":23},"end":{"line":351,"column":24}},"loc":{"start":{"line":351,"column":33},"end":{"line":363,"column":3}},"line":351},"30":{"name":"(anonymous_30)","decl":{"start":{"line":412,"column":24},"end":{"line":412,"column":25}},"loc":{"start":{"line":412,"column":31},"end":{"line":412,"column":74}},"line":412},"31":{"name":"(anonymous_31)","decl":{"start":{"line":415,"column":36},"end":{"line":415,"column":37}},"loc":{"start":{"line":416,"column":16},"end":{"line":416,"column":69}},"line":416},"32":{"name":"(anonymous_32)","decl":{"start":{"line":438,"column":30},"end":{"line":438,"column":31}},"loc":{"start":{"line":439,"column":12},"end":{"line":449,"column":21}},"line":439},"33":{"name":"(anonymous_33)","decl":{"start":{"line":441,"column":23},"end":{"line":441,"column":24}},"loc":{"start":{"line":441,"column":29},"end":{"line":441,"column":54}},"line":441},"34":{"name":"(anonymous_34)","decl":{"start":{"line":470,"column":27},"end":{"line":470,"column":28}},"loc":{"start":{"line":470,"column":44},"end":{"line":470,"column":57}},"line":470},"35":{"name":"(anonymous_35)","decl":{"start":{"line":471,"column":32},"end":{"line":471,"column":33}},"loc":{"start":{"line":471,"column":43},"end":{"line":471,"column":59}},"line":471},"36":{"name":"(anonymous_36)","decl":{"start":{"line":474,"column":33},"end":{"line":474,"column":34}},"loc":{"start":{"line":475,"column":16},"end":{"line":483,"column":18}},"line":475},"37":{"name":"(anonymous_37)","decl":{"start":{"line":499,"column":28},"end":{"line":499,"column":29}},"loc":{"start":{"line":500,"column":14},"end":{"line":523,"column":20}},"line":500},"38":{"name":"(anonymous_38)","decl":{"start":{"line":541,"column":29},"end":{"line":541,"column":30}},"loc":{"start":{"line":541,"column":46},"end":{"line":541,"column":96}},"line":541},"39":{"name":"(anonymous_39)","decl":{"start":{"line":598,"column":29},"end":{"line":598,"column":30}},"loc":{"start":{"line":598,"column":46},"end":{"line":598,"column":59}},"line":598},"40":{"name":"(anonymous_40)","decl":{"start":{"line":599,"column":34},"end":{"line":599,"column":35}},"loc":{"start":{"line":599,"column":45},"end":{"line":599,"column":61}},"line":599}},"branchMap":{"0":{"loc":{"start":{"line":49,"column":4},"end":{"line":51,"column":5}},"type":"if","locations":[{"start":{"line":49,"column":4},"end":{"line":51,"column":5}},{"start":{},"end":{}}],"line":49},"1":{"loc":{"start":{"line":60,"column":26},"end":{"line":60,"column":94}},"type":"binary-expr","locations":[{"start":{"line":60,"column":26},"end":{"line":60,"column":54}},{"start":{"line":60,"column":58},"end":{"line":60,"column":94}}],"line":60},"2":{"loc":{"start":{"line":64,"column":20},"end":{"line":64,"column":76}},"type":"binary-expr","locations":[{"start":{"line":64,"column":20},"end":{"line":64,"column":70}},{"start":{"line":64,"column":74},"end":{"line":64,"column":76}}],"line":64},"3":{"loc":{"start":{"line":117,"column":19},"end":{"line":117,"column":51}},"type":"binary-expr","locations":[{"start":{"line":117,"column":19},"end":{"line":117,"column":45}},{"start":{"line":117,"column":49},"end":{"line":117,"column":51}}],"line":117},"4":{"loc":{"start":{"line":119,"column":23},"end":{"line":119,"column":42}},"type":"binary-expr","locations":[{"start":{"line":119,"column":23},"end":{"line":119,"column":34}},{"start":{"line":119,"column":38},"end":{"line":119,"column":42}}],"line":119},"5":{"loc":{"start":{"line":131,"column":8},"end":{"line":161,"column":9}},"type":"if","locations":[{"start":{"line":131,"column":8},"end":{"line":161,"column":9}},{"start":{"line":144,"column":15},"end":{"line":161,"column":9}}],"line":131},"6":{"loc":{"start":{"line":133,"column":10},"end":{"line":143,"column":11}},"type":"if","locations":[{"start":{"line":133,"column":10},"end":{"line":143,"column":11}},{"start":{"line":136,"column":17},"end":{"line":143,"column":11}}],"line":133},"7":{"loc":{"start":{"line":136,"column":17},"end":{"line":143,"column":11}},"type":"if","locations":[{"start":{"line":136,"column":17},"end":{"line":143,"column":11}},{"start":{"line":139,"column":17},"end":{"line":143,"column":11}}],"line":136},"8":{"loc":{"start":{"line":136,"column":21},"end":{"line":136,"column":50}},"type":"binary-expr","locations":[{"start":{"line":136,"column":21},"end":{"line":136,"column":31}},{"start":{"line":136,"column":35},"end":{"line":136,"column":50}}],"line":136},"9":{"loc":{"start":{"line":146,"column":10},"end":{"line":160,"column":11}},"type":"if","locations":[{"start":{"line":146,"column":10},"end":{"line":160,"column":11}},{"start":{"line":152,"column":17},"end":{"line":160,"column":11}}],"line":146},"10":{"loc":{"start":{"line":171,"column":11},"end":{"line":171,"column":38}},"type":"binary-expr","locations":[{"start":{"line":171,"column":11},"end":{"line":171,"column":33}},{"start":{"line":171,"column":37},"end":{"line":171,"column":38}}],"line":171},"11":{"loc":{"start":{"line":175,"column":11},"end":{"line":175,"column":37}},"type":"binary-expr","locations":[{"start":{"line":175,"column":11},"end":{"line":175,"column":32}},{"start":{"line":175,"column":36},"end":{"line":175,"column":37}}],"line":175},"12":{"loc":{"start":{"line":182,"column":22},"end":{"line":182,"column":56}},"type":"binary-expr","locations":[{"start":{"line":182,"column":22},"end":{"line":182,"column":50}},{"start":{"line":182,"column":54},"end":{"line":182,"column":56}}],"line":182},"13":{"loc":{"start":{"line":186,"column":8},"end":{"line":188,"column":9}},"type":"if","locations":[{"start":{"line":186,"column":8},"end":{"line":188,"column":9}},{"start":{},"end":{}}],"line":186},"14":{"loc":{"start":{"line":190,"column":23},"end":{"line":190,"column":49}},"type":"binary-expr","locations":[{"start":{"line":190,"column":23},"end":{"line":190,"column":44}},{"start":{"line":190,"column":48},"end":{"line":190,"column":49}}],"line":190},"15":{"loc":{"start":{"line":191,"column":23},"end":{"line":191,"column":47}},"type":"binary-expr","locations":[{"start":{"line":191,"column":23},"end":{"line":191,"column":42}},{"start":{"line":191,"column":46},"end":{"line":191,"column":47}}],"line":191},"16":{"loc":{"start":{"line":191,"column":52},"end":{"line":191,"column":78}},"type":"binary-expr","locations":[{"start":{"line":191,"column":52},"end":{"line":191,"column":73}},{"start":{"line":191,"column":77},"end":{"line":191,"column":78}}],"line":191},"17":{"loc":{"start":{"line":197,"column":8},"end":{"line":201,"column":9}},"type":"if","locations":[{"start":{"line":197,"column":8},"end":{"line":201,"column":9}},{"start":{},"end":{}}],"line":197},"18":{"loc":{"start":{"line":197,"column":12},"end":{"line":197,"column":66}},"type":"binary-expr","locations":[{"start":{"line":197,"column":12},"end":{"line":197,"column":35}},{"start":{"line":197,"column":39},"end":{"line":197,"column":50}},{"start":{"line":197,"column":54},"end":{"line":197,"column":66}}],"line":197},"19":{"loc":{"start":{"line":204,"column":8},"end":{"line":205,"column":49}},"type":"if","locations":[{"start":{"line":204,"column":8},"end":{"line":205,"column":49}},{"start":{"line":205,"column":13},"end":{"line":205,"column":49}}],"line":204},"20":{"loc":{"start":{"line":205,"column":13},"end":{"line":205,"column":49}},"type":"if","locations":[{"start":{"line":205,"column":13},"end":{"line":205,"column":49}},{"start":{},"end":{}}],"line":205},"21":{"loc":{"start":{"line":213,"column":20},"end":{"line":213,"column":49}},"type":"binary-expr","locations":[{"start":{"line":213,"column":20},"end":{"line":213,"column":41}},{"start":{"line":213,"column":45},"end":{"line":213,"column":49}}],"line":213},"22":{"loc":{"start":{"line":236,"column":22},"end":{"line":236,"column":56}},"type":"binary-expr","locations":[{"start":{"line":236,"column":22},"end":{"line":236,"column":50}},{"start":{"line":236,"column":54},"end":{"line":236,"column":56}}],"line":236},"23":{"loc":{"start":{"line":249,"column":23},"end":{"line":249,"column":42}},"type":"binary-expr","locations":[{"start":{"line":249,"column":23},"end":{"line":249,"column":34}},{"start":{"line":249,"column":38},"end":{"line":249,"column":42}}],"line":249},"24":{"loc":{"start":{"line":250,"column":39},"end":{"line":250,"column":73}},"type":"binary-expr","locations":[{"start":{"line":250,"column":39},"end":{"line":250,"column":54}},{"start":{"line":250,"column":58},"end":{"line":250,"column":73}}],"line":250},"25":{"loc":{"start":{"line":251,"column":8},"end":{"line":253,"column":9}},"type":"if","locations":[{"start":{"line":251,"column":8},"end":{"line":253,"column":9}},{"start":{},"end":{}}],"line":251},"26":{"loc":{"start":{"line":259,"column":20},"end":{"line":259,"column":85}},"type":"cond-expr","locations":[{"start":{"line":259,"column":32},"end":{"line":259,"column":81}},{"start":{"line":259,"column":84},"end":{"line":259,"column":85}}],"line":259},"27":{"loc":{"start":{"line":272,"column":22},"end":{"line":272,"column":56}},"type":"binary-expr","locations":[{"start":{"line":272,"column":22},"end":{"line":272,"column":50}},{"start":{"line":272,"column":54},"end":{"line":272,"column":56}}],"line":272},"28":{"loc":{"start":{"line":274,"column":6},"end":{"line":315,"column":7}},"type":"if","locations":[{"start":{"line":274,"column":6},"end":{"line":315,"column":7}},{"start":{"line":297,"column":13},"end":{"line":315,"column":7}}],"line":274},"29":{"loc":{"start":{"line":276,"column":44},"end":{"line":276,"column":60}},"type":"binary-expr","locations":[{"start":{"line":276,"column":44},"end":{"line":276,"column":55}},{"start":{"line":276,"column":59},"end":{"line":276,"column":60}}],"line":276},"30":{"loc":{"start":{"line":278,"column":8},"end":{"line":282,"column":9}},"type":"if","locations":[{"start":{"line":278,"column":8},"end":{"line":282,"column":9}},{"start":{},"end":{}}],"line":278},"31":{"loc":{"start":{"line":324,"column":4},"end":{"line":328,"column":5}},"type":"if","locations":[{"start":{"line":324,"column":4},"end":{"line":328,"column":5}},{"start":{"line":326,"column":11},"end":{"line":328,"column":5}}],"line":324},"32":{"loc":{"start":{"line":326,"column":11},"end":{"line":328,"column":5}},"type":"if","locations":[{"start":{"line":326,"column":11},"end":{"line":328,"column":5}},{"start":{},"end":{}}],"line":326},"33":{"loc":{"start":{"line":336,"column":6},"end":{"line":342,"column":7}},"type":"if","locations":[{"start":{"line":336,"column":6},"end":{"line":342,"column":7}},{"start":{"line":340,"column":13},"end":{"line":342,"column":7}}],"line":336},"34":{"loc":{"start":{"line":362,"column":11},"end":{"line":362,"column":36}},"type":"binary-expr","locations":[{"start":{"line":362,"column":11},"end":{"line":362,"column":23}},{"start":{"line":362,"column":27},"end":{"line":362,"column":36}}],"line":362},"35":{"loc":{"start":{"line":365,"column":2},"end":{"line":371,"column":3}},"type":"if","locations":[{"start":{"line":365,"column":2},"end":{"line":371,"column":3}},{"start":{},"end":{}}],"line":365},"36":{"loc":{"start":{"line":373,"column":2},"end":{"line":385,"column":3}},"type":"if","locations":[{"start":{"line":373,"column":2},"end":{"line":385,"column":3}},{"start":{},"end":{}}],"line":373},"37":{"loc":{"start":{"line":394,"column":11},"end":{"line":401,"column":11}},"type":"binary-expr","locations":[{"start":{"line":394,"column":11},"end":{"line":394,"column":34}},{"start":{"line":395,"column":12},"end":{"line":400,"column":18}}],"line":394},"38":{"loc":{"start":{"line":427,"column":52},"end":{"line":427,"column":87}},"type":"cond-expr","locations":[{"start":{"line":427,"column":68},"end":{"line":427,"column":82}},{"start":{"line":427,"column":85},"end":{"line":427,"column":87}}],"line":427},"39":{"loc":{"start":{"line":428,"column":15},"end":{"line":428,"column":69}},"type":"cond-expr","locations":[{"start":{"line":428,"column":31},"end":{"line":428,"column":49}},{"start":{"line":428,"column":52},"end":{"line":428,"column":69}}],"line":428},"40":{"loc":{"start":{"line":443,"column":16},"end":{"line":445,"column":65}},"type":"cond-expr","locations":[{"start":{"line":444,"column":20},"end":{"line":444,"column":47}},{"start":{"line":445,"column":20},"end":{"line":445,"column":65}}],"line":443},"41":{"loc":{"start":{"line":512,"column":20},"end":{"line":513,"column":77}},"type":"cond-expr","locations":[{"start":{"line":512,"column":43},"end":{"line":512,"column":59}},{"start":{"line":513,"column":20},"end":{"line":513,"column":77}}],"line":512},"42":{"loc":{"start":{"line":513,"column":20},"end":{"line":513,"column":77}},"type":"cond-expr","locations":[{"start":{"line":513,"column":45},"end":{"line":513,"column":59}},{"start":{"line":513,"column":62},"end":{"line":513,"column":77}}],"line":513},"43":{"loc":{"start":{"line":515,"column":21},"end":{"line":517,"column":58}},"type":"cond-expr","locations":[{"start":{"line":515,"column":44},"end":{"line":515,"column":83}},{"start":{"line":516,"column":21},"end":{"line":517,"column":58}}],"line":515},"44":{"loc":{"start":{"line":516,"column":21},"end":{"line":517,"column":58}},"type":"cond-expr","locations":[{"start":{"line":516,"column":46},"end":{"line":516,"column":87}},{"start":{"line":517,"column":21},"end":{"line":517,"column":58}}],"line":516},"45":{"loc":{"start":{"line":519,"column":23},"end":{"line":519,"column":50}},"type":"cond-expr","locations":[{"start":{"line":519,"column":42},"end":{"line":519,"column":45}},{"start":{"line":519,"column":48},"end":{"line":519,"column":50}}],"line":519},"46":{"loc":{"start":{"line":541,"column":54},"end":{"line":541,"column":95}},"type":"cond-expr","locations":[{"start":{"line":541,"column":73},"end":{"line":541,"column":80}},{"start":{"line":541,"column":83},"end":{"line":541,"column":95}}],"line":541},"47":{"loc":{"start":{"line":557,"column":9},"end":{"line":628,"column":9}},"type":"cond-expr","locations":[{"start":{"line":558,"column":10},"end":{"line":589,"column":16}},{"start":{"line":591,"column":10},"end":{"line":627,"column":16}}],"line":557},"48":{"loc":{"start":{"line":561,"column":15},"end":{"line":587,"column":15}},"type":"cond-expr","locations":[{"start":{"line":562,"column":16},"end":{"line":581,"column":22}},{"start":{"line":583,"column":16},"end":{"line":586,"column":22}}],"line":561},"49":{"loc":{"start":{"line":561,"column":15},"end":{"line":561,"column":75}},"type":"binary-expr","locations":[{"start":{"line":561,"column":15},"end":{"line":561,"column":39}},{"start":{"line":561,"column":43},"end":{"line":561,"column":75}}],"line":561}},"s":{"0":0,"1":0,"2":0,"3":0,"4":0,"5":0,"6":0,"7":0,"8":0,"9":0,"10":0,"11":0,"12":0,"13":0,"14":0,"15":0,"16":0,"17":0,"18":0,"19":0,"20":0,"21":0,"22":0,"23":0,"24":0,"25":0,"26":0,"27":0,"28":0,"29":0,"30":0,"31":0,"32":0,"33":0,"34":0,"35":0,"36":0,"37":0,"38":0,"39":0,"40":0,"41":0,"42":0,"43":0,"44":0,"45":0,"46":0,"47":0,"48":0,"49":0,"50":0,"51":0,"52":0,"53":0,"54":0,"55":0,"56":0,"57":0,"58":0,"59":0,"60":0,"61":0,"62":0,"63":0,"64":0,"65":0,"66":0,"67":0,"68":0,"69":0,"70":0,"71":0,"72":0,"73":0,"74":0,"75":0,"76":0,"77":0,"78":0,"79":0,"80":0,"81":0,"82":0,"83":0,"84":0,"85":0,"86":0,"87":0,"88":0,"89":0,"90":0,"91":0,"92":0,"93":0,"94":0,"95":0,"96":0,"97":0,"98":0,"99":0,"100":0,"101":0,"102":0,"103":0,"104":0,"105":0,"106":0,"107":0,"108":0,"109":0,"110":0,"111":0,"112":0,"113":0,"114":0,"115":0,"116":0,"117":0,"118":0,"119":0,"120":0,"121":0,"122":0,"123":0,"124":0,"125":0,"126":0,"127":0,"128":0,"129":0,"130":0,"131":0,"132":0,"133":0,"134":0,"135":0,"136":0,"137":0,"138":0,"139":0,"140":0,"141":0,"142":0,"143":0,"144":0,"145":0,"146":0,"147":0,"148":0,"149":0,"150":0,"151":0,"152":0,"153":0,"154":0,"155":0,"156":0,"157":0,"158":0,"159":0,"160":0,"161":0,"162":0,"163":0,"164":0,"165":0,"166":0,"167":0,"168":0,"169":0,"170":0,"171":0,"172":0,"173":0,"174":0,"175":0,"176":0,"177":0,"178":0,"179":0,"180":0,"181":0,"182":0,"183":0,"184":0,"185":0,"186":0,"187":0,"188":0,"189":0,"190":0},"f":{"0":0,"1":0,"2":0,"3":0,"4":0,"5":0,"6":0,"7":0,"8":0,"9":0,"10":0,"11":0,"12":0,"13":0,"14":0,"15":0,"16":0,"17":0,"18":0,"19":0,"20":0,"21":0,"22":0,"23":0,"24":0,"25":0,"26":0,"27":0,"28":0,"29":0,"30":0,"31":0,"32":0,"33":0,"34":0,"35":0,"36":0,"37":0,"38":0,"39":0,"40":0},"b":{"0":[0,0],"1":[0,0],"2":[0,0],"3":[0,0],"4":[0,0],"5":[0,0],"6":[0,0],"7":[0,0],"8":[0,0],"9":[0,0],"10":[0,0],"11":[0,0],"12":[0,0],"13":[0,0],"14":[0,0],"15":[0,0],"16":[0,0],"17":[0,0],"18":[0,0,0],"19":[0,0],"20":[0,0],"21":[0,0],"22":[0,0],"23":[0,0],"24":[0,0],"25":[0,0],"26":[0,0],"27":[0,0],"28":[0,0],"29":[0,0],"30":[0,0],"31":[0,0],"32":[0,0],"33":[0,0],"34":[0,0],"35":[0,0],"36":[0,0],"37":[0,0],"38":[0,0],"39":[0,0],"40":[0,0],"41":[0,0],"42":[0,0],"43":[0,0],"44":[0,0],"45":[0,0],"46":[0,0],"47":[0,0],"48":[0,0],"49":[0,0]}}
,"/Users/tim/Code/Personal/SportsEdge/dashboard/src/components/ExpertPicks.js": {"path":"/Users/tim/Code/Personal/SportsEdge/dashboard/src/components/ExpertPicks.js","statementMap":{"0":{"start":{"line":19,"column":20},"end":{"line":372,"column":1}},"1":{"start":{"line":20,"column":32},"end":{"line":20,"column":44}},"2":{"start":{"line":21,"column":28},"end":{"line":21,"column":40}},"3":{"start":{"line":22,"column":36},"end":{"line":22,"column":50}},"4":{"start":{"line":23,"column":32},"end":{"line":23,"column":46}},"5":{"start":{"line":24,"column":28},"end":{"line":24,"column":42}},"6":{"start":{"line":25,"column":46},"end":{"line":25,"column":60}},"7":{"start":{"line":26,"column":32},"end":{"line":30,"column":4}},"8":{"start":{"line":32,"column":2},"end":{"line":34,"column":16}},"9":{"start":{"line":33,"column":4},"end":{"line":33,"column":15}},"10":{"start":{"line":36,"column":19},"end":{"line":57,"column":3}},"11":{"start":{"line":37,"column":4},"end":{"line":56,"column":5}},"12":{"start":{"line":38,"column":6},"end":{"line":38,"column":23}},"13":{"start":{"line":39,"column":6},"end":{"line":39,"column":21}},"14":{"start":{"line":42,"column":51},"end":{"line":46,"column":8}},"15":{"start":{"line":48,"column":6},"end":{"line":48,"column":48}},"16":{"start":{"line":49,"column":6},"end":{"line":49,"column":42}},"17":{"start":{"line":50,"column":6},"end":{"line":50,"column":38}},"18":{"start":{"line":52,"column":6},"end":{"line":52,"column":63}},"19":{"start":{"line":53,"column":6},"end":{"line":53,"column":51}},"20":{"start":{"line":55,"column":6},"end":{"line":55,"column":24}},"21":{"start":{"line":59,"column":28},"end":{"line":66,"column":3}},"22":{"start":{"line":60,"column":4},"end":{"line":65,"column":5}},"23":{"start":{"line":61,"column":23},"end":{"line":61,"column":79}},"24":{"start":{"line":62,"column":6},"end":{"line":62,"column":39}},"25":{"start":{"line":64,"column":6},"end":{"line":64,"column":58}},"26":{"start":{"line":68,"column":21},"end":{"line":71,"column":3}},"27":{"start":{"line":69,"column":4},"end":{"line":69,"column":36}},"28":{"start":{"line":69,"column":18},"end":{"line":69,"column":36}},"29":{"start":{"line":70,"column":4},"end":{"line":70,"column":27}},"30":{"start":{"line":73,"column":22},"end":{"line":75,"column":3}},"31":{"start":{"line":74,"column":4},"end":{"line":74,"column":45}},"32":{"start":{"line":77,"column":25},"end":{"line":84,"column":3}},"33":{"start":{"line":78,"column":4},"end":{"line":83,"column":5}},"34":{"start":{"line":79,"column":18},"end":{"line":79,"column":55}},"35":{"start":{"line":80,"column":19},"end":{"line":80,"column":52}},"36":{"start":{"line":81,"column":22},"end":{"line":81,"column":61}},"37":{"start":{"line":82,"column":15},"end":{"line":82,"column":50}},"38":{"start":{"line":86,"column":23},"end":{"line":92,"column":3}},"39":{"start":{"line":87,"column":4},"end":{"line":91,"column":5}},"40":{"start":{"line":88,"column":22},"end":{"line":88,"column":79}},"41":{"start":{"line":89,"column":21},"end":{"line":89,"column":78}},"42":{"start":{"line":90,"column":15},"end":{"line":90,"column":67}},"43":{"start":{"line":94,"column":2},"end":{"line":100,"column":3}},"44":{"start":{"line":95,"column":4},"end":{"line":99,"column":6}},"45":{"start":{"line":102,"column":2},"end":{"line":108,"column":3}},"46":{"start":{"line":103,"column":4},"end":{"line":107,"column":6}},"47":{"start":{"line":110,"column":2},"end":{"line":371,"column":4}},"48":{"start":{"line":124,"column":33},"end":{"line":124,"column":81}},"49":{"start":{"line":135,"column":33},"end":{"line":135,"column":81}},"50":{"start":{"line":219,"column":16},"end":{"line":248,"column":22}},"51":{"start":{"line":222,"column":33},"end":{"line":222,"column":94}},"52":{"start":{"line":263,"column":16},"end":{"line":294,"column":22}},"53":{"start":{"line":309,"column":33},"end":{"line":309,"column":56}},"54":{"start":{"line":352,"column":20},"end":{"line":362,"column":26}}},"fnMap":{"0":{"name":"(anonymous_0)","decl":{"start":{"line":19,"column":20},"end":{"line":19,"column":21}},"loc":{"start":{"line":19,"column":26},"end":{"line":372,"column":1}},"line":19},"1":{"name":"(anonymous_1)","decl":{"start":{"line":32,"column":12},"end":{"line":32,"column":13}},"loc":{"start":{"line":32,"column":18},"end":{"line":34,"column":3}},"line":32},"2":{"name":"(anonymous_2)","decl":{"start":{"line":36,"column":19},"end":{"line":36,"column":20}},"loc":{"start":{"line":36,"column":31},"end":{"line":57,"column":3}},"line":36},"3":{"name":"(anonymous_3)","decl":{"start":{"line":59,"column":28},"end":{"line":59,"column":29}},"loc":{"start":{"line":59,"column":48},"end":{"line":66,"column":3}},"line":59},"4":{"name":"(anonymous_4)","decl":{"start":{"line":68,"column":21},"end":{"line":68,"column":22}},"loc":{"start":{"line":68,"column":31},"end":{"line":71,"column":3}},"line":68},"5":{"name":"(anonymous_5)","decl":{"start":{"line":73,"column":22},"end":{"line":73,"column":23}},"loc":{"start":{"line":73,"column":33},"end":{"line":75,"column":3}},"line":73},"6":{"name":"(anonymous_6)","decl":{"start":{"line":77,"column":25},"end":{"line":77,"column":26}},"loc":{"start":{"line":77,"column":37},"end":{"line":84,"column":3}},"line":77},"7":{"name":"(anonymous_7)","decl":{"start":{"line":86,"column":23},"end":{"line":86,"column":24}},"loc":{"start":{"line":86,"column":34},"end":{"line":92,"column":3}},"line":86},"8":{"name":"(anonymous_8)","decl":{"start":{"line":124,"column":26},"end":{"line":124,"column":27}},"loc":{"start":{"line":124,"column":33},"end":{"line":124,"column":81}},"line":124},"9":{"name":"(anonymous_9)","decl":{"start":{"line":135,"column":26},"end":{"line":135,"column":27}},"loc":{"start":{"line":135,"column":33},"end":{"line":135,"column":81}},"line":135},"10":{"name":"(anonymous_10)","decl":{"start":{"line":218,"column":40},"end":{"line":218,"column":41}},"loc":{"start":{"line":219,"column":16},"end":{"line":248,"column":22}},"line":219},"11":{"name":"(anonymous_11)","decl":{"start":{"line":222,"column":27},"end":{"line":222,"column":28}},"loc":{"start":{"line":222,"column":33},"end":{"line":222,"column":94}},"line":222},"12":{"name":"(anonymous_12)","decl":{"start":{"line":262,"column":38},"end":{"line":262,"column":39}},"loc":{"start":{"line":263,"column":16},"end":{"line":294,"column":22}},"line":263},"13":{"name":"(anonymous_13)","decl":{"start":{"line":309,"column":27},"end":{"line":309,"column":28}},"loc":{"start
[...]
olumn":11}},{"start":{},"end":{}}],"line":458},"22":{"loc":{"start":{"line":461,"column":24},"end":{"line":461,"column":78}},"type":"cond-expr","locations":[{"start":{"line":461,"column":49},"end":{"line":461,"column":62}},{"start":{"line":461,"column":65},"end":{"line":461,"column":78}}],"line":461},"23":{"loc":{"start":{"line":464,"column":28},"end":{"line":464,"column":53}},"type":"binary-expr","locations":[{"start":{"line":464,"column":28},"end":{"line":464,"column":45}},{"start":{"line":464,"column":49},"end":{"line":464,"column":53}}],"line":464},"24":{"loc":{"start":{"line":480,"column":28},"end":{"line":480,"column":41}},"type":"default-arg","locations":[{"start":{"line":480,"column":37},"end":{"line":480,"column":41}}],"line":480},"25":{"loc":{"start":{"line":504,"column":10},"end":{"line":504,"column":82}},"type":"binary-expr","locations":[{"start":{"line":504,"column":10},"end":{"line":504,"column":24}},{"start":{"line":504,"column":28},"end":{"line":504,"column":82}}],"line":504},"26":{"loc":{"start":{"line":510,"column":20},"end":{"line":510,"column":100}},"type":"cond-expr","locations":[{"start":{"line":510,"column":41},"end":{"line":510,"column":96}},{"start":{"line":510,"column":99},"end":{"line":510,"column":100}}],"line":510},"27":{"loc":{"start":{"line":511,"column":25},"end":{"line":512,"column":105}},"type":"cond-expr","locations":[{"start":{"line":512,"column":12},"end":{"line":512,"column":101}},{"start":{"line":512,"column":104},"end":{"line":512,"column":105}}],"line":511}},"s":{"0":1,"1":1,"2":4,"3":4,"4":1,"5":1,"6":1,"7":3,"8":3,"9":3,"10":3,"11":3,"12":3,"13":0,"14":0,"15":3,"16":3,"17":0,"18":3,"19":3,"20":0,"21":0,"22":0,"23":0,"24":0,"25":0,"26":0,"27":0,"28":3,"29":3,"30":0,"31":0,"32":0,"33":0,"34":0,"35":3,"36":0,"37":0,"38":0,"39":0,"40":0,"41":8,"42":8,"43":8,"44":8,"45":8,"46":8,"47":8,"48":8,"49":8,"50":8,"51":8,"52":8,"53":8,"54":8,"55":8,"56":8,"57":8,"58":2,"59":2,"60":2,"61":3,"62":2,"63":1,"64":1,"65":1,"66":1,"67":2,"68":2,"69":2,"70":2,"71":1,"72":2,"73":1,"74":1,"75":1,"76":0,"77":0,"78":1,"79":1,"80":1,"81":1,"82":18,"83":18,"84":18,"85":18,"86":18,"87":18,"88":1,"89":0,"90":0,"91":1,"92":1,"93":1,"94":1,"95":18,"96":18,"97":1,"98":1,"99":8,"100":8,"101":0,"102":8,"103":0,"104":1,"105":0,"106":0,"107":18,"108":2,"109":1},"f":{"0":1,"1":4,"2":3,"3":0,"4":3,"5":0,"6":0,"7":8,"8":8,"9":8,"10":2,"11":3,"12":1,"13":18,"14":1,"15":0,"16":0,"17":18,"18":2},"b":{"0":[0],"1":[0],"2":[1,3],"3":[1,0],"4":[0,0],"5":[0,0],"6":[0,0],"7":[0,0],"8":[0,0],"9":[0,0],"10":[0,0],"11":[0,0],"12":[8,0],"13":[8,0],"14":[0],"15":[0],"16":[1,1],"17":[2,0],"18":[1,1],"19":[0],"20":[18,0],"21":[18,0],"22":[18,0],"23":[18,18],"24":[0],"25":[0,0],"26":[0,8],"27":[0,8]},"_coverageSchema":"1a1c01bbd47fc00a2c39e90264f33305004495a9","hash":"d386a9144ecc2e9d29129e41348b9a75c23c9341"}
,"/Users/tim/Code/Personal/SportsEdge/dashboard/src/utils/bundleAnalyzer.js": {"path":"/Users/tim/Code/Personal/SportsEdge/dashboard/src/utils/bundleAnalyzer.js","statementMap":{"0":{"start":{"line":8,"column":4},"end":{"line":8,"column":30}},"1":{"start":{"line":9,"column":4},"end":{"line":9,"column":42}},"2":{"start":{"line":16,"column":4},"end":{"line":16,"column":54}},"3":{"start":{"line":19,"column":27},"end":{"line":25,"column":5}},"4":{"start":{"line":27,"column":4},"end":{"line":27,"column":42}},"5":{"start":{"line":28,"column":4},"end":{"line":28,"column":26}},"6":{"start":{"line":36,"column":27},"end":{"line":42,"column":5}},"7":{"start":{"line":44,"column":4},"end":{"line":44,"column":26}},"8":{"start":{"line":51,"column":4},"end":{"line":72,"column":6}},"9":{"start":{"line":79,"column":4},"end":{"line":88,"column":6}},"10":{"start":{"line":95,"column":4},"end":{"line":114,"column":6}},"11":{"start":{"line":121,"column":4},"end":{"line":134,"column":6}},"12":{"start":{"line":141,"column":28},"end":{"line":141,"column":30}},"13":{"start":{"line":144,"column":22},"end":{"line":144,"column":64}},"14":{"start":{"line":145,"column":4},"end":{"line":154,"column":5}},"15":{"start":{"line":146,"column":6},"end":{"line":153,"column":9}},"16":{"start":{"line":157,"column":25},"end":{"line":157,"column":64}},"17":{"start":{"line":158,"column":22},"end":{"line":160,"column":44}},"18":{"start":{"line":159,"column":32},"end":{"line":159,"column":49}},"19":{"start":{"line":160,"column":22},"end":{"line":160,"column":43}},"20":{"start":{"line":162,"column":4},"end":{"line":172,"column":5}},"21":{"start":{"line":163,"column":6},"end":{"line":171,"column":9}},"22":{"start":{"line":170,"column":49},"end":{"line":170,"column":94}},"23":{"start":{"line":175,"column":23},"end":{"line":175,"column":60}},"24":{"start":{"line":176,"column":4},"end":{"line":186,"column":5}},"25":{"start":{"line":177,"column":6},"end":{"line":185,"column":9}},"26":{"start":{"line":184,"column":39},"end":{"line":184,"column":80}},"27":{"start":{"line":189,"column":19},"end":{"line":189,"column":52}},"28":{"start":{"line":190,"column":4},"end":{"line":199,"column":5}},"29":{"start":{"line":191,"column":6},"end":{"line":198,"column":9}},"30":{"start":{"line":202,"column":4},"end":{"line":209,"column":7}},"31":{"start":{"line":212,"column":4},"end":{"line":219,"column":7}},"32":{"start":{"line":221,"column":4},"end":{"line":221,"column":55}},"33":{"start":{"line":222,"column":4},"end":{"line":222,"column":27}},"34":{"start":{"line":229,"column":17},"end":{"line":234,"column":5}},"35":{"start":{"line":236,"column":4},"end":{"line":249,"column":7}},"36":{"start":{"line":237,"column":22},"end":{"line":237,"column":47}},"37":{"start":{"line":238,"column":6},"end":{"line":238,"column":37}},"38":{"start":{"line":240,"column":6},"end":{"line":246,"column":7}},"39":{"start":{"line":241,"column":8},"end":{"line":241,"column":33}},"40":{"start":{"line":242,"column":13},"end":{"line":246,"column":7}},"41":{"start":{"line":243,"column":8},"end":{"line":243,"column":33}},"42":{"start":{"line":245,"column":8},"end":{"line":245,"column":32}},"43":{"start":{"line":248,"column":6},"end":{"line":248,"column":39}},"44":{"start":{"line":251,"column":4},"end":{"line":251,"column":16}},"45":{"start":{"line":258,"column":23},"end":{"line":265,"column":5}},"46":{"start":{"line":267,"column":4},"end":{"line":267,"column":48}},"47":{"start":{"line":274,"column":21},"end":{"line":274,"column":41}},"48":{"start":{"line":275,"column":28},"end":{"line":275,"column":70}},"49":{"start":{"line":276,"column":17},"end":{"line":276,"column":48}},"50":{"start":{"line":278,"column":4},"end":{"line":289,"column":6}},"51":{"start":{"line":296,"column":24},"end":{"line":296,"column":54}},"52":{"start":{"line":297,"column":23},"end":{"line":297,"column":29}},"53":{"start":{"line":298,"column":20},"end":{"line":298,"column":41}},"54":{"start":{"line":299,"column":26},"end":{"line":299,"column":47}},"55":{"start":{"line":301,"column":4},"end":{"line":303,"column":5}},"56":{"start":{"line":302,"column":6},"end":{"line":302,"column":17}},"57":{"start":{"line":305,"column":18},"end":{"line":305,"column":86}},"58":{"start":{"line":306,"column":4},"end":{"line":306,"column":29}},"59":{"start":{"line":315,"column":4},"end":{"line":315,"column":28}},"60":{"start":{"line":322,"column":4},"end":{"line":322,"column":53}},"61":{"start":{"line":324,"column":32},"end":{"line":342,"column":5}},"62":{"start":{"line":344,"column":4},"end":{"line":348,"column":7}},"63":{"start":{"line":350,"column":4},"end":{"line":350,"column":31}},"64":{"start":{"line":357,"column":4},"end":{"line":357,"column":50}},"65":{"start":{"line":359,"column":30},"end":{"line":368,"column":5}},"66":{"start":{"line":370,"column":4},"end":{"line":374,"column":7}},"67":{"start":{"line":376,"column":4},"end":{"line":376,"column":29}},"68":{"start":{"line":383,"column":4},"end":{"line":383,"column":49}},"69":{"start":{"line":385,"column":36},"end":{"line":398,"column":5}},"70":{"start":{"line":400,"column":4},"end":{"line":404,"column":7}},"71":{"start":{"line":406,"column":4},"end":{"line":406,"column":35}},"72":{"start":{"line":413,"column":4},"end":{"line":413,"column":57}},"73":{"start":{"line":415,"column":24},"end":{"line":430,"column":5}},"74":{"start":{"line":432,"column":4},"end":{"line":436,"column":7}},"75":{"start":{"line":438,"column":4},"end":{"line":438,"column":23}},"76":{"start":{"line":445,"column":19},"end":{"line":492,"column":5}},"77":{"start":{"line":494,"column":4},"end":{"line":498,"column":7}},"78":{"start":{"line":500,"column":4},"end":{"line":500,"column":18}},"79":{"start":{"line":507,"column":4},"end":{"line":512,"column":6}},"80":{"start":{"line":509,"column":52},"end":{"line":509,"column":80}},"81":{"start":{"line":510,"column":50},"end":{"line":510,"column":76}},"82":{"start":{"line":511,"column":55},"end":{"line":511,"column":63}}},"fnMap":{"0":{"name":"(anonymous_0)","decl":{"start":{"line":7,"column":2},"end":{"line":7,"column":3}},"loc":{"start":{"line":7,"column":16},"end":{"line":10,"column":3}},"line":7},"1":{"name":"(anonymous_1)","decl":{"start":{"line":15,"column":2},"end":{"line":15,"column":3}},"loc":{"start":{"line":15,"column":18},"end":{"line":29,"column":3}},"line":15},"2":{"name":"(anonymous_2)","decl":{"start":{"line":34,"column":2},"end":{"line":34,"column":3}},"loc":{"start":{"line":34,"column":23},"end":{"line":45,"column":3}},"line":34},"3":{"name":"(anonymous_3)","decl":{"start":{"line":50,"column":2},"end":{"line":50,"column":3}},"loc":{"start":{"line":50,"column":18},"end":{"line":73,"column":3}},"line":50},"4":{"name":"(anonymous_4)","decl":{"start":{"line":78,"column":2},"end":{"line":78,"column":3}},"loc":{"start":{"line":78,"column":24},"end":{"line":89,"column":3}},"line":78},"5":{"name":"(anonymous_5)","decl":{"start":{"line":94,"column":2},"end":{"line":94,"column":3}},"loc":{"start":{"line":94,"column":18},"end":{"line":115,"column":3}},"line":94},"6":{"name":"(anonymous_6)","decl":{"start":{"line":120,"column":2},"end":{"line":120,"column":3}},"loc":{"start":{"line":120,"column":19},"end":{"line":135,"column":3}},"line":120},"7":{"name":"(anonymous_7)","decl":{"start":{"line":140,"column":2},"end":{"line":140,"column":3}},"loc":{"start":{"line":140,"column":40},"end":{"line":223,"column":3}},"line":140},"8":{"name":"(anonymous_8)","decl":{"start":{"line":159,"column":14},"end":{"line":159,"column":15}},"loc":{"start":{"line":159,"column":32},"end":{"line":159,"column":49}},"line":159},"9":{"name":"(anonymous_9)","decl":{"start":{"line":160,"column":12},"end":{"line":160,"column":13}},"loc":{"start":{"line":160,"column":22},"end":{"line":160,"column":43}},"line":160},"10":{"name":"(anonymous_10)","decl":{"start":{"line":170,"column":31},"end":{"line":170,"column":32}},"loc":{"start":{"line":170,"column":49},"end":{"line":170,"column":94}},"line":170},"11":{"name":"(anonymous_11)","decl":{"start":{"line":184,"column":32},"end":{"line":184,"column":33}},"loc":{"start":{"line":184,"column":39},"end":{"line":184,"column":80}},"line":184},"12":{"name":"(anonymous_12)","decl":{"start":{"line":228,"column":2},"end":{"line":228,"column":3}},"loc":{"start":{"line":228,"column":29},"end":{"line":252,"column":3}},"line":228},"13":{"name":"(anonymous_13)","decl":{"start":{"line":236,"column":45},"end":{"line":236,"column":46}},"loc":{"start":{"line":236,"column":52},"end":{"line":249,"column":5}},"line":236},"14":{"name":"(anonymous_14)","decl":{"start":{"line":257,"column":2},"end":{"line":257,"column":3}},"loc":{"start":{"line":257,"column":34},"end":{"line":268,"column":3}},"line":257},"15":{"name":"(anonymous_15)","decl":{"start":{"line":273,"column":2},"end":{"line":273,"column":3}},"loc":{"start":{"line":273,"column":19},"end":{"line":290,"column":3}},"line":273},"16":{"name":"(anonymous_16)","decl":{"start":{"line":295,"column":2},"end":{"line":295,"column":3}},"loc":{"start":{"line":295,"column":45},"end":{"line":307,"column":3}},"line":295},"17":{"name":"(anonymous_17)","decl":{"start":{"line":314,"column":2},"end":{"line":314,"column":3}},"loc":{"start":{"line":314,"column":16},"end":{"line":316,"column":3}},"line":314},"18":{"name":"(anonymous_18)","decl":{"start":{"line":321,"column":2},"end":{"line":321,"column":3}},"loc":{"start":{"line":321,"column":27},"end":{"line":351,"column":3}},"line":321},"19":{"name":"(anonymous_19)","decl":{"start":{"line":356,"column":2},"end":{"line":356,"column":3}},"loc":{"start":{"line":356,"column":25},"end":{"line":377,"column":3}},"line":356},"20":{"name":"(anonymous_20)","decl":{"start":{"line":382,"column":2},"end":{"line":382,"column":3}},"loc":{"start":{"line":382,"column":25},"end":{"line":407,"column":3}},"line":382},"21":{"name":"(anonymous_21)","decl":{"start":{"line":412,"column":2},"end":{"line":412,"column":3}},"loc":{"start":{"line":412,"column":31},"end":{"line":439,"column":3}},"line":412},"22":{"name":"(anonymous_22)","decl":{"start":{"line":444,"column":2},"end":{"line":444,"column":3}},"loc":{"start":{"line":444,"column":26},"end":{"line":501,"column":3}},"line":444},"23":{"name":"(anonymous_23)","decl":{"start":{"line":506,"column":2},"end":{"line":506,"column":3}},"loc":{"start":{"line":506,"column":27},"end":{"line":513,"column":3}},"line":506},"24":{"name":"(anonymous_24)","decl":{"start":{"line":509,"column":45},"end":{"line":509,"column":46}},"loc":{"start":{"line":509,"column":52},"end":{"line":509,"column":80}},"line":509},"25":{"name":"(anonymous_25)","decl":{"start":{"line":510,"column":43},"end":{"line":510,"column":44}},"loc":{"start":{"line":510,"column":50},"end":{"line":510,"column":76}},"line":510},"26":{"name":"(anonymous_26)","decl":{"start":{"line":511,"column":48},"end":{"line":511,"column":49}},"loc":{"start":{"line":511,"column":55},"end":{"line":511,"column":63}},"line":511}},"branchMap":{"0":{"loc":{"start":{"line":144,"column":22},"end":{"line":144,"column":64}},"type":"binary-expr","locations":[{"start":{"line":144,"column":22},"end":{"line":144,"column":59}},{"start":{"line":144,"column":63},"end":{"line":144,"column":64}}],"line":144},"1":{"loc":{"start":{"line":145,"column":4},"end":{"line":154,"column":5}},"type":"if","locations":[{"start":{"line":145,"column":4},"end":{"line":154,"column":5}},{"start":{},"end":{}}],"line":145},"2":{"loc":{"start":{"line":157,"column":25},"end":{"line":157,"column":64}},"type":"binary-expr","locations":[{"start":{"line":157,"column":25},"end":{"line":157,"column":58}},{"start":{"line":157,"column":62},"end":{"line":157,"column":64}}],"line":157},"3":{"loc":{"start":{"line":162,"column":4},"end":{"line":172,"column":5}},"type":"if","locations":[{"start":{"line":162,"column":4},"end":{"line":172,"column":5}},{"start":{},"end":{}}],"line":162},"4":{"loc":{"start":{"line":175,"column":23},"end":{"line":175,"column":60}},"type":"binary-expr","locations":[{"start":{"line":175,"column":23},"end":{"line":175,"column":54}},{"start":{"line":175,"column":58},"end":{"line":175,"column":60}}],"line":175},"5":{"loc":{"start":{"line":176,"column":4},"end":{"line":186,"column":5}},"type":"if","locations":[{"start":{"line":176,"column":4},"end":{"line":186,"column":5}},{"start":{},"end":{}}],"line":176},"6":{"loc":{"start":{"line":189,"column":19},"end":{"line":189,"column":52}},"type":"binary-expr","locations":[{"start":{"line":189,"column":19},"end":{"line":189,"column":46}},{"start":{"line":189,"column":50},"end":{"line":189,"column":52}}],"line":189},"7":{"loc":{"start":{"line":190,"column":4},"end":{"line":199,"column":5}},"type":"if","locations":[{"start":{"line":190,"column":4},"end":{"line":199,"column":5}},{"start":{},"end":{}}],"line":190},"8":{"loc":{"start":{"line":240,"column":6},"end":{"line":246,"column":7}},"type":"if","locations":[{"start":{"line":240,"column":6},"end":{"line":246,"column":7}},{"start":{"line":242,"column":13},"end":{"line":246,"column":7}}],"line":240},"9":{"loc":{"start":{"line":242,"column":13},"end":{"line":246,"column":7}},"type":"if","locations":[{"start":{"line":242,"column":13},"end":{"line":246,"column":7}},{"start":{"line":244,"column":13},"end":{"line":246,"column":7}}],"line":242},"10":{"loc":{"start":{"line":267,"column":11},"end":{"line":267,"column":47}},"type":"binary-expr","locations":[{"start":{"line":267,"column":11},"end":{"line":267,"column":42}},{"start":{"line":267,"column":46},"end":{"line":267,"column":47}}],"line":267},"11":{"loc":{"start":{"line":284,"column":21},"end":{"line":284,"column":51}},"type":"binary-expr","locations":[{"start":{"line":284,"column":21},"end":{"line":284,"column":46}},{"start":{"line":284,"column":50},"end":{"line":284,"column":51}}],"line":284},"12":{"loc":{"start":{"line":286,"column":24},"end":{"line":286,"column":54}},"type":"binary-expr","locations":[{"start":{"line":286,"column":24},"end":{"line":286,"column":49}},{"start":{"line":286,"column":53},"end":{"line":286,"column":54}}],"line":286},"13":{"loc":{"start":{"line":296,"column":24},"end":{"line":296,"column":54}},"type":"binary-expr","locations":[{"start":{"line":296,"column":24},"end":{"line":296,"column":49}},{"start":{"line":296,"column":53},"end":{"line":296,"column":54}}],"line":296},"14":{"loc":{"start":{"line":301,"column":4},"end":{"line":303,"column":5}},"type":"if","locations":[{"start":{"line":301,"column":4},"end":{"line":303,"column":5}},{"start":{},"end":{}}],"line":301}},"s":{"0":16,"1":16,"2":4,"3":4,"4":4,"5":4,"6":5,"7":5,"8":5,"9":5,"10":5,"11":5,"12":9,"13":9,"14":9,"15":6,"16":9,"17":9,"18":27,"19":4,"20":9,"21":5,"22":9,"23":9,"24":9,"25":5,"26":8,"27":9,"28":9,"29":5,"30":9,"31":9,"32":9,"33":9,"34":4,"35":4,"36":21,"37":21,"38":21,"39":8,"40":13,"41":10,"42":3,"43":21,"44":4,"45":21,"46":21,"47":2,"48":2,"49":2,"50":2,"51":4,"52":4,"53":4,"54":4,"55":4,"56":3,"57":1,"58":1,"59":7,"60":3,"61":3,"62":3,"63":3,"64":3,"65":3,"66":3,"67":3,"68":3,"69":3,"70":3,"71":3,"72":1,"73":1,"74":1,"75":1,"76":1,"77":1,"78":1,"79":2,"80":6,"81":6,"82":6},"f":{"0":16,"1":4,"2":5,"3":5,"4":5,"5":5,"6":5,"7":9,"8":27,"9":4,"10":9,"11":8,"12":4,"13":21,"14":21,"15":2,"16":4,"17":7,"18":3,"19":3,"20":3,"21":1,"22":1,"23":2,"24":6,"25":6,"26":6},"b":{"0":[9,0],"1":[6,3],"2":[9,0],"3":[5,4],"4":[9,0],"5":[5,4],"6":[9,3],"7":[5,4],"8":[8,13],"9":[10,3],"10":[21,0],"11":[2,0],"12":[2,0],"13":[4,0],"14":[3,1]},"_coverageSchema":"1a1c01bbd47fc00a2c39e90264f33305004495a9","hash":"a0c02ff5aec4f427dee92f5850207e84f4c7f085"}
,"/Users/tim/Code/Personal/SportsEdge/dashboard/src/utils/testUtils.js": {"path":"/Users/tim/Code/Personal/SportsEdge/dashboard/src/utils/testUtils.js","statementMap":{"0":{"start":{"line":6,"column":32},"end":{"line":9,"column":1}},"1":{"start":{"line":7,"column":2},"end":{"line":7,"column":51}},"2":{"start":{"line":8,"column":2},"end":{"line":8,"column":48}},"3":{"start":{"line":12,"column":32},"end":{"line":48,"column":1}},"4":{"start":{"line":51,"column":28},"end":{"line":51,"column":80}},"5":{"start":{"line":51,"column":34},"end":{"line":51,"column":80}},"6":{"start":{"line":51,"column":57},"end":{"line":51,"column":79}}},"fnMap":{"0":{"name":"(anonymous_0)","decl":{"start":{"line":6,"column":32},"end":{"line":6,"column":33}},"loc":{"start":{"line":6,"column":62},"end":{"line":9,"column":1}},"line":6},"1":{"name":"(anonymous_1)","decl":{"start":{"line":51,"column":28},"end":{"line":51,"column":29}},"loc":{"start":{"line":51,"column":34},"end":{"line":51,"column":80}},"line":51},"2":{"name":"(anonymous_2)","decl":{"start":{"line":51,"column":46},"end":{"line":51,"column":47}},"loc":{"start":{"line":51,"column":57},"end":{"line":51,"column":79}},"line":51}},"branchMap":{"0":{"loc":{"start":{"line":6,"column":37},"end":{"line":6,"column":57}},"type":"default-arg","locations":[{"start":{"line":6,"column":55},"end":{"line":6,"column":57}}],"line":6},"1":{"loc":{"start":{"line":6,"column":39},"end":{"line":6,"column":50}},"type":"default-arg","locations":[{"start":{"line":6,"column":47},"end":{"line":6,"column":50}}],"line":6}},"s":{"0":0,"1":0,"2":0,"3":0,"4":0,"5":0,"6":0},"f":{"0":0,"1":0,"2":0},"b":{"0":[0],"1":[0]}}
}
