TN:
SF:src/App.js
FN:27,App
FN:32,(anonymous_1)
FN:33,(anonymous_2)
FN:69,(anonymous_3)
FNF:4
FNH:0
FNDA:0,App
FNDA:0,(anonymous_1)
FNDA:0,(anonymous_2)
FNDA:0,(anonymous_3)
DA:28,0
DA:29,0
DA:30,0
DA:32,0
DA:33,0
DA:34,0
DA:35,0
DA:36,0
DA:37,0
DA:38,0
DA:40,0
DA:41,0
DA:43,0
DA:47,0
DA:50,0
DA:51,0
DA:61,0
DA:62,0
DA:69,0
DA:80,0
LF:20
LH:0
BRDA:50,0,0,0
BRDA:50,0,1,0
BRDA:61,1,0,0
BRDA:61,1,1,0
BRF:4
BRH:0
end_of_record
TN:
SF:src/index.js
FNF:0
FNH:0
DA:6,0
DA:7,0
LF:2
LH:0
BRF:0
BRH:0
end_of_record
TN:
SF:src/components/ConfidenceScoring.js
FN:10,(anonymous_0)
FN:18,(anonymous_1)
FN:22,(anonymous_2)
FN:42,(anonymous_3)
FN:52,(anonymous_4)
FN:62,(anonymous_5)
FN:128,(anonymous_6)
FN:162,(anonymous_7)
FN:180,(anonymous_8)
FN:233,(anonymous_9)
FN:257,(anonymous_10)
FN:267,(anonymous_11)
FN:305,(anonymous_12)
FN:376,(anonymous_13)
FN:393,(anonymous_14)
FN:396,(anonymous_15)
FNF:16
FNH:0
FNDA:0,(anonymous_0)
FNDA:0,(anonymous_1)
FNDA:0,(anonymous_2)
FNDA:0,(anonymous_3)
FNDA:0,(anonymous_4)
FNDA:0,(anonymous_5)
FNDA:0,(anonymous_6)
FNDA:0,(anonymous_7)
FNDA:0,(anonymous_8)
FNDA:0,(anonymous_9)
FNDA:0,(anonymous_10)
FNDA:0,(anonymous_11)
FNDA:0,(anonymous_12)
FNDA:0,(anonymous_13)
FNDA:0,(anonymous_14)
FNDA:0,(anonymous_15)
DA:10,0
DA:11,0
DA:12,0
DA:13,0
DA:14,0
DA:15,0
DA:16,0
DA:18,0
DA:19,0
DA:22,0
DA:23,0
DA:24,0
DA:25,0
DA:27,0
DA:32,0
DA:33,0
DA:35,0
DA:36,0
DA:38,0
DA:42,0
DA:43,0
DA:44,0
DA:45,0
DA:46,0
DA:47,0
DA:48,0
DA:52,0
DA:53,0
DA:54,0
DA:55,0
DA:56,0
DA:57,0
DA:58,0
DA:62,0
DA:63,0
DA:129,0
DA:162,0
DA:163,0
DA:181,0
DA:234,0
DA:257,0
DA:258,0
DA:268,0
DA:306,0
DA:338,0
DA:339,0
DA:349,0
DA:350,0
DA:363,0
DA:376,0
DA:394,0
DA:396,0
LF:52
LH:0
BRDA:43,0,0,0
BRDA:43,0,1,0
BRDA:43,0,2,0
BRDA:43,0,3,0
BRDA:43,0,4,0
BRDA:53,1,0,0
BRDA:53,1,1,0
BRDA:53,1,2,0
BRDA:53,1,3,0
BRDA:53,1,4,0
BRDA:65,2,0,0
BRDA:65,2,1,0
BRDA:121,3,0,0
BRDA:121,3,1,0
BRDA:121,3,2,0
BRDA:130,4,0,0
BRDA:130,4,1,0
BRDA:131,5,0,0
BRDA:131,5,1,0
BRDA:137,6,0,0
BRDA:137,6,1,0
BRDA:140,7,0,0
BRDA:140,7,1,0
BRDA:147,8,0,0
BRDA:147,8,1,0
BRDA:148,9,0,0
BRDA:148,9,1,0
BRDA:164,10,0,0
BRDA:164,10,1,0
BRDA:191,11,0,0
BRDA:191,11,1,0
BRDA:192,12,0,0
BRDA:192,12,1,0
BRDA:201,13,0,0
BRDA:201,13,1,0
BRDA:202,14,0,0
BRDA:202,14,1,0
BRDA:210,15,0,0
BRDA:210,15,1,0
BRDA:211,16,0,0
BRDA:211,16,1,0
BRDA:226,17,0,0
BRDA:226,17,1,0
BRDA:226,17,2,0
BRDA:260,18,0,0
BRDA:260,18,1,0
BRDA:260,18,2,0
BRDA:282,19,0,0
BRDA:282,19,1,0
BRDA:283,20,0,0
BRDA:283,20,1,0
BRDA:301,21,0,0
BRDA:301,21,1,0
BRDA:301,21,2,0
BRDA:318,22,0,0
BRDA:318,22,1,0
BRDA:319,23,0,0
BRDA:319,23,1,0
BRDA:338,24,0,0
BRDA:338,24,1,0
BRDA:349,25,0,0
BRDA:349,25,1,0
BRDA:398,26,0,0
BRDA:398,26,1,0
BRDA:411,27,0,0
BRDA:411,27,1,0
BRDA:412,28,0,0
BRDA:412,28,1,0
BRDA:413,29,0,0
BRDA:413,29,1,0
BRF:70
BRH:0
end_of_record
TN:
SF:src/components/CronStatus.js
FN:15,(anonymous_0)
FN:21,(anonymous_1)
FN:38,(anonymous_2)
FN:43,(anonymous_3)
FN:46,(anonymous_4)
FN:54,(anonymous_5)
FN:63,(anonymous_6)
FN:195,(anonymous_7)
FN:216,(anonymous_8)
FN:251,(anonymous_9)
FNF:10
FNH:0
FNDA:0,(anonymous_0)
FNDA:0,(anonymous_1)
FNDA:0,(anonymous_2)
FNDA:0,(anonymous_3)
FNDA:0,(anonymous_4)
FNDA:0,(anonymous_5)
FNDA:0,(anonymous_6)
FNDA:0,(anonymous_7)
FNDA:0,(anonymous_8)
FNDA:0,(anonymous_9)
DA:15,0
DA:16,0
DA:17,0
DA:18,0
DA:19,0
DA:21,0
DA:22,0
DA:23,0
DA:24,0
DA:27,0
DA:28,0
DA:29,0
DA:31,0
DA:32,0
DA:34,0
DA:38,0
DA:39,0
DA:42,0
DA:43,0
DA:46,0
DA:47,0
DA:48,0
DA:49,0
DA:50,0
DA:51,0
DA:54,0
DA:55,0
DA:56,0
DA:57,0
DA:58,0
DA:59,0
DA:63,0
DA:64,0
DA:65,0
DA:66,0
DA:69,0
DA:70,0
DA:77,0
DA:78,0
DA:85,0
DA:86,0
DA:93,0
DA:94,0
DA:96,0
DA:196,0
DA:217,0
DA:252,0
LF:47
LH:0
BRDA:47,0,0,0
BRDA:47,0,1,0
BRDA:48,1,0,0
BRDA:48,1,1,0
BRDA:55,2,0,0
BRDA:55,2,1,0
BRDA:55,2,2,0
BRDA:55,2,3,0
BRDA:64,3,0,0
BRDA:64,3,1,0
BRDA:65,4,0,0
BRDA:65,4,1,0
BRDA:69,5,0,0
BRDA:69,5,1,0
BRDA:77,6,0,0
BRDA:77,6,1,0
BRDA:85,7,0,0
BRDA:85,7,1,0
BRDA:113,8,0,0
BRDA:113,8,1,0
BRDA:182,9,0,0
BRDA:182,9,1,0
BRDA:187,10,0,0
BRDA:187,10,1,0
BRDA:195,11,0,0
BRDA:195,11,1,0
BRDA:222,12,0,0
BRDA:222,12,1,0
BRDA:225,13,0,0
BRDA:225,13,1,0
BRDA:234,14,0,0
BRDA:234,14,1,0
BRF:32
BRH:0
end_of_record
TN:
SF:src/components/Dashboard.js
FN:5,(anonymous_0)
FN:12,(anonymous_1)
FN:40,(anonymous_2)
FN:45,(anonymous_3)
FN:48,(anonymous_4)
FN:124,(anonymous_5)
FN:155,(anonymous_6)
FNF:7
FNH:5
FNDA:15,(anonymous_0)
FNDA:8,(anonymous_1)
FNDA:8,(anonymous_2)
FNDA:8,(anonymous_3)
FNDA:20,(anonymous_4)
FNDA:0,(anonymous_5)
FNDA:0,(anonymous_6)
DA:5,2
DA:6,15
DA:7,13
DA:8,13
DA:9,13
DA:10,13
DA:12,13
DA:13,8
DA:14,8
DA:17,8
DA:18,8
DA:21,0
DA:22,0
DA:25,0
DA:26,0
DA:28,0
DA:30,8
DA:32,8
DA:33,8
DA:34,8
DA:36,8
DA:40,13
DA:41,8
DA:44,8
DA:45,8
DA:48,13
DA:49,20
DA:62,13
DA:63,8
DA:71,5
DA:125,0
DA:156,0
LF:32
LH:25
BRDA:18,0,0,8
BRDA:18,0,1,0
BRDA:22,1,0,0
BRDA:22,1,1,0
BRDA:48,2,0,0
BRDA:62,3,0,8
BRDA:62,3,1,5
BRDA:98,4,0,5
BRDA:98,4,1,5
BRDA:104,5,0,0
BRDA:104,5,1,5
BRDA:110,6,0,0
BRDA:110,6,1,5
BRDA:125,7,0,0
BRDA:125,7,1,0
BRDA:128,8,0,0
BRDA:128,8,1,0
BRDA:132,9,0,0
BRDA:132,9,1,0
BRDA:137,10,0,0
BRDA:137,10,1,0
BRDA:140,11,0,0
BRDA:140,11,1,0
BRDA:140,12,0,0
BRDA:140,12,1,0
BRDA:156,13,0,0
BRDA:156,13,1,0
BRDA:160,14,0,0
BRDA:160,14,1,0
BRDA:162,15,0,0
BRDA:162,15,1,0
BRDA:162,16,0,0
BRDA:162,16,1,0
BRDA:167,17,0,0
BRDA:167,17,1,0
BRDA:170,18,0,0
BRDA:170,18,1,0
BRDA:196,19,0,0
BRDA:196,19,1,5
BRF:39
BRH:8
end_of_record
TN:
SF:src/components/ELOVisualizations.js
FN:30,(anonymous_0)
FN:44,(anonymous_1)
FN:48,(anonymous_2)
FN:54,(anonymous_3)
FN:64,(anonymous_4)
FN:75,(anonymous_5)
FN:80,(anonymous_6)
FN:109,(anonymous_7)
FN:115,(anonymous_8)
FN:128,(anonymous_9)
FN:170,(anonymous_10)
FN:174,(anonymous_11)
FN:178,(anonymous_12)
FN:184,(anonymous_13)
FN:185,(anonymous_14)
FN:208,(anonymous_15)
FN:228,(anonymous_16)
FN:232,(anonymous_17)
FN:248,(anonymous_18)
FN:250,(anonymous_19)
FN:257,(anonymous_20)
FN:260,(anonymous_21)
FN:268,(anonymous_22)
FN:276,(anonymous_23)
FN:276,(anonymous_24)
FN:284,(anonymous_25)
FN:323,(anonymous_26)
FN:325,(anonymous_27)
FN:331,(anonymous_28)
FN:351,(anonymous_29)
FN:412,(anonymous_30)
FN:415,(anonymous_31)
FN:438,(anonymous_32)
FN:441,(anonymous_33)
FN:470,(anonymous_34)
FN:471,(anonymous_35)
FN:474,(anonymous_36)
FN:499,(anonymous_37)
FN:541,(anonymous_38)
FN:598,(anonymous_39)
FN:599,(anonymous_40)
FNF:41
FNH:0
FNDA:0,(anonymous_0)
FNDA:0,(anonymous_1)
FNDA:0,(anonymous_2)
FNDA:0,(anonymous_3)
FNDA:0,(anonymous_4)
FNDA:0,(anonymous_5)
FNDA:0,(anonymous_6)
FNDA:0,(anonymous_7)
FNDA:0,(anonymous_8)
FNDA:0,(anonymous_9)
FNDA:0,(anonymous_10)
FNDA:0,(anonymous_11)
FNDA:0,(anonymous_12)
FNDA:0,(anonymous_13)
FNDA:0,(anonymous_14)
FNDA:0,(anonymous_15)
FNDA:0,(anonymous_16)
FNDA:0,(anonymous_17)
FNDA:0,(anonymous_18)
FNDA:0,(anonymous_19)
FNDA:0,(anonymous_20)
FNDA:0,(anonymous_21)
FNDA:0,(anonymous_22)
FNDA:0,(anonymous_23)
FNDA:0,(anonymous_24)
FNDA:0,(anonymous_25)
FNDA:0,(anonymous_26)
FNDA:0,(anonymous_27)
FNDA:0,(anonymous_28)
FNDA:0,(anonymous_29)
FNDA:0,(anonymous_30)
FNDA:0,(anonymous_31)
FNDA:0,(anonymous_32)
FNDA:0,(anonymous_33)
FNDA:0,(anonymous_34)
FNDA:0,(anonymous_35)
FNDA:0,(anonymous_36)
FNDA:0,(anonymous_37)
FNDA:0,(anonymous_38)
FNDA:0,(anonymous_39)
FNDA:0,(anonymous_40)
DA:30,0
DA:31,0
DA:32,0
DA:33,0
DA:34,0
DA:35,0
DA:36,0
DA:37,0
DA:38,0
DA:39,0
DA:40,0
DA:41,0
DA:42,0
DA:44,0
DA:45,0
DA:48,0
DA:49,0
DA:50,0
DA:54,0
DA:55,0
DA:56,0
DA:59,0
DA:60,0
DA:63,0
DA:64,0
DA:65,0
DA:68,0
DA:69,0
DA:71,0
DA:75,0
DA:76,0
DA:77,0
DA:80,0
DA:81,0
DA:83,0
DA:86,0
DA:87,0
DA:90,0
DA:91,0
DA:94,0
DA:95,0
DA:98,0
DA:99,0
DA:102,0
DA:103,0
DA:105,0
DA:109,0
DA:110,0
DA:111,0
DA:114,0
DA:115,0
DA:116,0
DA:117,0
DA:118,0
DA:125,0
DA:126,0
DA:128,0
DA:129,0
DA:131,0
DA:133,0
DA:135,0
DA:136,0
DA:138,0
DA:141,0
DA:142,0
DA:146,0
DA:148,0
DA:149,0
DA:150,0
DA:151,0
DA:154,0
DA:155,0
DA:156,0
DA:157,0
DA:158,0
DA:159,0
DA:164,0
DA:167,0
DA:170,0
DA:171,0
DA:174,0
DA:175,0
DA:178,0
DA:179,0
DA:181,0
DA:182,0
DA:184,0
DA:185,0
DA:186,0
DA:187,0
DA:190,0
DA:191,0
DA:194,0
DA:195,0
DA:197,0
DA:199,0
DA:200,0
DA:203,0
DA:204,0
DA:205,0
DA:208,0
DA:217,0
DA:225,0
DA:227,0
DA:228,0
DA:232,0
DA:233,0
DA:235,0
DA:236,0
DA:239,0
DA:248,0
DA:249,0
DA:250,0
DA:251,0
DA:252,0
DA:256,0
DA:257,0
DA:260,0
DA:263,0
DA:264,0
DA:268,0
DA:269,0
DA:271,0
DA:272,0
DA:274,0
DA:276,0
DA:278,0
DA:279,0
DA:284,0
DA:285,0
DA:286,0
DA:288,0
DA:299,0
DA:300,0
DA:301,0
DA:302,0
DA:303,0
DA:304,0
DA:306,0
DA:314,0
DA:318,0
DA:319,0
DA:323,0
DA:324,0
DA:325,0
DA:326,0
DA:327,0
DA:331,0
DA:332,0
DA:333,0
DA:334,0
DA:336,0
DA:338,0
DA:339,0
DA:341,0
DA:344,0
DA:345,0
DA:347,0
DA:351,0
DA:352,0
DA:362,0
DA:365,0
DA:366,0
DA:373,0
DA:374,0
DA:387,0
DA:412,0
DA:416,0
DA:439,0
DA:441,0
DA:470,0
DA:471,0
DA:475,0
DA:500,0
DA:541,0
DA:598,0
DA:599,0
LF:177
LH:0
BRDA:49,0,0,0
BRDA:49,0,1,0
BRDA:60,1,0,0
BRDA:60,1,1,0
BRDA:64,2,0,0
BRDA:64,2,1,0
BRDA:117,3,0,0
BRDA:117,3,1,0
BRDA:119,4,0,0
BRDA:119,4,1,0
BRDA:131,5,0,0
BRDA:131,5,1,0
BRDA:133,6,0,0
BRDA:133,6,1,0
BRDA:136,7,0,0
BRDA:136,7,1,0
BRDA:136,8,0,0
BRDA:136,8,1,0
BRDA:146,9,0,0
BRDA:146,9,1,0
BRDA:171,10,0,0
BRDA:171,10,1,0
BRDA:175,11,0,0
BRDA:175,11,1,0
BRDA:182,12,0,0
BRDA:182,12,1,0
BRDA:186,13,0,0
BRDA:186,13,1,0
BRDA:190,14,0,0
BRDA:190,14,1,0
BRDA:191,15,0,0
BRDA:191,15,1,0
BRDA:191,16,0,0
BRDA:191,16,1,0
BRDA:197,17,0,0
BRDA:197,17,1,0
BRDA:197,18,0,0
BRDA:197,18,1,0
BRDA:197,18,2,0
BRDA:204,19,0,0
BRDA:204,19,1,0
BRDA:205,20,0,0
BRDA:205,20,1,0
BRDA:213,21,0,0
BRDA:213,21,1,0
BRDA:236,22,0,0
BRDA:236,22,1,0
BRDA:249,23,0,0
BRDA:249,23,1,0
BRDA:250,24,0,0
BRDA:250,24,1,0
BRDA:251,25,0,0
BRDA:251,25,1,0
BRDA:259,26,0,0
BRDA:259,26,1,0
BRDA:272,27,0,0
BRDA:272,27,1,0
BRDA:274,28,0,0
BRDA:274,28,1,0
BRDA:276,29,0,0
BRDA:276,29,1,0
BRDA:278,30,0,0
BRDA:278,30,1,0
BRDA:324,31,0,0
BRDA:324,31,1,0
BRDA:326,32,0,0
BRDA:326,32,1,0
BRDA:336,33,0,0
BRDA:336,33,1,0
BRDA:362,34,0,0
BRDA:362,34,1,0
BRDA:365,35,0,0
BRDA:365,35,1,0
BRDA:373,36,0,0
BRDA:373,36,1,0
BRDA:394,37,0,0
BRDA:394,37,1,0
BRDA:427,38,0,0
BRDA:427,38,1,0
BRDA:428,39,0,0
BRDA:428,39,1,0
BRDA:443,40,0,0
BRDA:443,40,1,0
BRDA:512,41,0,0
BRDA:512,41,1,0
BRDA:513,42,0,0
BRDA:513,42,1,0
BRDA:515,43,0,0
BRDA:515,43,1,0
BRDA:516,44,0,0
BRDA:516,44,1,0
BRDA:519,45,0,0
BRDA:519,45,1,0
BRDA:541,46,0,0
BRDA:541,46,1,0
BRDA:557,47,0,0
BRDA:557,47,1,0
BRDA:561,48,0,0
BRDA:561,48,1,0
BRDA:561,49,0,0
BRDA:561,49,1,0
BRF:101
BRH:0
end_of_record
TN:
SF:src/components/ExpertPicks.js
FN:19,(anonymous_0)
FN:32,(anonymous_1)
FN:36,(anonymous_2)
FN:59,(anonymous_3)
FN:68,(anonymous_4)
FN:73,(anonymous_5)
FN:77,(anonymous_6)
FN:86,(anonymous_7)
FN:124,(anonymous_8)
FN:135,(anonymous_9)
FN:218,(anonymous_10)
FN:222,(anonymous_11)
FN:262,(anonymous_12)
FN:309,(anonymous_13)
FN:351,(anonymous_14)
FNF:15
FNH:0
FNDA:0,(anonymous_0)
FNDA:0,(anonymous_1)
FNDA:0,(anonymous_2)
FNDA:0,(anonymous_3)
FNDA:0,(anonymous_4)
FNDA:0,(anonymous_5)
FNDA:0,(anonymous_6)
FNDA:0,(anonymous_7)
FNDA:0,(anonymous_8)
FNDA:0,(anonymous_9)
FNDA:0,(anonymous_10)
FNDA:0,(anonymous_11)
FNDA:0,(anonymous_12)
FNDA:0,(anonymous_13)
FNDA:0,(anonymous_14)
DA:19,0
DA:20,0
DA:21,0
DA:22,0
DA:23,0
DA:24,0
DA:25,0
DA:26,0
DA:32,0
DA:33,0
DA:36,0
DA:37,0
DA:38,0
DA:39,0
DA:42,0
DA:48,0
DA:49,0
DA:50,0
DA:52,0
DA:53,0
DA:55,0
DA:59,0
DA:60,0
DA:61,0
DA:62,0
DA:64,0
DA:68,0
DA:69,0
DA:70,0
DA:73,0
DA:74,0
DA:77,0
DA:78,0
DA:79,0
DA:80,0
DA:81,0
DA:82,0
DA:86,0
DA:87,0
DA:88,0
DA:89,0
DA:90,0
DA:94,0
DA:95,0
DA:102,0
DA:103,0
DA:110,0
DA:124,0
DA:135,0
DA:219,0
DA:222,0
DA:263,0
DA:309,0
DA:352,0
LF:54
LH:0
BRDA:48,0,0,0
BRDA:48,0,1,0
BRDA:49,1,0,0
BRDA:49,1,1,0
BRDA:69,2,0,0
BRDA:69,2,1,0
BRDA:74,3,0,0
BRDA:74,3,1,0
BRDA:78,4,0,0
BRDA:78,4,1,0
BRDA:78,4,2,0
BRDA:78,4,3,0
BRDA:87,5,0,0
BRDA:87,5,1,0
BRDA:87,5,2,0
BRDA:94,6,0,0
BRDA:94,6,1,0
BRDA:102,7,0,0
BRDA:102,7,1,0
BRDA:149,8,0,0
BRDA:149,8,1,0
BRDA:159,9,0,0
BRDA:159,9,1,0
BRDA:173,10,0,0
BRDA:173,10,1,0
BRDA:187,11,0,0
BRDA:187,11,1,0
BRDA:220,12,0,0
BRDA:220,12,1,0
BRDA:222,13,0,0
BRDA:222,13,1,0
BRDA:231,14,0,0
BRDA:231,14,1,0
BRDA:263,15,0,0
BRDA:263,15,1,0
BRDA:278,16,0,0
BRDA:278,16,1,0
BRDA:302,17,0,0
BRDA:302,17,1,0
BRDA:324,18,0,0
BRDA:324,18,1,0
BRDA:328,19,0,0
BRDA:328,19,1,0
BRDA:352,20,0,0
BRDA:352,20,1,0
BRF:45
BRH:0
end_of_record
TN:
SF:src/components/ExportFunctionality.js
FN:10,(anonymous_0)
FN:27,(anonymous_1)
FN:33,(anonymous_2)
FN:34,(anonymous_3)
FN:41,(anonymous_4)
FN:51,(anonymous_5)
FN:54,(anonymous_6)
FN:55,(anonymous_7)
FN:55,(anonymous_8)
FN:60,(anonymous_9)
FN:61,(anonymous_10)
FN:61,(anonymous_11)
FN:64,(anonymous_12)
FN:87,(anonymous_13)
FN:101,(anonymous_14)
FN:104,(anonymous_15)
FN:117,(anonymous_16)
FN:120,(anonymous_17)
FN:139,(anonymous_18)
FN:155,(anonymous_19)
FN:176,(anonymous_20)
FN:190,(anonymous_21)
FN:193,(anonymous_22)
FN:193,(anonymous_23)
FN:211,(anonymous_24)
FN:230,(anonymous_25)
FN:235,(anonymous_26)
FN:239,(anonymous_27)
FN:262,(anonymous_28)
FN:280,(anonymous_29)
FN:285,(anonymous_30)
FN:289,(anonymous_31)
FN:320,(anonymous_32)
FN:325,(anonymous_33)
FN:340,(anonymous_34)
FN:351,(anonymous_35)
FN:392,(anonymous_36)
FN:422,(anonymous_37)
FN:427,(anonymous_38)
FN:428,(anonymous_39)
FN:439,(anonymous_40)
FN:440,(anonymous_41)
FN:451,(anonymous_42)
FN:452,(anonymous_43)
FNF:44
FNH:0
FNDA:0,(anonymous_0)
FNDA:0,(anonymous_1)
FNDA:0,(anonymous_2)
FNDA:0,(anonymous_3)
FNDA:0,(anonymous_4)
FNDA:0,(anonymous_5)
FNDA:0,(anonymous_6)
FNDA:0,(anonymous_7)
FNDA:0,(anonymous_8)
FNDA:0,(anonymous_9)
FNDA:0,(anonymous_10)
FNDA:0,(anonymous_11)
FNDA:0,(anonymous_12)
FNDA:0,(anonymous_13)
FNDA:0,(anonymous_14)
FNDA:0,(anonymous_15)
FNDA:0,(anonymous_16)
FNDA:0,(anonymous_17)
FNDA:0,(anonymous_18)
FNDA:0,(anonymous_19)
FNDA:0,(anonymous_20)
FNDA:0,(anonymous_21)
FNDA:0,(anonymous_22)
FNDA:0,(anonymous_23)
FNDA:0,(anonymous_24)
FNDA:0,(anonymous_25)
FNDA:0,(anonymous_26)
FNDA:0,(anonymous_27)
FNDA:0,(anonymous_28)
FNDA:0,(anonymous_29)
FNDA:0,(anonymous_30)
FNDA:0,(anonymous_31)
FNDA:0,(anonymous_32)
FNDA:0,(anonymous_33)
FNDA:0,(anonymous_34)
FNDA:0,(anonymous_35)
FNDA:0,(anonymous_36)
FNDA:0,(anonymous_37)
FNDA:0,(anonymous_38)
FNDA:0,(anonymous_39)
FNDA:0,(anonymous_40)
FNDA:0,(anonymous_41)
FNDA:0,(anonymous_42)
FNDA:0,(anonymous_43)
DA:10,0
DA:11,0
DA:21,0
DA:22,0
DA:23,0
DA:24,0
DA:25,0
DA:27,0
DA:29,0
DA:30,0
DA:33,0
DA:34,0
DA:38,0
DA:41,0
DA:42,0
DA:51,0
DA:54,0
DA:55,0
DA:56,0
DA:60,0
DA:61,0
DA:64,0
DA:65,0
DA:66,0
DA:67,0
DA:69,0
DA:71,0
DA:72,0
DA:75,0
DA:76,0
DA:78,0
DA:83,0
DA:87,0
DA:88,0
DA:101,0
DA:105,0
DA:117,0
DA:121,0
DA:139,0
DA:155,0
DA:176,0
DA:190,0
DA:193,0
DA:194,0
DA:211,0
DA:231,0
DA:236,0
DA:237,0
DA:239,0
DA:262,0
DA:281,0
DA:286,0
DA:287,0
DA:289,0
DA:321,0
DA:325,0
DA:340,0
DA:351,0
DA:392,0
DA:393,0
DA:395,0
DA:422,0
DA:423,0
DA:428,0
DA:429,0
DA:440,0
DA:441,0
DA:452,0
DA:453,0
DA:465,0
LF:70
LH:0
BRDA:56,0,0,0
BRDA:56,0,1,0
BRDA:71,1,0,0
BRDA:71,1,1,0
BRDA:129,2,0,0
BRDA:129,2,1,0
BRDA:166,3,0,0
BRDA:166,3,1,0
BRDA:202,4,0,0
BRDA:202,4,1,0
BRDA:222,5,0,0
BRDA:222,5,1,0
BRDA:236,6,0,0
BRDA:236,6,1,0
BRDA:252,7,0,0
BRDA:252,7,1,0
BRDA:286,8,0,0
BRDA:286,8,1,0
BRDA:304,9,0,0
BRDA:304,9,1,0
BRDA:316,10,0,0
BRDA:316,10,1,0
BRDA:373,11,0,0
BRDA:373,11,1,0
BRDA:373,11,2,0
BRDA:376,12,0,0
BRDA:376,12,1,0
BRDA:393,13,0,0
BRDA:393,13,1,0
BRDA:398,14,0,0
BRDA:398,14,1,0
BRDA:400,15,0,0
BRDA:400,15,1,0
BRF:33
BRH:0
end_of_record
TN:
SF:src/components/Header.js
FN:4,(anonymous_0)
FN:5,(anonymous_1)
FN:21,(anonymous_2)
FNF:3
FNH:0
FNDA:0,(anonymous_0)
FNDA:0,(anonymous_1)
FNDA:0,(anonymous_2)
DA:4,0
DA:5,0
DA:6,0
DA:9,0
DA:12,0
DA:15,0
DA:17,0
DA:21,0
DA:22,0
DA:25,0
DA:28,0
DA:31,0
DA:33,0
DA:37,0
LF:14
LH:0
BRDA:6,0,0,0
BRDA:6,0,1,0
BRDA:6,0,2,0
BRDA:6,0,3,0
BRDA:6,0,4,0
BRDA:6,0,5,0
BRDA:6,0,6,0
BRDA:22,1,0,0
BRDA:22,1,1,0
BRDA:22,1,2,0
BRDA:22,1,3,0
BRDA:22,1,4,0
BRDA:22,1,5,0
BRDA:22,1,6,0
BRDA:57,2,0,0
BRDA:57,2,1,0
BRDA:61,3,0,0
BRDA:61,3,1,0
BRF:18
BRH:0
end_of_record
TN:
SF:src/components/HistoricalAnalysis.js
FN:10,(anonymous_0)
FN:20,(anonymous_1)
FN:24,(anonymous_2)
FN:46,(anonymous_3)
FN:55,(anonymous_4)
FN:64,(anonymous_5)
FN:137,(anonymous_6)
FN:212,(anonymous_7)
FN:221,(anonymous_8)
FN:307,(anonymous_9)
FN:368,(anonymous_10)
FN:419,(anonymous_11)
FN:444,(anonymous_12)
FN:523,(anonymous_13)
FN:523,(anonymous_14)
FN:542,(anonymous_15)
FN:545,(anonymous_16)
FNF:17
FNH:0
FNDA:0,(anonymous_0)
FNDA:0,(anonymous_1)
FNDA:0,(anonymous_2)
FNDA:0,(anonymous_3)
FNDA:0,(anonymous_4)
FNDA:0,(anonymous_5)
FNDA:0,(anonymous_6)
FNDA:0,(anonymous_7)
FNDA:0,(anonymous_8)
FNDA:0,(anonymous_9)
FNDA:0,(anonymous_10)
FNDA:0,(anonymous_11)
FNDA:0,(anonymous_12)
FNDA:0,(anonymous_13)
FNDA:0,(anonymous_14)
FNDA:0,(anonymous_15)
FNDA:0,(anonymous_16)
DA:10,0
DA:11,0
DA:12,0
DA:13,0
DA:14,0
DA:15,0
DA:16,0
DA:17,0
DA:18,0
DA:20,0
DA:21,0
DA:24,0
DA:25,0
DA:26,0
DA:27,0
DA:29,0
DA:35,0
DA:36,0
DA:37,0
DA:39,0
DA:40,0
DA:42,0
DA:46,0
DA:47,0
DA:48,0
DA:49,0
DA:50,0
DA:51,0
DA:55,0
DA:56,0
DA:57,0
DA:58,0
DA:59,0
DA:60,0
DA:64,0
DA:65,0
DA:138,0
DA:212,0
DA:213,0
DA:221,0
DA:308,0
DA:368,0
DA:369,0
DA:420,0
DA:445,0
DA:483,0
DA:484,0
DA:494,0
DA:495,0
DA:508,0
DA:523,0
DA:543,0
DA:545,0
LF:53
LH:0
BRDA:47,0,0,0
BRDA:47,0,1,0
BRDA:47,0,2,0
BRDA:47,0,3,0
BRDA:56,1,0,0
BRDA:56,1,1,0
BRDA:56,1,2,0
BRDA:56,1,3,0
BRDA:67,2,0,0
BRDA:67,2,1,0
BRDA:120,3,0,0
BRDA:120,3,1,0
BRDA:146,4,0,0
BRDA:146,4,1,0
BRDA:147,5,0,0
BRDA:147,5,1,0
BRDA:154,6,0,0
BRDA:154,6,1,0
BRDA:174,7,0,0
BRDA:174,7,1,0
BRDA:174,7,2,0
BRDA:237,8,0,0
BRDA:237,8,1,0
BRDA:290,9,0,0
BRDA:290,9,1,0
BRDA:321,10,0,0
BRDA:321,10,1,0
BRDA:322,11,0,0
BRDA:322,11,1,0
BRDA:325,12,0,0
BRDA:325,12,1,0
BRDA:337,13,0,0
BRDA:337,13,1,0
BRDA:337,13,2,0
BRDA:370,14,0,0
BRDA:370,14,1,0
BRDA:370,14,2,0
BRDA:415,15,0,0
BRDA:415,15,1,0
BRDA:429,16,0,0
BRDA:429,16,1,0
BRDA:450,17,0,0
BRDA:450,17,1,0
BRDA:451,18,0,0
BRDA:451,18,1,0
BRDA:459,19,0,0
BRDA:459,19,1,0
BRDA:460,20,0,0
BRDA:460,20,1,0
BRDA:483,21,0,0
BRDA:483,21,1,0
BRDA:494,22,0,0
BRDA:494,22,1,0
BRDA:547,23,0,0
BRDA:547,23,1,0
BRDA:560,24,0,0
BRDA:560,24,1,0
BRDA:561,25,0,0
BRDA:561,25,1,0
BRDA:562,26,0,0
BRDA:562,26,1,0
BRF:61
BRH:0
end_of_record
TN:
SF:src/components/InjuryData.js
FN:29,(anonymous_0)
FN:40,(anonymous_1)
FN:45,(anonymous_2)
FN:55,(anonymous_3)
FN:114,(anonymous_4)
FN:129,(anonymous_5)
FN:144,(anonymous_6)
FN:147,(anonymous_7)
FN:154,(anonymous_8)
FN:157,(anonymous_9)
FN:164,(anonymous_10)
FN:165,(anonymous_11)
FN:175,(anonymous_12)
FN:176,(anonymous_13)
FN:219,(anonymous_14)
FN:239,(anonymous_15)
FN:242,(anonymous_16)
FN:242,(anonymous_17)
FN:252,(anonymous_18)
FN:256,(anonymous_19)
FN:323,(anonymous_20)
FN:345,(anonymous_21)
FN:350,(anonymous_22)
FN:397,(anonymous_23)
FN:424,(anonymous_24)
FNF:25
FNH:17
FNDA:25,(anonymous_0)
FNDA:12,(anonymous_1)
FNDA:18,(anonymous_2)
FNDA:12,(anonymous_3)
FNDA:30,(anonymous_4)
FNDA:0,(anonymous_5)
FNDA:10,(anonymous_6)
FNDA:30,(anonymous_7)
FNDA:20,(anonymous_8)
FNDA:60,(anonymous_9)
FNDA:10,(anonymous_10)
FNDA:20,(anonymous_11)
FNDA:0,(anonymous_12)
FNDA:0,(anonymous_13)
FNDA:1,(anonymous_14)
FNDA:0,(anonymous_15)
FNDA:180,(anonymous_16)
FNDA:180,(anonymous_17)
FNDA:1,(anonymous_18)
FNDA:20,(anonymous_19)
FNDA:0,(anonymous_20)
FNDA:0,(anonymous_21)
FNDA:30,(anonymous_22)
FNDA:0,(anonymous_23)
FNDA:0,(anonymous_24)
DA:29,1
DA:30,25
DA:31,24
DA:32,24
DA:33,24
DA:34,24
DA:35,24
DA:36,24
DA:37,24
DA:38,24
DA:40,24
DA:41,12
DA:45,24
DA:46,18
DA:47,8
DA:55,24
DA:56,12
DA:57,12
DA:58,12
DA:60,12
DA:63,12
DA:64,11
DA:65,9
DA:66,9
DA:67,9
DA:70,9
DA:77,9
DA:78,1
DA:79,1
DA:80,1
DA:81,1
DA:82,1
DA:86,8
DA:87,8
DA:90,8
DA:91,1
DA:92,1
DA:95,1
DA:96,1
DA:98,7
DA:99,7
DA:103,3
DA:104,3
DA:105,3
DA:106,3
DA:107,3
DA:108,3
DA:110,12
DA:114,24
DA:115,30
DA:117,10
DA:119,10
DA:121,10
DA:123,0
DA:125,0
DA:129,24
DA:130,0
DA:132,0
DA:134,0
DA:136,0
DA:138,0
DA:140,0
DA:144,24
DA:145,10
DA:147,30
DA:154,24
DA:155,20
DA:157,60
DA:164,24
DA:165,20
DA:175,24
DA:176,0
DA:182,24
DA:183,12
DA:190,12
DA:191,2
DA:204,10
DA:220,1
DA:221,1
DA:222,1
DA:239,0
DA:242,180
DA:243,180
DA:252,1
DA:257,20
DA:323,0
DA:345,0
DA:351,30
DA:397,0
DA:425,0
LF:90
LH:76
BRDA:46,0,0,8
BRDA:46,0,1,10
BRDA:77,1,0,1
BRDA:77,1,1,8
BRDA:78,2,0,1
BRDA:78,2,1,0
BRDA:87,3,0,8
BRDA:87,3,1,0
BRDA:90,4,0,1
BRDA:90,4,1,7
BRDA:92,5,0,1
BRDA:92,5,1,0
BRDA:96,6,0,1
BRDA:96,6,1,0
BRDA:115,7,0,10
BRDA:115,7,1,10
BRDA:115,7,2,10
BRDA:115,7,3,0
BRDA:115,7,4,0
BRDA:130,8,0,0
BRDA:130,8,1,0
BRDA:130,8,2,0
BRDA:130,8,3,0
BRDA:130,8,4,0
BRDA:145,9,0,0
BRDA:145,9,1,10
BRDA:148,10,0,30
BRDA:148,10,1,0
BRDA:155,11,0,0
BRDA:155,11,1,20
BRDA:158,12,0,60
BRDA:158,12,1,0
BRDA:168,13,0,20
BRDA:168,13,1,20
BRDA:169,14,0,20
BRDA:169,14,1,20
BRDA:170,15,0,20
BRDA:170,15,1,20
BRDA:171,16,0,20
BRDA:171,16,1,20
BRDA:182,17,0,12
BRDA:182,17,1,12
BRDA:190,18,0,2
BRDA:190,18,1,10
BRDA:268,19,0,10
BRDA:268,19,1,0
BRDA:269,20,0,10
BRDA:269,20,1,0
BRDA:274,21,0,10
BRDA:274,21,1,10
BRDA:323,22,0,0
BRDA:323,22,1,0
BRDA:385,23,0,10
BRDA:385,23,1,2
BRDA:385,23,2,0
BRDA:406,24,0,10
BRDA:406,24,1,2
BRDA:406,24,2,0
BRDA:433,25,0,0
BRDA:433,25,1,0
BRDA:444,26,0,0
BRDA:444,26,1,0
BRDA:449,27,0,0
BRDA:449,27,1,0
BRF:64
BRH:37
end_of_record
TN:
SF:src/components/LiveGameTracking.js
FN:39,(anonymous_0)
FN:48,(anonymous_1)
FN:64,(anonymous_2)
FN:69,(anonymous_3)
FN:74,(anonymous_4)
FN:79,(anonymous_5)
FN:86,(anonymous_6)
FN:87,(anonymous_7)
FN:88,(anonymous_8)
FN:89,(anonymous_9)
FN:97,(anonymous_10)
FN:98,(anonymous_11)
FN:102,(anonymous_12)
FN:111,(anonymous_13)
FN:120,(anonymous_14)
FN:126,(anonymous_15)
FN:131,(anonymous_16)
FN:138,(anonymous_17)
FN:277,(anonymous_18)
FNF:19
FNH:0
FNDA:0,(anonymous_0)
FNDA:0,(anonymous_1)
FNDA:0,(anonymous_2)
FNDA:0,(anonymous_3)
FNDA:0,(anonymous_4)
FNDA:0,(anonymous_5)
FNDA:0,(anonymous_6)
FNDA:0,(anonymous_7)
FNDA:0,(anonymous_8)
FNDA:0,(anonymous_9)
FNDA:0,(anonymous_10)
FNDA:0,(anonymous_11)
FNDA:0,(anonymous_12)
FNDA:0,(anonymous_13)
FNDA:0,(anonymous_14)
FNDA:0,(anonymous_15)
FNDA:0,(anonymous_16)
FNDA:0,(anonymous_17)
FNDA:0,(anonymous_18)
DA:39,0
DA:40,0
DA:41,0
DA:42,0
DA:43,0
DA:44,0
DA:45,0
DA:46,0
DA:48,0
DA:49,0
DA:50,0
DA:51,0
DA:53,0
DA:54,0
DA:55,0
DA:57,0
DA:58,0
DA:60,0
DA:64,0
DA:65,0
DA:66,0
DA:69,0
DA:70,0
DA:71,0
DA:74,0
DA:75,0
DA:76,0
DA:79,0
DA:80,0
DA:81,0
DA:84,0
DA:86,0
DA:87,0
DA:88,0
DA:89,0
DA:91,0
DA:92,0
DA:94,0
DA:97,0
DA:98,0
DA:102,0
DA:103,0
DA:104,0
DA:105,0
DA:106,0
DA:107,0
DA:111,0
DA:112,0
DA:113,0
DA:114,0
DA:115,0
DA:116,0
DA:120,0
DA:121,0
DA:122,0
DA:123,0
DA:126,0
DA:127,0
DA:128,0
DA:131,0
DA:132,0
DA:133,0
DA:134,0
DA:135,0
DA:138,0
DA:139,0
DA:140,0
DA:141,0
DA:142,0
DA:145,0
DA:146,0
DA:156,0
DA:157,0
DA:175,0
DA:278,0
LF:75
LH:0
BRDA:89,0,0,0
BRDA:89,0,1,0
BRDA:103,1,0,0
BRDA:103,1,1,0
BRDA:103,1,2,0
BRDA:103,1,3,0
BRDA:112,2,0,0
BRDA:112,2,1,0
BRDA:112,2,2,0
BRDA:112,2,3,0
BRDA:121,3,0,0
BRDA:121,3,1,0
BRDA:122,4,0,0
BRDA:122,4,1,0
BRDA:127,5,0,0
BRDA:127,5,1,0
BRDA:132,6,0,0
BRDA:132,6,1,0
BRDA:133,7,0,0
BRDA:133,7,1,0
BRDA:134,8,0,0
BRDA:134,8,1,0
BRDA:139,9,0,0
BRDA:139,9,1,0
BRDA:140,10,0,0
BRDA:140,10,1,0
BRDA:141,11,0,0
BRDA:141,11,1,0
BRDA:145,12,0,0
BRDA:145,12,1,0
BRDA:156,13,0,0
BRDA:156,13,1,0
BRDA:185,14,0,0
BRDA:185,14,1,0
BRDA:194,15,0,0
BRDA:194,15,1,0
BRDA:196,16,0,0
BRDA:196,16,1,0
BRDA:201,17,0,0
BRDA:201,17,1,0
BRDA:202,18,0,0
BRDA:202,18,1,0
BRDA:218,19,0,0
BRDA:218,19,1,0
BRDA:235,20,0,0
BRDA:235,20,1,0
BRDA:259,21,0,0
BRDA:259,21,1,0
BRDA:270,22,0,0
BRDA:270,22,1,0
BRDA:336,23,0,0
BRDA:336,23,1,0
BRDA:348,24,0,0
BRDA:348,24,1,0
BRDA:354,25,0,0
BRDA:354,25,1,0
BRDA:362,26,0,0
BRDA:362,26,1,0
BRF:58
BRH:0
end_of_record
TN:
SF:src/components/MobileOptimizations.js
FN:4,(anonymous_0)
FN:10,(anonymous_1)
FN:11,(anonymous_2)
FN:20,(anonymous_3)
FN:23,(anonymous_4)
FN:29,(anonymous_5)
FN:96,(anonymous_6)
FN:105,(anonymous_7)
FN:106,(anonymous_8)
FN:111,(anonymous_9)
FN:137,(anonymous_10)
FNF:11
FNH:0
FNDA:0,(anonymous_0)
FNDA:0,(anonymous_1)
FNDA:0,(anonymous_2)
FNDA:0,(anonymous_3)
FNDA:0,(anonymous_4)
FNDA:0,(anonymous_5)
FNDA:0,(anonymous_6)
FNDA:0,(anonymous_7)
FNDA:0,(anonymous_8)
FNDA:0,(anonymous_9)
FNDA:0,(anonymous_10)
DA:4,0
DA:5,0
DA:6,0
DA:7,0
DA:8,0
DA:10,0
DA:11,0
DA:12,0
DA:13,0
DA:14,0
DA:15,0
DA:18,0
DA:19,0
DA:20,0
DA:23,0
DA:24,0
DA:25,0
DA:26,0
DA:29,0
DA:30,0
DA:31,0
DA:32,0
DA:35,0
DA:96,0
DA:105,0
DA:106,0
DA:111,0
DA:138,0
LF:28
LH:0
BRDA:14,0,0,0
BRDA:14,0,1,0
BRDA:24,1,0,0
BRDA:24,1,1,0
BRDA:25,2,0,0
BRDA:25,2,1,0
BRDA:30,3,0,0
BRDA:30,3,1,0
BRDA:31,4,0,0
BRDA:31,4,1,0
BRDA:46,5,0,0
BRDA:46,5,1,0
BRDA:53,6,0,0
BRDA:53,6,1,0
BRDA:58,7,0,0
BRDA:58,7,1,0
BRDA:65,8,0,0
BRDA:65,8,1,0
BRDA:70,9,0,0
BRDA:70,9,1,0
BRDA:77,10,0,0
BRDA:77,10,1,0
BRDA:91,11,0,0
BRDA:91,11,1,0
BRDA:99,12,0,0
BRDA:99,12,1,0
BRDA:104,13,0,0
BRDA:104,13,1,0
BRDA:141,14,0,0
BRDA:141,14,1,0
BRDA:141,15,0,0
BRDA:141,15,1,0
BRF:32
BRH:0
end_of_record
TN:
SF:src/components/Performance.js
FN:6,(anonymous_0)
FN:12,(anonymous_1)
FN:35,(anonymous_2)
FN:56,(anonymous_3)
FN:60,(anonymous_4)
FN:151,(anonymous_5)
FN:156,(anonymous_6)
FN:159,(anonymous_7)
FN:160,(anonymous_8)
FN:182,(anonymous_9)
FN:187,(anonymous_10)
FN:190,(anonymous_11)
FN:191,(anonymous_12)
FN:210,(anonymous_13)
FN:244,(anonymous_14)
FN:327,(anonymous_15)
FNF:16
FNH:0
FNDA:0,(anonymous_0)
FNDA:0,(anonymous_1)
FNDA:0,(anonymous_2)
FNDA:0,(anonymous_3)
FNDA:0,(anonymous_4)
FNDA:0,(anonymous_5)
FNDA:0,(anonymous_6)
FNDA:0,(anonymous_7)
FNDA:0,(anonymous_8)
FNDA:0,(anonymous_9)
FNDA:0,(anonymous_10)
FNDA:0,(anonymous_11)
FNDA:0,(anonymous_12)
FNDA:0,(anonymous_13)
FNDA:0,(anonymous_14)
FNDA:0,(anonymous_15)
DA:6,0
DA:7,0
DA:8,0
DA:9,0
DA:10,0
DA:12,0
DA:13,0
DA:14,0
DA:17,0
DA:18,0
DA:21,0
DA:22,0
DA:25,0
DA:26,0
DA:29,0
DA:31,0
DA:35,0
DA:36,0
DA:37,0
DA:38,0
DA:40,0
DA:41,0
DA:42,0
DA:44,0
DA:53,0
DA:56,0
DA:57,0
DA:60,0
DA:61,0
DA:82,0
DA:83,0
DA:91,0
DA:151,0
DA:156,0
DA:159,0
DA:160,0
DA:182,0
DA:187,0
DA:190,0
DA:191,0
DA:211,0
DA:245,0
DA:328,0
LF:43
LH:0
BRDA:60,0,0,0
BRDA:60,1,0,0
BRDA:66,2,0,0
BRDA:66,2,1,0
BRDA:68,3,0,0
BRDA:68,3,1,0
BRDA:69,4,0,0
BRDA:69,4,1,0
BRDA:70,5,0,0
BRDA:70,5,1,0
BRDA:82,6,0,0
BRDA:82,6,1,0
BRDA:112,7,0,0
BRDA:112,7,1,0
BRDA:119,8,0,0
BRDA:119,8,1,0
BRDA:126,9,0,0
BRDA:126,9,1,0
BRDA:133,10,0,0
BRDA:133,10,1,0
BRDA:206,11,0,0
BRDA:206,11,1,0
BRDA:206,11,2,0
BRDA:211,12,0,0
BRDA:211,12,1,0
BRDA:219,13,0,0
BRDA:219,13,1,0
BRDA:225,14,0,0
BRDA:225,14,1,0
BRDA:228,15,0,0
BRDA:228,15,1,0
BRDA:254,16,0,0
BRDA:254,16,1,0
BRDA:257,17,0,0
BRDA:257,17,1,0
BRDA:298,18,0,0
BRDA:298,18,1,0
BRDA:304,19,0,0
BRDA:304,19,1,0
BRDA:310,20,0,0
BRDA:310,20,1,0
BRDA:316,21,0,0
BRDA:316,21,1,0
BRDA:323,22,0,0
BRDA:323,22,1,0
BRDA:333,23,0,0
BRDA:333,23,1,0
BRDA:352,24,0,0
BRDA:352,24,1,0
BRDA:356,25,0,0
BRDA:356,25,1,0
BRDA:360,26,0,0
BRDA:360,26,1,0
BRDA:364,27,0,0
BRDA:364,27,1,0
BRDA:374,28,0,0
BRDA:374,28,1,0
BRDA:380,29,0,0
BRDA:380,29,1,0
BRDA:386,30,0,0
BRDA:386,30,1,0
BRF:61
BRH:0
end_of_record
TN:
SF:src/components/PerformanceMonitoring.js
FN:16,(anonymous_0)
FN:26,(anonymous_1)
FN:70,(anonymous_2)
FN:75,(anonymous_3)
FN:78,(anonymous_4)
FN:87,(anonymous_5)
FN:96,(anonymous_6)
FN:149,(anonymous_7)
FN:290,(anonymous_8)
FNF:9
FNH:0
FNDA:0,(anonymous_0)
FNDA:0,(anonymous_1)
FNDA:0,(anonymous_2)
FNDA:0,(anonymous_3)
FNDA:0,(anonymous_4)
FNDA:0,(anonymous_5)
FNDA:0,(anonymous_6)
FNDA:0,(anonymous_7)
FNDA:0,(anonymous_8)
DA:16,0
DA:17,0
DA:23,0
DA:24,0
DA:26,0
DA:27,0
DA:28,0
DA:29,0
DA:32,0
DA:35,0
DA:38,0
DA:39,0
DA:40,0
DA:41,0
DA:43,0
DA:45,0
DA:55,0
DA:63,0
DA:64,0
DA:66,0
DA:70,0
DA:71,0
DA:74,0
DA:75,0
DA:78,0
DA:79,0
DA:80,0
DA:81,0
DA:82,0
DA:83,0
DA:87,0
DA:88,0
DA:89,0
DA:90,0
DA:91,0
DA:92,0
DA:96,0
DA:97,0
DA:98,0
DA:99,0
DA:100,0
DA:101,0
DA:104,0
DA:105,0
DA:115,0
DA:116,0
DA:132,0
DA:149,0
DA:290,0
LF:49
LH:0
BRDA:79,0,0,0
BRDA:79,0,1,0
BRDA:79,0,2,0
BRDA:79,0,3,0
BRDA:88,1,0,0
BRDA:88,1,1,0
BRDA:88,1,2,0
BRDA:88,1,3,0
BRDA:97,2,0,0
BRDA:97,2,1,0
BRDA:104,3,0,0
BRDA:104,3,1,0
BRDA:115,4,0,0
BRDA:115,4,1,0
BRDA:166,5,0,0
BRDA:166,5,1,0
BRDA:176,6,0,0
BRDA:176,6,1,0
BRDA:186,7,0,0
BRDA:186,7,1,0
BRDA:199,8,0,0
BRDA:199,8,1,0
BRDA:206,9,0,0
BRDA:206,9,1,0
BRDA:213,10,0,0
BRDA:213,10,1,0
BRDA:220,11,0,0
BRDA:220,11,1,0
BRDA:309,12,0,0
BRDA:309,12,1,0
BRF:30
BRH:0
end_of_record
TN:
SF:src/components/PredictionAnalytics.js
FN:39,(anonymous_0)
FN:47,(anonymous_1)
FN:62,(anonymous_2)
FN:66,(anonymous_3)
FN:72,(anonymous_4)
FN:78,(anonymous_5)
FN:82,(anonymous_6)
FN:149,(anonymous_7)
FN:159,(anonymous_8)
FN:163,(anonymous_9)
FN:163,(anonymous_10)
FN:174,(anonymous_11)
FN:179,(anonymous_12)
FN:295,(anonymous_13)
FN:330,(anonymous_14)
FN:331,(anonymous_15)
FN:376,(anonymous_16)
FN:416,(anonymous_17)
FN:452,(anonymous_18)
FN:495,(anonymous_19)
FN:558,(anonymous_20)
FNF:21
FNH:0
FNDA:0,(anonymous_0)
FNDA:0,(anonymous_1)
FNDA:0,(anonymous_2)
FNDA:0,(anonymous_3)
FNDA:0,(anonymous_4)
FNDA:0,(anonymous_5)
FNDA:0,(anonymous_6)
FNDA:0,(anonymous_7)
FNDA:0,(anonymous_8)
FNDA:0,(anonymous_9)
FNDA:0,(anonymous_10)
FNDA:0,(anonymous_11)
FNDA:0,(anonymous_12)
FNDA:0,(anonymous_13)
FNDA:0,(anonymous_14)
FNDA:0,(anonymous_15)
FNDA:0,(anonymous_16)
FNDA:0,(anonymous_17)
FNDA:0,(anonymous_18)
FNDA:0,(anonymous_19)
FNDA:0,(anonymous_20)
DA:39,0
DA:40,0
DA:41,0
DA:42,0
DA:43,0
DA:44,0
DA:45,0
DA:47,0
DA:48,0
DA:49,0
DA:50,0
DA:52,0
DA:53,0
DA:55,0
DA:56,0
DA:58,0
DA:62,0
DA:63,0
DA:66,0
DA:67,0
DA:68,0
DA:69,0
DA:72,0
DA:73,0
DA:74,0
DA:75,0
DA:78,0
DA:79,0
DA:82,0
DA:83,0
DA:86,0
DA:87,0
DA:97,0
DA:98,0
DA:116,0
DA:117,0
DA:126,0
DA:134,0
DA:149,0
DA:159,0
DA:163,0
DA:164,0
DA:175,0
DA:176,0
DA:179,0
DA:295,0
DA:330,0
DA:331,0
DA:377,0
DA:416,0
DA:453,0
DA:495,0
DA:559,0
LF:53
LH:0
BRDA:67,0,0,0
BRDA:67,0,1,0
BRDA:68,1,0,0
BRDA:68,1,1,0
BRDA:73,2,0,0
BRDA:73,2,1,0
BRDA:74,3,0,0
BRDA:74,3,1,0
BRDA:79,4,0,0
BRDA:79,4,1,0
BRDA:82,5,0,0
BRDA:83,6,0,0
BRDA:83,6,1,0
BRDA:86,7,0,0
BRDA:86,7,1,0
BRDA:97,8,0,0
BRDA:97,8,1,0
BRDA:116,9,0,0
BRDA:116,9,1,0
BRDA:143,10,0,0
BRDA:143,10,1,0
BRDA:158,11,0,0
BRDA:158,11,1,0
BRDA:159,12,0,0
BRDA:159,12,1,0
BRDA:181,13,0,0
BRDA:181,13,1,0
BRDA:197,14,0,0
BRDA:197,14,1,0
BRDA:289,15,0,0
BRDA:289,15,1,0
BRDA:295,16,0,0
BRDA:295,16,1,0
BRDA:301,17,0,0
BRDA:301,17,1,0
BRDA:310,18,0,0
BRDA:310,18,1,0
BRDA:330,19,0,0
BRDA:330,19,1,0
BRDA:402,20,0,0
BRDA:402,20,1,0
BRDA:481,21,0,0
BRDA:481,21,1,0
BRDA:496,22,0,0
BRDA:496,22,1,0
BRDA:497,23,0,0
BRDA:497,23,1,0
BRDA:520,24,0,0
BRDA:520,24,1,0
BRDA:554,25,0,0
BRDA:554,25,1,0
BRDA:562,26,0,0
BRDA:562,26,1,0
BRDA:563,27,0,0
BRDA:563,27,1,0
BRDA:569,28,0,0
BRDA:569,28,1,0
BRDA:571,29,0,0
BRDA:571,29,1,0
BRF:59
BRH:0
end_of_record
TN:
SF:src/components/PredictionInterface.js
FN:10,(anonymous_0)
FN:20,(anonymous_1)
FN:42,(anonymous_2)
FN:46,(anonymous_3)
FN:52,(anonymous_4)
FN:58,(anonymous_5)
FN:69,(anonymous_6)
FN:72,(anonymous_7)
FN:164,(anonymous_8)
FN:222,(anonymous_9)
FN:247,(anonymous_10)
FN:253,(anonymous_11)
FN:326,(anonymous_12)
FN:337,(anonymous_13)
FN:340,(anonymous_14)
FN:340,(anonymous_15)
FN:354,(anonymous_16)
FN:357,(anonymous_17)
FNF:18
FNH:0
FNDA:0,(anonymous_0)
FNDA:0,(anonymous_1)
FNDA:0,(anonymous_2)
FNDA:0,(anonymous_3)
FNDA:0,(anonymous_4)
FNDA:0,(anonymous_5)
FNDA:0,(anonymous_6)
FNDA:0,(anonymous_7)
FNDA:0,(anonymous_8)
FNDA:0,(anonymous_9)
FNDA:0,(anonymous_10)
FNDA:0,(anonymous_11)
FNDA:0,(anonymous_12)
FNDA:0,(anonymous_13)
FNDA:0,(anonymous_14)
FNDA:0,(anonymous_15)
FNDA:0,(anonymous_16)
FNDA:0,(anonymous_17)
DA:10,0
DA:11,0
DA:12,0
DA:13,0
DA:14,0
DA:15,0
DA:16,0
DA:17,0
DA:18,0
DA:20,0
DA:21,0
DA:22,0
DA:23,0
DA:25,0
DA:31,0
DA:32,0
DA:33,0
DA:35,0
DA:36,0
DA:38,0
DA:42,0
DA:43,0
DA:46,0
DA:47,0
DA:48,0
DA:49,0
DA:52,0
DA:53,0
DA:54,0
DA:55,0
DA:58,0
DA:59,0
DA:60,0
DA:69,0
DA:70,0
DA:73,0
DA:164,0
DA:165,0
DA:223,0
DA:247,0
DA:248,0
DA:254,0
DA:288,0
DA:289,0
DA:299,0
DA:300,0
DA:313,0
DA:326,0
DA:337,0
DA:340,0
DA:341,0
DA:355,0
DA:357,0
LF:53
LH:0
BRDA:47,0,0,0
BRDA:47,0,1,0
BRDA:48,1,0,0
BRDA:48,1,1,0
BRDA:53,2,0,0
BRDA:53,2,1,0
BRDA:54,3,0,0
BRDA:54,3,1,0
BRDA:166,4,0,0
BRDA:166,4,1,0
BRDA:207,5,0,0
BRDA:207,5,1,0
BRDA:207,5,2,0
BRDA:229,6,0,0
BRDA:229,6,1,0
BRDA:230,7,0,0
BRDA:230,7,1,0
BRDA:249,8,0,0
BRDA:249,8,1,0
BRDA:249,8,2,0
BRDA:268,9,0,0
BRDA:268,9,1,0
BRDA:269,10,0,0
BRDA:269,10,1,0
BRDA:288,11,0,0
BRDA:288,11,1,0
BRDA:299,12,0,0
BRDA:299,12,1,0
BRDA:359,13,0,0
BRDA:359,13,1,0
BRDA:372,14,0,0
BRDA:372,14,1,0
BRDA:373,15,0,0
BRDA:373,15,1,0
BRDA:374,16,0,0
BRDA:374,16,1,0
BRF:36
BRH:0
end_of_record
TN:
SF:src/components/Predictions.js
FN:5,(anonymous_0)
FN:15,(anonymous_1)
FN:27,(anonymous_2)
FN:35,(anonymous_3)
FN:44,(anonymous_4)
FN:48,(anonymous_5)
FN:55,(anonymous_6)
FN:80,(anonymous_7)
FN:95,(anonymous_8)
FN:98,(anonymous_9)
FN:115,(anonymous_10)
FN:115,(anonymous_11)
FN:125,(anonymous_12)
FN:125,(anonymous_13)
FN:168,(anonymous_14)
FN:248,(anonymous_15)
FN:255,(anonymous_16)
FNF:17
FNH:0
FNDA:0,(anonymous_0)
FNDA:0,(anonymous_1)
FNDA:0,(anonymous_2)
FNDA:0,(anonymous_3)
FNDA:0,(anonymous_4)
FNDA:0,(anonymous_5)
FNDA:0,(anonymous_6)
FNDA:0,(anonymous_7)
FNDA:0,(anonymous_8)
FNDA:0,(anonymous_9)
FNDA:0,(anonymous_10)
FNDA:0,(anonymous_11)
FNDA:0,(anonymous_12)
FNDA:0,(anonymous_13)
FNDA:0,(anonymous_14)
FNDA:0,(anonymous_15)
FNDA:0,(anonymous_16)
DA:5,0
DA:6,0
DA:7,0
DA:8,0
DA:9,0
DA:15,0
DA:16,0
DA:17,0
DA:18,0
DA:19,0
DA:21,0
DA:23,0
DA:27,0
DA:28,0
DA:30,0
DA:31,0
DA:35,0
DA:40,0
DA:44,0
DA:45,0
DA:48,0
DA:49,0
DA:50,0
DA:51,0
DA:52,0
DA:55,0
DA:56,0
DA:57,0
DA:58,0
DA:59,0
DA:62,0
DA:63,0
DA:71,0
DA:80,0
DA:95,0
DA:99,0
DA:115,0
DA:125,0
DA:169,0
DA:248,0
DA:255,0
LF:41
LH:0
BRDA:28,0,0,0
BRDA:28,0,1,0
BRDA:28,1,0,0
BRDA:28,1,1,0
BRDA:49,2,0,0
BRDA:49,2,1,0
BRDA:50,3,0,0
BRDA:50,3,1,0
BRDA:51,4,0,0
BRDA:51,4,1,0
BRDA:56,5,0,0
BRDA:56,5,1,0
BRDA:57,6,0,0
BRDA:57,6,1,0
BRDA:58,7,0,0
BRDA:58,7,1,0
BRDA:62,8,0,0
BRDA:62,8,1,0
BRDA:139,9,0,0
BRDA:139,9,1,0
BRDA:222,10,0,0
BRDA:222,10,1,0
BRDA:223,11,0,0
BRDA:223,11,1,0
BRDA:254,12,0,0
BRDA:254,12,1,0
BRF:26
BRH:0
end_of_record
TN:
SF:src/components/Sidebar.js
FN:20,(anonymous_0)
FN:48,(anonymous_1)
FNF:2
FNH:0
FNDA:0,(anonymous_0)
FNDA:0,(anonymous_1)
DA:20,0
DA:21,0
DA:23,0
DA:44,0
DA:49,0
DA:50,0
LF:6
LH:0
BRDA:55,0,0,0
BRDA:55,0,1,0
BRDA:62,1,0,0
BRDA:62,1,1,0
BRF:4
BRH:0
end_of_record
TN:
SF:src/components/SystemStatus.js
FN:5,(anonymous_0)
FN:11,(anonymous_1)
FN:32,(anonymous_2)
FN:37,(anonymous_3)
FN:40,(anonymous_4)
FN:56,(anonymous_5)
FN:172,(anonymous_6)
FN:194,(anonymous_7)
FN:248,(anonymous_8)
FNF:9
FNH:0
FNDA:0,(anonymous_0)
FNDA:0,(anonymous_1)
FNDA:0,(anonymous_2)
FNDA:0,(anonymous_3)
FNDA:0,(anonymous_4)
FNDA:0,(anonymous_5)
FNDA:0,(anonymous_6)
FNDA:0,(anonymous_7)
FNDA:0,(anonymous_8)
DA:5,0
DA:6,0
DA:7,0
DA:8,0
DA:9,0
DA:11,0
DA:12,0
DA:13,0
DA:15,0
DA:21,0
DA:22,0
DA:23,0
DA:26,0
DA:28,0
DA:32,0
DA:33,0
DA:36,0
DA:37,0
DA:40,0
DA:41,0
DA:44,0
DA:47,0
DA:50,0
DA:52,0
DA:56,0
DA:57,0
DA:60,0
DA:63,0
DA:66,0
DA:68,0
DA:72,0
DA:73,0
DA:81,0
DA:173,0
DA:195,0
DA:249,0
LF:36
LH:0
BRDA:41,0,0,0
BRDA:41,0,1,0
BRDA:41,0,2,0
BRDA:41,0,3,0
BRDA:41,0,4,0
BRDA:41,0,5,0
BRDA:41,0,6,0
BRDA:57,1,0,0
BRDA:57,1,1,0
BRDA:57,1,2,0
BRDA:57,1,3,0
BRDA:57,1,4,0
BRDA:57,1,5,0
BRDA:57,1,6,0
BRDA:72,2,0,0
BRDA:72,2,1,0
BRDA:105,3,0,0
BRDA:105,3,1,0
BRDA:117,4,0,0
BRDA:117,4,1,0
BRDA:129,5,0,0
BRDA:129,5,1,0
BRDA:141,6,0,0
BRDA:141,6,1,0
BRDA:165,7,0,0
BRDA:165,7,1,0
BRDA:169,8,0,0
BRDA:169,8,1,0
BRDA:181,9,0,0
BRDA:181,9,1,0
BRDA:190,10,0,0
BRDA:190,10,1,0
BRDA:209,11,0,0
BRDA:209,11,1,0
BRDA:254,12,0,0
BRDA:254,12,1,0
BRDA:256,13,0,0
BRDA:256,13,1,0
BRDA:270,14,0,0
BRDA:270,14,1,0
BRDA:279,15,0,0
BRDA:279,15,1,0
BRF:42
BRH:0
end_of_record
TN:
SF:src/components/TeamComparison.js
FN:5,(anonymous_0)
FN:49,(anonymous_1)
FN:68,(anonymous_2)
FN:72,(anonymous_3)
FN:73,(anonymous_4)
FN:75,(anonymous_5)
FN:83,(anonymous_6)
FN:90,(anonymous_7)
FN:96,(anonymous_8)
FN:102,(anonymous_9)
FN:103,(anonymous_10)
FN:121,(anonymous_11)
FN:143,(anonymous_12)
FN:146,(anonymous_13)
FN:193,(anonymous_14)
FN:248,(anonymous_15)
FN:255,(anonymous_16)
FN:262,(anonymous_17)
FNF:18
FNH:0
FNDA:0,(anonymous_0)
FNDA:0,(anonymous_1)
FNDA:0,(anonymous_2)
FNDA:0,(anonymous_3)
FNDA:0,(anonymous_4)
FNDA:0,(anonymous_5)
FNDA:0,(anonymous_6)
FNDA:0,(anonymous_7)
FNDA:0,(anonymous_8)
FNDA:0,(anonymous_9)
FNDA:0,(anonymous_10)
FNDA:0,(anonymous_11)
FNDA:0,(anonymous_12)
FNDA:0,(anonymous_13)
FNDA:0,(anonymous_14)
FNDA:0,(anonymous_15)
FNDA:0,(anonymous_16)
FNDA:0,(anonymous_17)
DA:5,0
DA:6,0
DA:7,0
DA:8,0
DA:9,0
DA:10,0
DA:11,0
DA:14,0
DA:49,0
DA:50,0
DA:51,0
DA:52,0
DA:55,0
DA:56,0
DA:57,0
DA:58,0
DA:59,0
DA:61,0
DA:62,0
DA:64,0
DA:68,0
DA:69,0
DA:72,0
DA:73,0
DA:74,0
DA:75,0
DA:76,0
DA:77,0
DA:79,0
DA:83,0
DA:84,0
DA:85,0
DA:86,0
DA:87,0
DA:90,0
DA:91,0
DA:92,0
DA:93,0
DA:96,0
DA:97,0
DA:98,0
DA:99,0
DA:102,0
DA:103,0
DA:104,0
DA:107,0
DA:121,0
DA:144,0
DA:146,0
DA:194,0
DA:248,0
DA:255,0
DA:262,0
LF:53
LH:0
BRDA:50,0,0,0
BRDA:50,0,1,0
BRDA:58,1,0,0
BRDA:58,1,1,0
BRDA:74,2,0,0
BRDA:74,2,1,0
BRDA:76,3,0,0
BRDA:76,3,1,0
BRDA:84,4,0,0
BRDA:84,4,1,0
BRDA:85,5,0,0
BRDA:85,5,1,0
BRDA:86,6,0,0
BRDA:86,6,1,0
BRDA:91,7,0,0
BRDA:91,7,1,0
BRDA:92,8,0,0
BRDA:92,8,1,0
BRDA:97,9,0,0
BRDA:97,9,1,0
BRDA:98,10,0,0
BRDA:98,10,1,0
BRDA:104,11,0,0
BRDA:104,11,1,0
BRDA:133,12,0,0
BRDA:133,12,1,0
BRDA:147,13,0,0
BRDA:147,13,1,0
BRDA:149,14,0,0
BRDA:149,14,1,0
BRDA:164,15,0,0
BRDA:164,15,1,0
BRDA:171,16,0,0
BRDA:171,16,1,0
BRDA:175,17,0,0
BRDA:175,17,1,0
BRDA:180,18,0,0
BRDA:180,18,1,0
BRDA:213,19,0,0
BRDA:213,19,1,0
BRDA:224,20,0,0
BRDA:224,20,1,0
BRF:42
BRH:0
end_of_record
TN:
SF:src/components/TeamDetail.js
FN:26,(anonymous_0)
FN:37,(anonymous_1)
FN:79,(anonymous_2)
FN:85,(anonymous_3)
FN:102,(anonymous_4)
FN:103,(anonymous_5)
FN:110,(anonymous_6)
FN:111,(anonymous_7)
FN:116,(anonymous_8)
FN:142,(anonymous_9)
FN:160,(anonymous_10)
FN:176,(anonymous_11)
FN:191,(anonymous_12)
FN:284,(anonymous_13)
FN:289,(anonymous_14)
FN:302,(anonymous_15)
FN:332,(anonymous_16)
FN:344,(anonymous_17)
FN:372,(anonymous_18)
FNF:19
FNH:0
FNDA:0,(anonymous_0)
FNDA:0,(anonymous_1)
FNDA:0,(anonymous_2)
FNDA:0,(anonymous_3)
FNDA:0,(anonymous_4)
FNDA:0,(anonymous_5)
FNDA:0,(anonymous_6)
FNDA:0,(anonymous_7)
FNDA:0,(anonymous_8)
FNDA:0,(anonymous_9)
FNDA:0,(anonymous_10)
FNDA:0,(anonymous_11)
FNDA:0,(anonymous_12)
FNDA:0,(anonymous_13)
FNDA:0,(anonymous_14)
FNDA:0,(anonymous_15)
FNDA:0,(anonymous_16)
FNDA:0,(anonymous_17)
FNDA:0,(anonymous_18)
DA:26,0
DA:27,0
DA:28,0
DA:29,0
DA:30,0
DA:31,0
DA:32,0
DA:33,0
DA:34,0
DA:35,0
DA:37,0
DA:38,0
DA:39,0
DA:40,0
DA:43,0
DA:44,0
DA:47,0
DA:48,0
DA:51,0
DA:52,0
DA:55,0
DA:56,0
DA:59,0
DA:72,0
DA:73,0
DA:75,0
DA:79,0
DA:80,0
DA:81,0
DA:85,0
DA:86,0
DA:99,0
DA:102,0
DA:103,0
DA:110,0
DA:111,0
DA:112,0
DA:113,0
DA:116,0
DA:123,0
DA:124,0
DA:134,0
DA:135,0
DA:142,0
DA:152,0
DA:153,0
DA:160,0
DA:170,0
DA:176,0
DA:191,0
DA:284,0
DA:290,0
DA:303,0
DA:333,0
DA:345,0
DA:373,0
LF:56
LH:0
BRDA:48,0,0,0
BRDA:48,0,1,0
BRDA:52,1,0,0
BRDA:52,1,1,0
BRDA:56,2,0,0
BRDA:56,2,1,0
BRDA:80,3,0,0
BRDA:80,3,1,0
BRDA:99,4,0,0
BRDA:99,4,1,0
BRDA:105,5,0,0
BRDA:105,5,1,0
BRDA:112,6,0,0
BRDA:112,6,1,0
BRDA:123,7,0,0
BRDA:123,7,1,0
BRDA:134,8,0,0
BRDA:134,8,1,0
BRDA:152,9,0,0
BRDA:152,9,1,0
BRDA:327,10,0,0
BRDA:327,10,1,0
BRDA:373,11,0,0
BRDA:373,11,1,0
BRDA:378,12,0,0
BRDA:378,12,1,0
BRDA:384,13,0,0
BRDA:384,13,1,0
BRDA:397,14,0,0
BRDA:397,14,1,0
BRDA:401,15,0,0
BRDA:401,15,1,0
BRF:32
BRH:0
end_of_record
TN:
SF:src/components/TeamRankings.js
FN:6,(anonymous_0)
FN:15,(anonymous_1)
FN:37,(anonymous_2)
FN:58,(anonymous_3)
FN:62,(anonymous_4)
FN:68,(anonymous_5)
FN:72,(anonymous_6)
FN:79,(anonymous_7)
FN:85,(anonymous_8)
FN:114,(anonymous_9)
FN:117,(anonymous_10)
FN:179,(anonymous_11)
FN:187,(anonymous_12)
FNF:13
FNH:10
FNDA:34,(anonymous_0)
FNDA:8,(anonymous_1)
FNDA:10,(anonymous_2)
FNDA:10,(anonymous_3)
FNDA:18,(anonymous_4)
FNDA:0,(anonymous_5)
FNDA:18,(anonymous_6)
FNDA:18,(anonymous_7)
FNDA:18,(anonymous_8)
FNDA:0,(anonymous_9)
FNDA:19,(anonymous_10)
FNDA:18,(anonymous_11)
FNDA:0,(anonymous_12)
DA:6,1
DA:7,34
DA:8,33
DA:9,33
DA:10,33
DA:11,33
DA:12,33
DA:13,33
DA:15,33
DA:16,8
DA:17,8
DA:20,8
DA:21,8
DA:24,7
DA:25,7
DA:27,7
DA:29,1
DA:30,1
DA:31,1
DA:33,8
DA:37,33
DA:38,10
DA:39,10
DA:40,9
DA:43,7
DA:44,0
DA:45,0
DA:46,0
DA:48,7
DA:51,3
DA:53,3
DA:54,3
DA:58,33
DA:59,10
DA:62,33
DA:63,18
DA:64,8
DA:68,33
DA:69,0
DA:72,33
DA:73,18
DA:74,0
DA:75,0
DA:76,0
DA:79,33
DA:80,18
DA:81,12
DA:82,12
DA:85,33
DA:86,18
DA:87,12
DA:88,12
DA:91,33
DA:92,25
DA:100,8
DA:114,0
DA:118,19
DA:180,18
DA:187,0
LF:59
LH:50
BRDA:15,0,0,8
BRDA:21,1,0,8
BRDA:21,1,1,0
BRDA:25,2,0,7
BRDA:25,2,1,0
BRDA:40,3,0,9
BRDA:40,3,1,0
BRDA:43,4,0,0
BRDA:43,4,1,7
BRDA:63,5,0,8
BRDA:63,5,1,10
BRDA:73,6,0,18
BRDA:73,6,1,0
BRDA:74,7,0,0
BRDA:74,7,1,0
BRDA:75,8,0,0
BRDA:75,8,1,0
BRDA:80,9,0,6
BRDA:80,9,1,12
BRDA:81,10,0,0
BRDA:81,10,1,12
BRDA:86,11,0,6
BRDA:86,11,1,12
BRDA:87,12,0,0
BRDA:87,12,1,12
BRDA:91,13,0,25
BRDA:91,13,1,8
BRDA:126,14,0,8
BRDA:126,14,1,7
BRDA:133,15,0,7
BRDA:133,15,1,7
BRDA:142,16,0,7
BRDA:142,16,1,7
BRDA:151,17,0,7
BRDA:151,17,1,7
BRDA:160,18,0,7
BRDA:160,18,1,7
BRDA:174,19,0,8
BRDA:174,19,1,7
BRDA:194,20,0,18
BRDA:194,20,1,0
BRDA:209,21,0,6
BRDA:209,21,1,12
BRF:43
BRH:31
end_of_record
TN:
SF:src/components/WeeklySchedule.js
FN:5,(anonymous_0)
FN:15,(anonymous_1)
FN:22,(anonymous_2)
FN:28,(anonymous_3)
FN:32,(anonymous_4)
FN:35,(anonymous_5)
FN:58,(anonymous_6)
FN:73,(anonymous_7)
FN:78,(anonymous_8)
FN:188,(anonymous_9)
FN:226,(anonymous_10)
FN:231,(anonymous_11)
FN:282,(anonymous_12)
FN:287,(anonymous_13)
FN:298,(anonymous_14)
FN:310,(anonymous_15)
FN:343,(anonymous_16)
FN:343,(anonymous_17)
FN:347,(anonymous_18)
FN:356,(anonymous_19)
FN:360,(anonymous_20)
FN:424,(anonymous_21)
FN:433,(anonymous_22)
FN:441,(anonymous_23)
FN:451,(anonymous_24)
FNF:25
FNH:3
FNDA:19,(anonymous_0)
FNDA:17,(anonymous_1)
FNDA:17,(anonymous_2)
FNDA:0,(anonymous_3)
FNDA:0,(anonymous_4)
FNDA:0,(anonymous_5)
FNDA:0,(anonymous_6)
FNDA:0,(anonymous_7)
FNDA:0,(anonymous_8)
FNDA:0,(anonymous_9)
FNDA:0,(anonymous_10)
FNDA:0,(anonymous_11)
FNDA:0,(anonymous_12)
FNDA:0,(anonymous_13)
FNDA:0,(anonymous_14)
FNDA:0,(anonymous_15)
FNDA:0,(anonymous_16)
FNDA:0,(anonymous_17)
FNDA:0,(anonymous_18)
FNDA:0,(anonymous_19)
FNDA:0,(anonymous_20)
FNDA:0,(anonymous_21)
FNDA:0,(anonymous_22)
FNDA:0,(anonymous_23)
FNDA:0,(anonymous_24)
DA:5,2
DA:6,19
DA:7,17
DA:8,17
DA:9,17
DA:10,17
DA:11,17
DA:12,17
DA:15,17
DA:16,17
DA:17,17
DA:18,3
DA:19,0
DA:22,17
DA:23,17
DA:24,0
DA:25,0
DA:28,0
DA:29,0
DA:32,0
DA:35,17
DA:36,0
DA:37,0
DA:38,0
DA:41,0
DA:42,0
DA:45,0
DA:46,0
DA:48,0
DA:50,0
DA:51,0
DA:54,0
DA:55,0
DA:56,0
DA:58,0
DA:65,0
DA:66,0
DA:67,0
DA:72,0
DA:73,0
DA:74,0
DA:78,0
DA:79,0
DA:80,0
DA:81,0
DA:82,0
DA:83,0
DA:86,0
DA:87,0
DA:90,0
DA:93,0
DA:96,0
DA:99,0
DA:100,0
DA:103,0
DA:104,0
DA:105,0
DA:106,0
DA:109,0
DA:111,0
DA:122,0
DA:123,0
DA:124,0
DA:125,0
DA:126,0
DA:127,0
DA:131,0
DA:133,0
DA:135,0
DA:136,0
DA:137,0
DA:146,0
DA:150,0
DA:170,0
DA:171,0
DA:174,0
DA:175,0
DA:178,0
DA:179,0
DA:181,0
DA:182,0
DA:184,0
DA:188,17
DA:189,0
DA:196,0
DA:197,0
DA:199,0
DA:200,0
DA:201,0
DA:203,0
DA:223,0
DA:226,17
DA:227,0
DA:228,0
DA:231,17
DA:232,0
DA:234,0
DA:239,0
DA:240,0
DA:243,0
DA:248,0
DA:256,0
DA:262,0
DA:264,0
DA:266,0
DA:278,0
DA:282,17
DA:283,0
DA:284,0
DA:287,17
DA:288,0
DA:298,17
DA:299,0
DA:300,0
DA:301,0
DA:302,0
DA:303,0
DA:304,0
DA:305,0
DA:306,0
DA:310,17
DA:311,0
DA:312,0
DA:313,0
DA:314,0
DA:315,0
DA:316,0
DA:317,0
DA:318,0
DA:322,17
DA:323,17
DA:330,0
DA:331,0
DA:338,0
DA:343,0
DA:344,0
DA:347,0
DA:357,0
DA:360,0
DA:424,2
DA:425,0
DA:426,0
DA:427,0
DA:429,0
DA:430,0
DA:431,0
DA:433,0
DA:434,0
DA:435,0
DA:436,0
DA:437,0
DA:438,0
DA:441,0
DA:442,0
DA:443,0
DA:444,0
DA:445,0
DA:446,0
DA:449,0
DA:451,0
LF:160
LH:25
BRDA:42,0,0,0
BRDA:42,0,1,0
BRDA:48,1,0,0
BRDA:48,1,1,0
BRDA:51,2,0,0
BRDA:51,2,1,0
BRDA:56,3,0,0
BRDA:56,3,1,0
BRDA:67,4,0,0
BRDA:67,4,1,0
BRDA:79,5,0,0
BRDA:79,5,1,0
BRDA:80,6,0,0
BRDA:80,6,1,0
BRDA:90,7,0,0
BRDA:90,7,1,0
BRDA:99,8,0,0
BRDA:99,8,1,0
BRDA:100,9,0,0
BRDA:100,9,1,0
BRDA:103,10,0,0
BRDA:103,10,1,0
BRDA:104,11,0,0
BRDA:104,11,1,0
BRDA:104,11,2,0
BRDA:105,12,0,0
BRDA:105,12,1,0
BRDA:105,12,2,0
BRDA:106,13,0,0
BRDA:106,13,1,0
BRDA:106,13,2,0
BRDA:106,13,3,0
BRDA:106,13,4,0
BRDA:109,14,0,0
BRDA:109,14,1,0
BRDA:109,15,0,0
BRDA:109,15,1,0
BRDA:109,15,2,0
BRDA:109,15,3,0
BRDA:122,16,0,0
BRDA:122,16,1,0
BRDA:124,17,0,0
BRDA:124,17,1,0
BRDA:126,18,0,0
BRDA:126,18,1,0
BRDA:131,19,0,0
BRDA:131,19,1,0
BRDA:131,20,0,0
BRDA:131,20,1,0
BRDA:131,20,2,0
BRDA:154,21,0,0
BRDA:154,21,1,0
BRDA:155,22,0,0
BRDA:155,22,1,0
BRDA:170,23,0,0
BRDA:170,23,1,0
BRDA:211,24,0,0
BRDA:211,24,1,0
BRDA:217,25,0,0
BRDA:217,25,1,0
BRDA:239,26,0,0
BRDA:239,26,1,0
BRDA:240,27,0,0
BRDA:240,27,1,0
BRDA:248,28,0,0
BRDA:248,28,1,0
BRDA:299,29,0,0
BRDA:299,29,1,0
BRDA:299,29,2,0
BRDA:299,29,3,0
BRDA:299,29,4,0
BRDA:299,29,5,0
BRDA:299,29,6,0
BRDA:311,30,0,0
BRDA:311,30,1,0
BRDA:311,30,2,0
BRDA:311,30,3,0
BRDA:311,30,4,0
BRDA:311,30,5,0
BRDA:311,30,6,0
BRDA:322,31,0,17
BRDA:322,31,1,0
BRDA:330,32,0,0
BRDA:330,32,1,0
BRDA:346,33,0,0
BRDA:346,33,1,0
BRDA:364,34,0,0
BRDA:364,34,1,0
BRDA:378,35,0,0
BRDA:378,35,1,0
BRDA:389,36,0,0
BRDA:389,36,1,0
BRDA:402,37,0,0
BRDA:402,37,1,0
BRDA:413,38,0,0
BRDA:413,38,1,0
BRDA:413,38,2,0
BRDA:425,39,0,0
BRDA:425,39,1,0
BRDA:426,40,0,0
BRDA:426,40,1,0
BRDA:434,41,0,0
BRDA:434,41,1,0
BRDA:435,42,0,0
BRDA:435,42,1,0
BRDA:436,43,0,0
BRDA:436,43,1,0
BRDA:437,44,0,0
BRDA:437,44,1,0
BRDA:442,45,0,0
BRDA:442,45,1,0
BRDA:443,46,0,0
BRDA:443,46,1,0
BRDA:444,47,0,0
BRDA:444,47,1,0
BRDA:445,48,0,0
BRDA:445,48,1,0
BRDA:474,49,0,0
BRDA:474,49,1,0
BRDA:513,50,0,0
BRDA:513,50,1,0
BRF:121
BRH:1
end_of_record
TN:
SF:src/services/api.js
FN:15,(anonymous_0)
FN:19,(anonymous_1)
FN:27,(anonymous_2)
FN:30,(anonymous_3)
FN:39,(anonymous_4)
FN:42,(anonymous_5)
FN:43,(anonymous_6)
FN:46,(anonymous_7)
FN:48,(anonymous_8)
FN:51,(anonymous_9)
FN:52,(anonymous_10)
FN:55,(anonymous_11)
FN:57,(anonymous_12)
FN:60,(anonymous_13)
FN:61,(anonymous_14)
FN:64,(anonymous_15)
FN:66,(anonymous_16)
FN:68,(anonymous_17)
FN:74,(anonymous_18)
FN:76,(anonymous_19)
FN:80,(anonymous_20)
FN:84,(anonymous_21)
FN:85,(anonymous_22)
FN:89,(anonymous_23)
FN:90,(anonymous_24)
FN:93,(anonymous_25)
FN:99,(anonymous_26)
FN:102,(anonymous_27)
FN:105,(anonymous_28)
FN:112,(anonymous_29)
FN:113,(anonymous_30)
FN:118,(anonymous_31)
FN:120,(anonymous_32)
FN:121,(anonymous_33)
FN:124,(anonymous_34)
FN:129,(anonymous_35)
FN:133,(anonymous_36)
FN:135,(anonymous_37)
FN:140,(anonymous_38)
FN:144,(anonymous_39)
FN:148,(anonymous_40)
FN:151,(anonymous_41)
FN:154,(anonymous_42)
FN:157,(anonymous_43)
FNF:44
FNH:13
FNDA:0,(anonymous_0)
FNDA:0,(anonymous_1)
FNDA:0,(anonymous_2)
FNDA:0,(anonymous_3)
FNDA:2,(anonymous_4)
FNDA:1,(anonymous_5)
FNDA:1,(anonymous_6)
FNDA:0,(anonymous_7)
FNDA:0,(anonymous_8)
FNDA:0,(anonymous_9)
FNDA:0,(anonymous_10)
FNDA:0,(anonymous_11)
FNDA:0,(anonymous_12)
FNDA:0,(anonymous_13)
FNDA:0,(anonymous_14)
FNDA:1,(anonymous_15)
FNDA:0,(anonymous_16)
FNDA:1,(anonymous_17)
FNDA:0,(anonymous_18)
FNDA:0,(anonymous_19)
FNDA:0,(anonymous_20)
FNDA:1,(anonymous_21)
FNDA:2,(anonymous_22)
FNDA:1,(anonymous_23)
FNDA:2,(anonymous_24)
FNDA:0,(anonymous_25)
FNDA:0,(anonymous_26)
FNDA:0,(anonymous_27)
FNDA:0,(anonymous_28)
FNDA:0,(anonymous_29)
FNDA:0,(anonymous_30)
FNDA:1,(anonymous_31)
FNDA:1,(anonymous_32)
FNDA:0,(anonymous_33)
FNDA:1,(anonymous_34)
FNDA:1,(anonymous_35)
FNDA:0,(anonymous_36)
FNDA:0,(anonymous_37)
FNDA:0,(anonymous_38)
FNDA:0,(anonymous_39)
FNDA:0,(anonymous_40)
FNDA:0,(anonymous_41)
FNDA:0,(anonymous_42)
FNDA:0,(anonymous_43)
DA:3,5
DA:5,5
DA:14,5
DA:16,0
DA:17,0
DA:20,0
DA:21,0
DA:26,5
DA:28,0
DA:31,0
DA:32,0
DA:37,5
DA:39,2
DA:42,1
DA:43,1
DA:47,0
DA:48,0
DA:51,0
DA:52,0
DA:56,0
DA:57,0
DA:60,0
DA:61,0
DA:65,1
DA:67,0
DA:69,1
DA:70,1
DA:71,1
DA:72,1
DA:75,0
DA:77,0
DA:81,0
DA:84,1
DA:87,2
DA:90,2
DA:91,1
DA:95,0
DA:100,0
DA:103,0
DA:106,0
DA:113,0
DA:114,0
DA:119,1
DA:121,1
DA:122,1
DA:125,1
DA:126,1
DA:127,1
DA:130,1
DA:134,0
DA:136,0
DA:137,0
DA:138,0
DA:141,0
DA:145,0
DA:149,0
DA:152,0
DA:155,0
DA:158,0
LF:59
LH:24
BRDA:3,0,0,5
BRDA:3,0,1,5
BRDA:64,1,0,0
BRDA:64,2,0,0
BRDA:68,3,0,0
BRDA:68,4,0,0
BRDA:68,5,0,0
BRDA:68,6,0,0
BRDA:70,7,0,1
BRDA:70,7,1,0
BRDA:71,8,0,1
BRDA:71,8,1,0
BRDA:74,9,0,0
BRDA:85,10,0,1
BRDA:85,11,0,1
BRDA:89,12,0,0
BRDA:93,13,0,0
BRDA:112,14,0,0
BRDA:118,15,0,0
BRDA:118,16,0,0
BRDA:120,17,0,0
BRDA:120,18,0,1
BRDA:121,19,0,0
BRDA:121,19,1,1
BRDA:124,20,0,0
BRDA:124,21,0,0
BRDA:124,22,0,0
BRDA:126,23,0,1
BRDA:126,23,1,0
BRDA:129,24,0,0
BRDA:133,25,0,0
BRDA:135,26,0,0
BRDA:135,27,0,0
BRDA:137,28,0,0
BRDA:137,28,1,0
BRDA:140,29,0,0
BRF:36
BRH:9
end_of_record
TN:
SF:src/services/cacheService.js
FN:7,(anonymous_0)
FN:17,(anonymous_1)
FN:18,(anonymous_2)
FN:24,(anonymous_3)
FN:47,(anonymous_4)
FN:61,(anonymous_5)
FN:69,(anonymous_6)
FN:77,(anonymous_7)
FN:96,(anonymous_8)
FN:121,(anonymous_9)
FN:129,(anonymous_10)
FN:139,(anonymous_11)
FN:148,(anonymous_12)
FNF:13
FNH:0
FNDA:0,(anonymous_0)
FNDA:0,(anonymous_1)
FNDA:0,(anonymous_2)
FNDA:0,(anonymous_3)
FNDA:0,(anonymous_4)
FNDA:0,(anonymous_5)
FNDA:0,(anonymous_6)
FNDA:0,(anonymous_7)
FNDA:0,(anonymous_8)
FNDA:0,(anonymous_9)
FNDA:0,(anonymous_10)
FNDA:0,(anonymous_11)
FNDA:0,(anonymous_12)
DA:8,0
DA:9,0
DA:10,0
DA:11,0
DA:18,0
DA:25,0
DA:26,0
DA:29,0
DA:32,0
DA:33,0
DA:34,0
DA:35,0
DA:39,0
DA:41,0
DA:49,0
DA:50,0
DA:53,0
DA:54,0
DA:55,0
DA:62,0
DA:63,0
DA:70,0
DA:71,0
DA:78,0
DA:79,0
DA:81,0
DA:82,0
DA:83,0
DA:84,0
DA:88,0
DA:89,0
DA:97,0
DA:98,0
DA:99,0
DA:101,0
DA:102,0
DA:103,0
DA:105,0
DA:109,0
DA:123,0
DA:130,0
DA:131,0
DA:133,0
DA:134,0
DA:135,0
DA:139,0
DA:140,0
DA:145,0
DA:148,0
DA:149,0
DA:150,0
DA:151,0
LF:52
LH:0
BRDA:25,0,0,0
BRDA:25,0,1,0
BRDA:32,1,0,0
BRDA:32,1,1,0
BRDA:47,2,0,0
BRDA:49,3,0,0
BRDA:49,3,1,0
BRDA:82,4,0,0
BRDA:82,4,1,0
BRDA:88,5,0,0
BRDA:88,5,1,0
BRDA:102,6,0,0
BRDA:102,6,1,0
BRDA:134,7,0,0
BRDA:134,7,1,0
BRDA:150,8,0,0
BRDA:150,8,1,0
BRF:17
BRH:0
end_of_record
TN:
SF:src/services/confidenceService.js
FN:9,(anonymous_0)
FN:24,(anonymous_1)
FN:61,(anonymous_2)
FN:82,(anonymous_3)
FN:96,(anonymous_4)
FN:105,(anonymous_5)
FN:123,(anonymous_6)
FN:124,(anonymous_7)
FN:128,(anonymous_8)
FN:138,(anonymous_9)
FN:139,(anonymous_10)
FN:143,(anonymous_11)
FN:153,(anonymous_12)
FN:154,(anonymous_13)
FN:155,(anonymous_14)
FN:159,(anonymous_15)
FN:169,(anonymous_16)
FN:173,(anonymous_17)
FN:177,(anonymous_18)
FN:178,(anonymous_19)
FN:187,(anonymous_20)
FN:191,(anonymous_21)
FN:200,(anonymous_22)
FN:205,(anonymous_23)
FN:214,(anonymous_24)
FN:244,(anonymous_25)
FN:257,(anonymous_26)
FN:294,(anonymous_27)
FN:295,(anonymous_28)
FN:304,(anonymous_29)
FN:314,(anonymous_30)
FN:324,(anonymous_31)
FN:335,(anonymous_32)
FN:337,(anonymous_33)
FN:360,(anonymous_34)
FN:370,(anonymous_35)
FN:411,(anonymous_36)
FN:421,(anonymous_37)
FN:435,(anonymous_38)
FN:439,(anonymous_39)
FN:463,(anonymous_40)
FN:474,(anonymous_41)
FN:487,(anonymous_42)
FN:495,(anonymous_43)
FN:516,(anonymous_44)
FN:524,(anonymous_45)
FNF:46
FNH:43
FNDA:1,(anonymous_0)
FNDA:9,(anonymous_1)
FNDA:47,(anonymous_2)
FNDA:234,(anonymous_3)
FNDA:57,(anonymous_4)
FNDA:1296,(anonymous_5)
FNDA:9,(anonymous_6)
FNDA:45,(anonymous_7)
FNDA:35,(anonymous_8)
FNDA:9,(anonymous_9)
FNDA:45,(anonymous_10)
FNDA:35,(anonymous_11)
FNDA:9,(anonymous_12)
FNDA:45,(anonymous_13)
FNDA:45,(anonymous_14)
FNDA:0,(anonymous_15)
FNDA:9,(anonymous_16)
FNDA:234,(anonymous_17)
FNDA:234,(anonymous_18)
FNDA:234,(anonymous_19)
FNDA:9,(anonymous_20)
FNDA:45,(anonymous_21)
FNDA:36,(anonymous_22)
FNDA:45,(anonymous_23)
FNDA:0,(anonymous_24)
FNDA:3,(anonymous_25)
FNDA:5,(anonymous_26)
FNDA:15,(anonymous_27)
FNDA:52,(anonymous_28)
FNDA:4,(anonymous_29)
FNDA:4,(anonymous_30)
FNDA:2,(anonymous_31)
FNDA:10,(anonymous_32)
FNDA:10,(anonymous_33)
FNDA:2,(anonymous_34)
FNDA:1,(anonymous_35)
FNDA:19,(anonymous_36)
FNDA:95,(anonymous_37)
FNDA:95,(anonymous_38)
FNDA:0,(anonymous_39)
FNDA:1,(anonymous_40)
FNDA:1,(anonymous_41)
FNDA:1,(anonymous_42)
FNDA:18,(anonymous_43)
FNDA:23,(anonymous_44)
FNDA:2,(anonymous_45)
DA:10,1
DA:11,1
DA:12,1
DA:25,9
DA:26,9
DA:35,9
DA:36,45
DA:37,45
DA:41,9
DA:42,9
DA:43,9
DA:46,9
DA:49,9
DA:51,9
DA:53,0
DA:54,0
DA:62,47
DA:73,47
DA:75,47
DA:76,38
DA:79,9
DA:82,9
DA:83,234
DA:86,9
DA:87,9
DA:88,9
DA:90,9
DA:97,57
DA:100,57
DA:101,1026
DA:102,1026
DA:105,1026
DA:106,1296
DA:111,1026
DA:113,0
DA:117,57
DA:124,45
DA:126,9
DA:128,7
DA:129,35
DA:132,7
DA:139,45
DA:141,9
DA:143,7
DA:144,35
DA:147,7
DA:154,45
DA:155,45
DA:157,9
DA:159,7
DA:160,0
DA:163,7
DA:170,9
DA:173,9
DA:174,234
DA:177,234
DA:178,234
DA:181,9
DA:188,9
DA:191,9
DA:192,45
DA:195,9
DA:196,9
DA:200,36
DA:205,9
DA:206,45
DA:209,9
DA:210,0
DA:214,0
DA:219,9
DA:220,9
DA:229,9
DA:230,2
DA:238,9
DA:245,3
DA:247,3
DA:248,2
DA:257,1
DA:258,5
DA:261,1
DA:262,1
DA:271,0
DA:272,0
DA:273,0
DA:276,0
DA:280,0
DA:295,15
DA:296,52
DA:298,15
DA:305,4
DA:306,3
DA:307,2
DA:308,1
DA:315,4
DA:316,3
DA:317,2
DA:318,1
DA:325,2
DA:326,2
DA:328,2
DA:335,10
DA:337,10
DA:350,2
DA:352,0
DA:353,0
DA:361,2
DA:362,2
DA:363,2
DA:364,2
DA:371,1
DA:372,1
DA:379,1
DA:380,18
DA:381,18
DA:382,18
DA:389,0
DA:394,1
DA:395,1
DA:398,1
DA:399,1
DA:401,1
DA:403,0
DA:404,0
DA:412,19
DA:414,19
DA:415,0
DA:419,19
DA:420,19
DA:421,95
DA:422,95
DA:429,19
DA:430,19
DA:432,19
DA:433,19
DA:435,95
DA:436,19
DA:437,0
DA:439,0
DA:440,0
DA:443,0
DA:444,0
DA:446,0
DA:447,0
DA:450,19
DA:453,19
DA:464,1
DA:466,1
DA:467,5
DA:468,5
DA:474,1
DA:476,1
DA:477,1
DA:481,1
DA:488,1
DA:490,1
DA:491,5
DA:493,5
DA:495,1
DA:496,18
DA:499,1
DA:501,1
DA:510,1
DA:517,23
DA:518,23
DA:525,2
DA:534,1
LF:166
LH:142
BRDA:24,0,0,0
BRDA:75,1,0,38
BRDA:75,1,1,9
BRDA:106,2,0,1296
BRDA:106,2,1,1296
BRDA:106,2,2,1188
BRDA:126,3,0,2
BRDA:126,3,1,7
BRDA:141,4,0,2
BRDA:141,4,1,7
BRDA:157,5,0,2
BRDA:157,5,1,7
BRDA:170,6,0,0
BRDA:170,6,1,9
BRDA:174,7,0,0
BRDA:174,7,1,234
BRDA:195,8,0,9
BRDA:195,8,1,0
BRDA:209,9,0,0
BRDA:209,9,1,9
BRDA:219,10,0,9
BRDA:219,10,1,0
BRDA:229,11,0,2
BRDA:229,11,1,7
BRDA:244,12,0,0
BRDA:247,13,0,2
BRDA:247,13,1,1
BRDA:258,14,0,5
BRDA:258,14,1,0
BRDA:261,15,0,1
BRDA:261,15,1,0
BRDA:296,16,0,52
BRDA:296,16,1,52
BRDA:298,17,0,14
BRDA:298,17,1,1
BRDA:305,18,0,1
BRDA:305,18,1,3
BRDA:306,19,0,1
BRDA:306,19,1,2
BRDA:307,20,0,1
BRDA:307,20,1,1
BRDA:315,21,0,1
BRDA:315,21,1,3
BRDA:316,22,0,1
BRDA:316,22,1,2
BRDA:317,23,0,1
BRDA:317,23,1,1
BRDA:324,24,0,0
BRDA:361,25,0,0
BRDA:361,25,1,2
BRDA:362,26,0,0
BRDA:362,26,1,2
BRDA:363,27,0,0
BRDA:363,27,1,2
BRDA:370,28,0,0
BRDA:414,29,0,0
BRDA:414,29,1,19
BRDA:422,30,0,95
BRDA:422,30,1,95
BRDA:422,30,2,95
BRDA:433,31,0,0
BRDA:433,31,1,19
BRDA:436,32,0,19
BRDA:436,32,1,0
BRDA:450,33,0,0
BRDA:450,33,1,19
BRDA:477,34,0,1
BRDA:477,34,1,0
BRDA:493,35,0,4
BRDA:493,35,1,1
BRF:70
BRH:51
end_of_record
TN:
SF:src/services/enhancedApiService.js
FN:10,(anonymous_0)
FN:23,(anonymous_1)
FN:78,(anonymous_2)
FN:98,(anonymous_3)
FN:108,(anonymous_4)
FN:112,(anonymous_5)
FN:124,(anonymous_6)
FN:128,(anonymous_7)
FN:140,(anonymous_8)
FN:147,(anonymous_9)
FN:154,(anonymous_10)
FN:163,(anonymous_11)
FN:171,(anonymous_12)
FN:181,(anonymous_13)
FNF:14
FNH:0
FNDA:0,(anonymous_0)
FNDA:0,(anonymous_1)
FNDA:0,(anonymous_2)
FNDA:0,(anonymous_3)
FNDA:0,(anonymous_4)
FNDA:0,(anonymous_5)
FNDA:0,(anonymous_6)
FNDA:0,(anonymous_7)
FNDA:0,(anonymous_8)
FNDA:0,(anonymous_9)
FNDA:0,(anonymous_10)
FNDA:0,(anonymous_11)
FNDA:0,(anonymous_12)
FNDA:0,(anonymous_13)
DA:11,0
DA:12,0
DA:13,0
DA:29,0
DA:32,0
DA:33,0
DA:34,0
DA:35,0
DA:40,0
DA:41,0
DA:45,0
DA:52,0
DA:54,0
DA:55,0
DA:58,0
DA:60,0
DA:63,0
DA:64,0
DA:65,0
DA:66,0
DA:68,0
DA:71,0
DA:81,0
DA:82,0
DA:83,0
DA:85,0
DA:87,0
DA:88,0
DA:92,0
DA:97,0
DA:98,0
DA:102,0
DA:109,0
DA:111,0
DA:112,0
DA:125,0
DA:127,0
DA:128,0
DA:141,0
DA:148,0
DA:155,0
DA:157,0
DA:158,0
DA:159,0
DA:160,0
DA:163,0
DA:166,0
DA:172,0
DA:182,0
DA:193,0
LF:50
LH:0
BRDA:23,0,0,0
BRDA:25,1,0,0
BRDA:26,2,0,0
BRDA:27,3,0,0
BRDA:28,4,0,0
BRDA:32,5,0,0
BRDA:32,5,1,0
BRDA:34,6,0,0
BRDA:34,6,1,0
BRDA:40,7,0,0
BRDA:40,7,1,0
BRDA:63,8,0,0
BRDA:63,8,1,0
BRDA:87,9,0,0
BRDA:87,9,1,0
BRDA:87,10,0,0
BRDA:87,10,1,0
BRDA:108,11,0,0
BRDA:108,12,0,0
BRDA:124,13,0,0
BRDA:124,14,0,0
BRDA:154,15,0,0
BRDA:155,16,0,0
BRDA:155,16,1,0
BRDA:159,17,0,0
BRDA:159,17,1,0
BRF:26
BRH:0
end_of_record
TN:
SF:src/services/enhancedCacheService.js
FN:7,(anonymous_0)
FN:39,(anonymous_1)
FN:40,(anonymous_2)
FN:52,(anonymous_3)
FN:79,(anonymous_4)
FN:105,(anonymous_5)
FN:130,(anonymous_6)
FN:140,(anonymous_7)
FN:147,(anonymous_8)
FN:171,(anonymous_9)
FN:183,(anonymous_10)
FN:212,(anonymous_11)
FN:221,(anonymous_12)
FN:232,(anonymous_13)
FN:243,(anonymous_14)
FN:269,(anonymous_15)
FN:293,(anonymous_16)
FN:305,(anonymous_17)
FN:315,(anonymous_18)
FN:322,(anonymous_19)
FN:327,(anonymous_20)
FN:338,(anonymous_21)
FN:348,(anonymous_22)
FN:361,(anonymous_23)
FNF:24
FNH:19
FNDA:1,(anonymous_0)
FNDA:5,(anonymous_1)
FNDA:8,(anonymous_2)
FNDA:152,(anonymous_3)
FNDA:260,(anonymous_4)
FNDA:260,(anonymous_5)
FNDA:257,(anonymous_6)
FNDA:17,(anonymous_7)
FNDA:0,(anonymous_8)
FNDA:0,(anonymous_9)
FNDA:0,(anonymous_10)
FNDA:0,(anonymous_11)
FNDA:1,(anonymous_12)
FNDA:52,(anonymous_13)
FNDA:6,(anonymous_14)
FNDA:4,(anonymous_15)
FNDA:6,(anonymous_16)
FNDA:1,(anonymous_17)
FNDA:1,(anonymous_18)
FNDA:2,(anonymous_19)
FNDA:0,(anonymous_20)
FNDA:1,(anonymous_21)
FNDA:2,(anonymous_22)
FNDA:3,(anonymous_23)
DA:8,1
DA:9,1
DA:10,1
DA:11,1
DA:12,1
DA:15,1
DA:16,1
DA:17,1
DA:18,1
DA:19,1
DA:22,1
DA:33,1
DA:40,5
DA:41,8
DA:42,2
DA:44,6
DA:46,5
DA:53,152
DA:54,16
DA:55,16
DA:58,136
DA:61,136
DA:62,1
DA:63,1
DA:64,1
DA:65,1
DA:66,1
DA:70,135
DA:71,135
DA:73,135
DA:81,260
DA:84,260
DA:85,0
DA:88,260
DA:89,260
DA:91,260
DA:92,260
DA:93,260
DA:96,260
DA:97,260
DA:98,260
DA:106,260
DA:109,256
DA:110,256
DA:112,256
DA:115,256
DA:116,256
DA:117,256
DA:118,0
DA:119,256
DA:120,256
DA:124,256
DA:131,257
DA:132,257
DA:133,257
DA:134,257
DA:141,17
DA:148,0
DA:149,0
DA:151,0
DA:152,0
DA:153,0
DA:154,0
DA:155,0
DA:156,0
DA:159,0
DA:167,0
DA:171,0
DA:174,0
DA:175,0
DA:176,0
DA:184,0
DA:187,0
DA:190,0
DA:193,0
DA:196,0
DA:199,0
DA:204,0
DA:206,0
DA:213,0
DA:214,0
DA:215,0
DA:222,1
DA:223,1
DA:224,1
DA:225,1
DA:226,1
DA:233,52
DA:234,52
DA:235,52
DA:236,52
DA:237,52
DA:244,6
DA:245,6
DA:246,6
DA:247,6
DA:248,6
DA:249,6
DA:251,6
DA:252,106
DA:253,0
DA:255,106
DA:258,106
DA:259,106
DA:260,106
DA:261,106
DA:263,106
DA:264,4
DA:268,6
DA:269,4
DA:272,6
DA:276,6
DA:294,6
DA:295,6
DA:296,106
DA:297,106
DA:299,6
DA:306,1
DA:307,1
DA:309,1
DA:310,2
DA:311,1
DA:315,1
DA:316,1
DA:323,2
DA:324,1
DA:327,2
DA:328,0
DA:329,0
DA:330,0
DA:339,1
DA:340,1
DA:341,1
DA:349,2
DA:350,2
DA:351,2
DA:352,1
DA:354,1
DA:362,3
DA:363,3
DA:368,3
DA:369,2
DA:370,2
DA:373,3
DA:374,0
DA:375,0
DA:378,3
DA:379,0
DA:380,0
DA:383,3
DA:384,0
DA:385,0
DA:388,3
DA:393,1
LF:154
LH:117
BRDA:7,0,0,1
BRDA:15,1,0,1
BRDA:15,1,1,1
BRDA:16,2,0,1
BRDA:16,2,1,1
BRDA:18,3,0,1
BRDA:18,3,1,1
BRDA:19,4,0,1
BRDA:19,4,1,1
BRDA:41,5,0,2
BRDA:41,5,1,6
BRDA:41,6,0,8
BRDA:41,6,1,2
BRDA:53,7,0,16
BRDA:53,7,1,136
BRDA:61,8,0,1
BRDA:61,8,1,135
BRDA:71,9,0,135
BRDA:71,9,1,117
BRDA:79,10,0,256
BRDA:84,11,0,0
BRDA:84,11,1,260
BRDA:96,12,0,260
BRDA:96,12,1,0
BRDA:106,13,0,4
BRDA:106,13,1,256
BRDA:110,14,0,256
BRDA:110,14,1,252
BRDA:115,15,0,256
BRDA:115,15,1,0
BRDA:117,16,0,0
BRDA:117,16,1,256
BRDA:119,17,0,256
BRDA:119,17,1,0
BRDA:131,18,0,257
BRDA:131,18,1,256
BRDA:132,19,0,257
BRDA:132,19,1,254
BRDA:134,20,0,4
BRDA:134,20,1,253
BRDA:141,21,0,17
BRDA:141,21,1,17
BRDA:152,22,0,0
BRDA:152,22,1,0
BRDA:153,23,0,0
BRDA:153,23,1,0
BRDA:187,24,0,0
BRDA:187,24,1,0
BRDA:204,25,0,0
BRDA:204,25,1,0
BRDA:214,26,0,0
BRDA:214,26,1,0
BRDA:252,27,0,0
BRDA:252,27,1,106
BRDA:258,28,0,106
BRDA:258,28,1,102
BRDA:259,29,0,106
BRDA:259,29,1,106
BRDA:263,30,0,4
BRDA:263,30,1,102
BRDA:268,31,0,3
BRDA:268,31,1,3
BRDA:272,32,0,3
BRDA:272,32,1,3
BRDA:310,33,0,1
BRDA:310,33,1,1
BRDA:323,34,0,1
BRDA:323,34,1,1
BRDA:329,35,0,0
BRDA:329,35,1,0
BRDA:339,36,0,1
BRDA:339,36,1,0
BRDA:368,37,0,2
BRDA:368,37,1,1
BRDA:373,38,0,0
BRDA:373,38,1,3
BRDA:378,39,0,0
BRDA:378,39,1,3
BRDA:383,40,0,0
BRDA:383,40,1,3
BRF:80
BRH:58
end_of_record
TN:
SF:src/services/exportService.js
FN:12,(anonymous_0)
FN:27,(anonymous_1)
FN:40,(anonymous_2)
FN:63,(anonymous_3)
FN:76,(anonymous_4)
FN:105,(anonymous_5)
FN:132,(anonymous_6)
FN:144,(anonymous_7)
FN:168,(anonymous_8)
FN:181,(anonymous_9)
FN:202,(anonymous_10)
FN:256,(anonymous_11)
FN:274,(anonymous_12)
FN:289,(anonymous_13)
FN:291,(anonymous_14)
FN:309,(anonymous_15)
FN:315,(anonymous_16)
FN:339,(anonymous_17)
FN:344,(anonymous_18)
FN:363,(anonymous_19)
FN:375,(anonymous_20)
FN:376,(anonymous_21)
FN:377,(anonymous_22)
FN:384,(anonymous_23)
FN:391,(anonymous_24)
FN:403,(anonymous_25)
FN:415,(anonymous_26)
FN:436,(anonymous_27)
FN:443,(anonymous_28)
FN:450,(anonymous_29)
FN:496,(anonymous_30)
FN:530,(anonymous_31)
FN:547,(anonymous_32)
FN:561,(anonymous_33)
FNF:34
FNH:28
FNDA:1,(anonymous_0)
FNDA:3,(anonymous_1)
FNDA:2,(anonymous_2)
FNDA:2,(anonymous_3)
FNDA:2,(anonymous_4)
FNDA:1,(anonymous_5)
FNDA:1,(anonymous_6)
FNDA:1,(anonymous_7)
FNDA:1,(anonymous_8)
FNDA:2,(anonymous_9)
FNDA:0,(anonymous_10)
FNDA:15,(anonymous_11)
FNDA:5,(anonymous_12)
FNDA:3,(anonymous_13)
FNDA:2,(anonymous_14)
FNDA:2,(anonymous_15)
FNDA:2,(anonymous_16)
FNDA:0,(anonymous_17)
FNDA:0,(anonymous_18)
FNDA:0,(anonymous_19)
FNDA:5,(anonymous_20)
FNDA:9,(anonymous_21)
FNDA:105,(anonymous_22)
FNDA:9,(anonymous_23)
FNDA:1,(anonymous_24)
FNDA:1,(anonymous_25)
FNDA:3,(anonymous_26)
FNDA:1,(anonymous_27)
FNDA:1,(anonymous_28)
FNDA:7,(anonymous_29)
FNDA:1,(anonymous_30)
FNDA:0,(anonymous_31)
FNDA:5,(anonymous_32)
FNDA:0,(anonymous_33)
DA:13,1
DA:14,1
DA:28,3
DA:29,3
DA:30,2
DA:32,2
DA:40,2
DA:53,2
DA:55,1
DA:56,1
DA:64,2
DA:65,2
DA:66,2
DA:68,2
DA:76,2
DA:95,2
DA:97,0
DA:98,0
DA:106,1
DA:107,1
DA:108,1
DA:110,1
DA:122,1
DA:124,0
DA:125,0
DA:133,1
DA:134,1
DA:136,1
DA:144,1
DA:158,1
DA:160,0
DA:161,0
DA:169,1
DA:170,1
DA:172,1
DA:181,2
DA:192,1
DA:194,0
DA:195,0
DA:203,0
DA:204,0
DA:214,0
DA:215,0
DA:217,0
DA:219,0
DA:220,0
DA:222,0
DA:223,0
DA:225,0
DA:226,0
DA:228,0
DA:229,0
DA:231,0
DA:232,0
DA:234,0
DA:237,0
DA:238,0
DA:246,0
DA:248,0
DA:249,0
DA:257,15
DA:259,5
DA:261,7
DA:263,1
DA:265,1
DA:267,1
DA:275,5
DA:276,3
DA:277,2
DA:278,2
DA:279,0
DA:280,0
DA:282,0
DA:290,3
DA:291,3
DA:303,3
DA:310,2
DA:315,2
DA:333,2
DA:340,0
DA:344,0
DA:357,0
DA:365,0
DA:366,0
DA:367,0
DA:369,0
DA:376,5
DA:377,105
DA:385,9
DA:393,1
DA:405,1
DA:416,3
DA:418,3
DA:419,5
DA:420,5
DA:422,5
DA:423,2
DA:425,3
DA:430,3
DA:437,1
DA:444,1
DA:451,7
DA:453,7
DA:454,1
DA:457,7
DA:458,1
DA:462,7
DA:464,3
DA:465,3
DA:467,1
DA:468,1
DA:470,0
DA:471,0
DA:473,1
DA:474,1
DA:476,1
DA:478,1
DA:479,1
DA:481,1
DA:483,1
DA:484,1
DA:487,7
DA:497,1
DA:498,1
DA:500,1
DA:503,1
DA:505,1
DA:506,1
DA:508,0
DA:509,0
DA:511,0
DA:512,0
DA:514,0
DA:515,0
DA:517,0
DA:518,0
DA:520,0
DA:521,0
DA:524,1
DA:531,0
DA:532,0
DA:534,0
DA:535,0
DA:536,0
DA:537,0
DA:538,0
DA:539,0
DA:541,0
DA:548,5
DA:555,5
DA:562,0
DA:563,0
DA:564,0
DA:565,0
DA:569,0
DA:571,0
DA:572,0
DA:574,0
DA:575,0
DA:577,0
DA:578,0
DA:580,0
DA:581,0
DA:583,0
DA:584,0
DA:586,0
DA:587,0
DA:589,0
DA:592,0
DA:593,0
DA:595,0
DA:597,0
DA:603,0
DA:604,0
DA:613,1
LF:175
LH:91
BRDA:27,0,0,0
BRDA:27,1,0,0
BRDA:37,2,0,2
BRDA:37,2,1,0
BRDA:40,3,0,2
BRDA:40,3,1,0
BRDA:43,4,0,2
BRDA:43,4,1,0
BRDA:44,5,0,2
BRDA:44,5,1,0
BRDA:45,6,0,2
BRDA:45,6,1,0
BRDA:46,7,0,2
BRDA:46,7,1,0
BRDA:47,8,0,2
BRDA:47,8,1,1
BRDA:48,9,0,2
BRDA:48,9,1,1
BRDA:49,10,0,2
BRDA:49,10,1,1
BRDA:63,11,0,0
BRDA:84,12,0,2
BRDA:84,12,1,0
BRDA:85,13,0,2
BRDA:85,13,1,0
BRDA:86,14,0,2
BRDA:86,14,1,1
BRDA:87,15,0,2
BRDA:87,15,1,1
BRDA:88,16,0,2
BRDA:88,16,1,1
BRDA:89,17,0,2
BRDA:89,17,1,1
BRDA:90,18,0,2
BRDA:90,18,1,1
BRDA:91,19,0,2
BRDA:91,19,1,1
BRDA:105,20,0,0
BRDA:132,21,0,0
BRDA:151,22,0,1
BRDA:151,22,1,0
BRDA:152,23,0,1
BRDA:152,23,1,0
BRDA:153,24,0,1
BRDA:153,24,1,0
BRDA:154,25,0,1
BRDA:154,25,1,0
BRDA:168,26,0,0
BRDA:202,27,0,0
BRDA:217,28,0,0
BRDA:217,28,1,0
BRDA:217,28,2,0
BRDA:217,28,3,0
BRDA:217,28,4,0
BRDA:217,28,5,0
BRDA:237,29,0,0
BRDA:237,29,1,0
BRDA:257,30,0,5
BRDA:257,30,1,7
BRDA:257,30,2,1
BRDA:257,30,3,1
BRDA:257,30,4,1
BRDA:275,31,0,3
BRDA:275,31,1,2
BRDA:277,32,0,2
BRDA:277,32,1,0
BRDA:279,33,0,0
BRDA:279,33,1,0
BRDA:415,34,0,1
BRDA:419,35,0,5
BRDA:419,35,1,0
BRDA:420,36,0,3
BRDA:420,36,1,2
BRDA:422,37,0,2
BRDA:422,37,1,3
BRDA:422,38,0,5
BRDA:422,38,1,3
BRDA:422,38,2,3
BRDA:453,39,0,1
BRDA:453,39,1,6
BRDA:453,40,0,7
BRDA:453,40,1,7
BRDA:457,41,0,1
BRDA:457,41,1,6
BRDA:457,42,0,7
BRDA:457,42,1,7
BRDA:462,43,0,3
BRDA:462,43,1,1
BRDA:462,43,2,0
BRDA:462,43,3,1
BRDA:462,43,4,1
BRDA:462,43,5,1
BRDA:464,44,0,1
BRDA:464,44,1,2
BRDA:467,45,0,1
BRDA:467,45,1,0
BRDA:467,46,0,1
BRDA:467,46,1,1
BRDA:470,47,0,0
BRDA:470,47,1,0
BRDA:473,48,0,1
BRDA:473,48,1,0
BRDA:473,49,0,1
BRDA:473,49,1,1
BRDA:473,49,2,1
BRDA:478,50,0,1
BRDA:478,50,1,0
BRDA:478,51,0,1
BRDA:478,51,1,1
BRDA:478,51,2,0
BRDA:498,52,0,1
BRDA:498,52,1,0
BRDA:503,53,0,1
BRDA:503,53,1,0
BRDA:503,53,2,0
BRDA:503,53,3,0
BRDA:503,53,4,0
BRDA:503,53,5,0
BRDA:555,54,0,5
BRDA:555,54,1,1
BRDA:564,55,0,0
BRDA:564,55,1,0
BRDA:569,56,0,0
BRDA:569,56,1,0
BRDA:569,56,2,0
BRDA:569,56,3,0
BRDA:569,56,4,0
BRDA:569,56,5,0
BRDA:569,56,6,0
BRF:129
BRH:76
end_of_record
TN:
SF:src/services/historicalAnalysisService.js
FN:9,(anonymous_0)
FN:17,(anonymous_1)
FN:30,(anonymous_2)
FN:34,(anonymous_3)
FN:59,(anonymous_4)
FN:101,(anonymous_5)
FN:104,(anonymous_6)
FN:111,(anonymous_7)
FN:114,(anonymous_8)
FN:124,(anonymous_9)
FN:127,(anonymous_10)
FN:135,(anonymous_11)
FN:138,(anonymous_12)
FN:146,(anonymous_13)
FN:149,(anonymous_14)
FN:150,(anonymous_15)
FN:151,(anonymous_16)
FN:161,(anonymous_17)
FN:172,(anonymous_18)
FN:186,(anonymous_19)
FN:190,(anonymous_20)
FN:191,(anonymous_21)
FN:205,(anonymous_22)
FN:206,(anonymous_23)
FN:222,(anonymous_24)
FN:223,(anonymous_25)
FN:224,(anonymous_26)
FN:225,(anonymous_27)
FN:228,(anonymous_28)
FN:231,(anonymous_29)
FN:236,(anonymous_30)
FN:237,(anonymous_31)
FN:240,(anonymous_32)
FN:274,(anonymous_33)
FN:275,(anonymous_34)
FN:276,(anonymous_35)
FN:284,(anonymous_36)
FN:285,(anonymous_37)
FN:297,(anonymous_38)
FN:301,(anonymous_39)
FN:304,(anonymous_40)
FN:307,(anonymous_41)
FN:310,(anonymous_42)
FN:318,(anonymous_43)
FN:331,(anonymous_44)
FN:337,(anonymous_45)
FN:338,(anonymous_46)
FN:349,(anonymous_47)
FN:366,(anonymous_48)
FN:408,(anonymous_49)
FN:411,(anonymous_50)
FN:412,(anonymous_51)
FN:419,(anonymous_52)
FN:434,(anonymous_53)
FN:435,(anonymous_54)
FN:436,(anonymous_55)
FN:437,(anonymous_56)
FN:439,(anonymous_57)
FN:442,(anonymous_58)
FN:448,(anonymous_59)
FN:451,(anonymous_60)
FN:452,(anonymous_61)
FN:453,(anonymous_62)
FN:470,(anonymous_63)
FN:479,(anonymous_64)
FN:482,(anonymous_65)
FN:485,(anonymous_66)
FN:489,(anonymous_67)
FN:490,(anonymous_68)
FN:491,(anonymous_69)
FN:511,(anonymous_70)
FN:524,(anonymous_71)
FN:561,(anonymous_72)
FN:562,(anonymous_73)
FN:574,(anonymous_74)
FN:575,(anonymous_75)
FN:576,(anonymous_76)
FN:577,(anonymous_77)
FN:578,(anonymous_78)
FN:586,(anonymous_79)
FN:588,(anonymous_80)
FN:589,(anonymous_81)
FN:598,(anonymous_82)
FN:616,(anonymous_83)
FN:617,(anonymous_84)
FN:628,(anonymous_85)
FN:629,(anonymous_86)
FN:638,(anonymous_87)
FN:639,(anonymous_88)
FN:640,(anonymous_89)
FN:666,(anonymous_90)
FN:673,(anonymous_91)
FNF:92
FNH:92
FNDA:1,(anonymous_0)
FNDA:6,(anonymous_1)
FNDA:7,(anonymous_2)
FNDA:7,(anonymous_3)
FNDA:8,(anonymous_4)
FNDA:10,(anonymous_5)
FNDA:12,(anonymous_6)
FNDA:10,(anonymous_7)
FNDA:12,(anonymous_8)
FNDA:10,(anonymous_9)
FNDA:4,(anonymous_10)
FNDA:10,(anonymous_11)
FNDA:4,(anonymous_12)
FNDA:9,(anonymous_13)
FNDA:11,(anonymous_14)
FNDA:11,(anonymous_15)
FNDA:11,(anonymous_16)
FNDA:7,(anonymous_17)
FNDA:12,(anonymous_18)
FNDA:7,(anonymous_19)
FNDA:4,(anonymous_20)
FNDA:11,(anonymous_21)
FNDA:5,(anonymous_22)
FNDA:7,(anonymous_23)
FNDA:5,(anonymous_24)
FNDA:5,(anonymous_25)
FNDA:5,(anonymous_26)
FNDA:5,(anonymous_27)
FNDA:2,(anonymous_28)
FNDA:2,(anonymous_29)
FNDA:5,(anonymous_30)
FNDA:4,(anonymous_31)
FNDA:4,(anonymous_32)
FNDA:6,(anonymous_33)
FNDA:6,(anonymous_34)
FNDA:7,(anonymous_35)
FNDA:5,(anonymous_36)
FNDA:7,(anonymous_37)
FNDA:2,(anonymous_38)
FNDA:4,(anonymous_39)
FNDA:4,(anonymous_40)
FNDA:4,(anonymous_41)
FNDA:4,(anonymous_42)
FNDA:4,(anonymous_43)
FNDA:27,(anonymous_44)
FNDA:29,(anonymous_45)
FNDA:29,(anonymous_46)
FNDA:2,(anonymous_47)
FNDA:4,(anonymous_48)
FNDA:5,(anonymous_49)
FNDA:1,(anonymous_50)
FNDA:5,(anonymous_51)
FNDA:4,(anonymous_52)
FNDA:6,(anonymous_53)
FNDA:6,(anonymous_54)
FNDA:6,(anonymous_55)
FNDA:6,(anonymous_56)
FNDA:3,(anonymous_57)
FNDA:3,(anonymous_58)
FNDA:6,(anonymous_59)
FNDA:6,(anonymous_60)
FNDA:6,(anonymous_61)
FNDA:6,(anonymous_62)
FNDA:3,(anonymous_63)
FNDA:3,(anonymous_64)
FNDA:6,(anonymous_65)
FNDA:6,(anonymous_66)
FNDA:6,(anonymous_67)
FNDA:6,(anonymous_68)
FNDA:6,(anonymous_69)
FNDA:2,(anonymous_70)
FNDA:3,(anonymous_71)
FNDA:1,(anonymous_72)
FNDA:2,(anonymous_73)
FNDA:2,(anonymous_74)
FNDA:2,(anonymous_75)
FNDA:2,(anonymous_76)
FNDA:2,(anonymous_77)
FNDA:2,(anonymous_78)
FNDA:1,(anonymous_79)
FNDA:2,(anonymous_80)
FNDA:2,(anonymous_81)
FNDA:2,(anonymous_82)
FNDA:1,(anonymous_83)
FNDA:2,(anonymous_84)
FNDA:2,(anonymous_85)
FNDA:2,(anonymous_86)
FNDA:1,(anonymous_87)
FNDA:2,(anonymous_88)
FNDA:2,(anonymous_89)
FNDA:26,(anonymous_90)
FNDA:2,(anonymous_91)
DA:10,1
DA:11,1
DA:18,6
DA:21,6
DA:22,1
DA:23,1
DA:24,1
DA:28,5
DA:29,5
DA:30,7
DA:33,5
DA:34,7
DA:44,5
DA:49,5
DA:51,0
DA:52,0
DA:60,8
DA:61,8
DA:66,6
DA:80,2
DA:81,2
DA:102,10
DA:104,12
DA:105,8
DA:112,10
DA:114,12
DA:115,8
DA:116,8
DA:118,8
DA:125,10
DA:127,8
DA:128,4
DA:136,10
DA:138,8
DA:139,4
DA:147,9
DA:149,11
DA:150,11
DA:151,11
DA:152,7
DA:155,7
DA:162,7
DA:164,7
DA:172,7
DA:173,12
DA:174,11
DA:175,8
DA:176,1
DA:177,0
DA:180,7
DA:187,7
DA:189,7
DA:190,4
DA:191,11
DA:206,7
DA:208,5
DA:209,2
DA:222,5
DA:223,5
DA:224,5
DA:225,5
DA:228,3
DA:229,2
DA:231,3
DA:232,2
DA:236,5
DA:237,3
DA:238,4
DA:240,3
DA:241,4
DA:244,3
DA:275,6
DA:276,7
DA:278,6
DA:285,7
DA:287,5
DA:288,3
DA:297,2
DA:300,2
DA:301,4
DA:303,2
DA:304,4
DA:306,2
DA:307,4
DA:309,2
DA:310,4
DA:313,2
DA:318,4
DA:332,27
DA:334,26
DA:335,26
DA:337,29
DA:338,29
DA:340,26
DA:342,26
DA:343,10
DA:350,2
DA:353,2
DA:354,0
DA:355,0
DA:356,0
DA:360,2
DA:361,2
DA:363,2
DA:364,4
DA:365,4
DA:366,4
DA:368,4
DA:369,4
DA:380,0
DA:384,2
DA:393,2
DA:398,2
DA:400,0
DA:401,0
DA:409,5
DA:411,5
DA:412,5
DA:413,5
DA:420,4
DA:421,1
DA:434,6
DA:435,6
DA:436,6
DA:437,6
DA:439,3
DA:440,3
DA:442,3
DA:443,3
DA:446,3
DA:448,6
DA:451,6
DA:452,6
DA:453,6
DA:471,3
DA:472,0
DA:479,3
DA:481,3
DA:482,6
DA:484,3
DA:485,6
DA:489,6
DA:490,6
DA:491,6
DA:492,3
DA:495,3
DA:496,0
DA:497,0
DA:498,0
DA:500,3
DA:512,2
DA:515,2
DA:516,0
DA:517,0
DA:518,0
DA:522,2
DA:523,2
DA:524,3
DA:526,2
DA:527,1
DA:533,1
DA:546,1
DA:551,1
DA:553,0
DA:554,0
DA:562,2
DA:571,1
DA:574,2
DA:575,2
DA:576,2
DA:577,2
DA:578,2
DA:587,1
DA:588,1
DA:589,2
DA:590,2
DA:594,1
DA:596,1
DA:597,1
DA:598,2
DA:599,1
DA:606,0
DA:610,1
DA:617,2
DA:625,1
DA:628,2
DA:629,2
DA:639,2
DA:640,2
DA:642,1
DA:644,1
DA:645,1
DA:646,0
DA:647,0
DA:649,0
DA:652,1
DA:653,1
DA:654,0
DA:655,0
DA:657,0
DA:660,1
DA:667,26
DA:674,2
DA:683,1
LF:204
LH:179
BRDA:17,0,0,0
BRDA:21,1,0,1
BRDA:21,1,1,5
BRDA:23,2,0,1
BRDA:23,2,1,0
BRDA:68,3,0,6
BRDA:68,3,1,0
BRDA:69,4,0,6
BRDA:69,4,1,0
BRDA:102,5,0,2
BRDA:102,5,1,8
BRDA:102,6,0,10
BRDA:102,6,1,9
BRDA:112,7,0,2
BRDA:112,7,1,8
BRDA:112,8,0,10
BRDA:112,8,1,9
BRDA:125,9,0,2
BRDA:125,9,1,8
BRDA:125,10,0,10
BRDA:125,10,1,9
BRDA:128,11,0,0
BRDA:128,11,1,4
BRDA:136,12,0,2
BRDA:136,12,1,8
BRDA:136,13,0,10
BRDA:136,13,1,9
BRDA:139,14,0,4
BRDA:139,14,1,0
BRDA:147,15,0,2
BRDA:147,15,1,7
BRDA:147,16,0,9
BRDA:147,16,1,8
BRDA:162,17,0,0
BRDA:162,17,1,7
BRDA:162,18,0,7
BRDA:162,18,1,7
BRDA:173,19,0,1
BRDA:173,19,1,11
BRDA:174,20,0,3
BRDA:174,20,1,8
BRDA:175,21,0,7
BRDA:175,21,1,1
BRDA:176,22,0,1
BRDA:176,22,1,0
BRDA:187,23,0,0
BRDA:187,23,1,7
BRDA:187,24,0,7
BRDA:187,24,1,7
BRDA:195,25,0,11
BRDA:195,25,1,1
BRDA:196,26,0,11
BRDA:196,26,1,1
BRDA:197,27,0,11
BRDA:197,27,1,1
BRDA:198,28,0,11
BRDA:198,28,1,1
BRDA:208,29,0,2
BRDA:208,29,1,3
BRDA:229,30,0,0
BRDA:229,30,1,2
BRDA:232,31,0,0
BRDA:232,31,1,2
BRDA:238,32,0,0
BRDA:238,32,1,4
BRDA:241,33,0,1
BRDA:241,33,1,3
BRDA:278,34,0,6
BRDA:278,34,1,0
BRDA:287,35,0,3
BRDA:287,35,1,2
BRDA:332,36,0,1
BRDA:332,36,1,26
BRDA:342,37,0,16
BRDA:342,37,1,10
BRDA:343,38,0,2
BRDA:343,38,1,8
BRDA:349,39,0,0
BRDA:353,40,0,0
BRDA:353,40,1,2
BRDA:355,41,0,0
BRDA:355,41,1,0
BRDA:368,42,0,4
BRDA:368,42,1,0
BRDA:372,43,0,4
BRDA:372,43,1,0
BRDA:373,44,0,4
BRDA:373,44,1,0
BRDA:374,45,0,4
BRDA:374,45,1,0
BRDA:375,46,0,4
BRDA:375,46,1,0
BRDA:409,47,0,0
BRDA:409,47,1,5
BRDA:413,48,0,5
BRDA:413,48,1,0
BRDA:420,49,0,1
BRDA:420,49,1,3
BRDA:440,50,0,1
BRDA:440,50,1,2
BRDA:443,51,0,0
BRDA:443,51,1,3
BRDA:471,52,0,0
BRDA:471,52,1,3
BRDA:495,53,0,3
BRDA:495,53,1,0
BRDA:496,54,0,0
BRDA:496,54,1,0
BRDA:497,55,0,0
BRDA:497,55,1,0
BRDA:511,56,0,0
BRDA:515,57,0,0
BRDA:515,57,1,2
BRDA:517,58,0,0
BRDA:517,58,1,0
BRDA:526,59,0,1
BRDA:526,59,1,1
BRDA:644,60,0,1
BRDA:644,60,1,0
BRDA:646,61,0,0
BRDA:646,61,1,0
BRDA:652,62,0,1
BRDA:652,62,1,0
BRDA:654,63,0,0
BRDA:654,63,1,0
BRF:125
BRH:84
end_of_record
TN:
SF:src/services/liveGameTrackingService.js
FN:10,(anonymous_0)
FN:21,(anonymous_1)
FN:25,(anonymous_2)
FN:35,(anonymous_3)
FN:50,(anonymous_4)
FN:65,(anonymous_5)
FN:139,(anonymous_6)
FN:169,(anonymous_7)
FN:173,(anonymous_8)
FN:206,(anonymous_9)
FN:220,(anonymous_10)
FN:238,(anonymous_11)
FN:253,(anonymous_12)
FN:279,(anonymous_13)
FN:293,(anonymous_14)
FN:311,(anonymous_15)
FN:318,(anonymous_16)
FN:332,(anonymous_17)
FN:335,(anonymous_18)
FN:348,(anonymous_19)
FN:355,(anonymous_20)
FN:362,(anonymous_21)
FN:363,(anonymous_22)
FN:371,(anonymous_23)
FN:372,(anonymous_24)
FN:378,(anonymous_25)
FN:387,(anonymous_26)
FN:396,(anonymous_27)
FN:398,(anonymous_28)
FN:412,(anonymous_29)
FN:414,(anonymous_30)
FN:417,(anonymous_31)
FN:418,(anonymous_32)
FN:436,(anonymous_33)
FN:496,(anonymous_34)
FNF:35
FNH:28
FNDA:1,(anonymous_0)
FNDA:4,(anonymous_1)
FNDA:0,(anonymous_2)
FNDA:50,(anonymous_3)
FNDA:0,(anonymous_4)
FNDA:1,(anonymous_5)
FNDA:0,(anonymous_6)
FNDA:0,(anonymous_7)
FNDA:0,(anonymous_8)
FNDA:0,(anonymous_9)
FNDA:0,(anonymous_10)
FNDA:3,(anonymous_11)
FNDA:2,(anonymous_12)
FNDA:2,(anonymous_13)
FNDA:2,(anonymous_14)
FNDA:3,(anonymous_15)
FNDA:1,(anonymous_16)
FNDA:2,(anonymous_17)
FNDA:1,(anonymous_18)
FNDA:3,(anonymous_19)
FNDA:8,(anonymous_20)
FNDA:2,(anonymous_21)
FNDA:6,(anonymous_22)
FNDA:2,(anonymous_23)
FNDA:6,(anonymous_24)
FNDA:1,(anonymous_25)
FNDA:2,(anonymous_26)
FNDA:2,(anonymous_27)
FNDA:2,(anonymous_28)
FNDA:2,(anonymous_29)
FNDA:2,(anonymous_30)
FNDA:2,(anonymous_31)
FNDA:2,(anonymous_32)
FNDA:2,(anonymous_33)
FNDA:1,(anonymous_34)
DA:11,1
DA:12,1
DA:13,1
DA:14,1
DA:15,1
DA:22,4
DA:24,3
DA:25,3
DA:26,0
DA:29,3
DA:36,50
DA:38,3
DA:39,3
DA:40,3
DA:41,3
DA:44,3
DA:51,0
DA:53,0
DA:54,0
DA:56,0
DA:58,0
DA:66,1
DA:67,1
DA:70,1
DA:133,1
DA:140,0
DA:141,0
DA:143,0
DA:144,0
DA:145,0
DA:148,0
DA:156,0
DA:160,0
DA:162,0
DA:170,0
DA:172,0
DA:173,0
DA:174,0
DA:177,0
DA:178,0
DA:182,0
DA:185,0
DA:188,0
DA:198,0
DA:199,0
DA:207,0
DA:209,0
DA:212,0
DA:214,0
DA:221,0
DA:232,0
DA:239,3
DA:241,3
DA:242,3
DA:243,3
DA:245,3
DA:246,2
DA:247,1
DA:254,2
DA:255,2
DA:256,2
DA:258,2
DA:261,2
DA:264,2
DA:265,0
DA:268,2
DA:271,2
DA:273,2
DA:280,2
DA:281,2
DA:283,2
DA:286,2
DA:287,2
DA:294,2
DA:296,1
DA:297,1
DA:299,1
DA:312,3
DA:313,3
DA:315,3
DA:318,3
DA:319,1
DA:320,1
DA:321,1
DA:322,1
DA:323,1
DA:333,2
DA:334,2
DA:335,1
DA:336,1
DA:337,1
DA:339,0
DA:349,3
DA:356,8
DA:363,2
DA:364,6
DA:372,6
DA:379,1
DA:381,1
DA:382,3
DA:383,2
DA:387,1
DA:388,2
DA:389,2
DA:397,2
DA:398,2
DA:400,2
DA:401,1
DA:412,1
DA:413,2
DA:414,1
DA:415,2
DA:417,2
DA:418,1
DA:419,2
DA:421,1
DA:437,2
DA:438,2
DA:440,1
DA:443,1
DA:444,1
DA:452,1
DA:453,1
DA:462,1
DA:463,1
DA:464,1
DA:472,1
DA:473,1
DA:482,1
DA:483,1
DA:490,1
DA:497,1
DA:498,1
DA:499,1
LF:134
LH:100
BRDA:22,0,0,1
BRDA:22,0,1,3
BRDA:36,1,0,47
BRDA:36,1,1,3
BRDA:39,2,0,3
BRDA:39,2,1,0
BRDA:54,3,0,0
BRDA:54,3,1,0
BRDA:174,4,0,0
BRDA:174,4,1,0
BRDA:177,5,0,0
BRDA:177,5,1,0
BRDA:182,6,0,0
BRDA:182,6,1,0
BRDA:183,7,0,0
BRDA:183,7,1,0
BRDA:185,8,0,0
BRDA:185,8,1,0
BRDA:207,9,0,0
BRDA:207,9,1,0
BRDA:209,10,0,0
BRDA:209,10,1,0
BRDA:210,11,0,0
BRDA:210,11,1,0
BRDA:212,12,0,0
BRDA:212,12,1,0
BRDA:223,13,0,0
BRDA:223,13,1,0
BRDA:224,14,0,0
BRDA:224,14,1,0
BRDA:239,15,0,0
BRDA:239,15,1,3
BRDA:245,16,0,1
BRDA:245,16,1,2
BRDA:246,17,0,1
BRDA:246,17,1,1
BRDA:264,18,0,2
BRDA:264,18,1,0
BRDA:265,19,0,0
BRDA:265,19,1,0
BRDA:271,20,0,1
BRDA:271,20,1,1
BRDA:283,21,0,0
BRDA:283,21,1,2
BRDA:294,22,0,1
BRDA:294,22,1,1
BRDA:312,23,0,3
BRDA:312,23,1,0
BRDA:320,24,0,1
BRDA:320,24,1,0
BRDA:322,25,0,1
BRDA:322,25,1,0
BRDA:334,26,0,1
BRDA:334,26,1,1
BRDA:364,27,0,6
BRDA:364,27,1,4
BRDA:382,28,0,2
BRDA:382,28,1,1
BRDA:382,29,0,3
BRDA:382,29,1,2
BRDA:400,30,0,1
BRDA:400,30,1,1
BRDA:413,31,0,2
BRDA:413,31,1,0
BRDA:415,32,0,2
BRDA:415,32,1,0
BRDA:426,33,0,1
BRDA:426,33,1,0
BRDA:438,34,0,1
BRDA:438,34,1,1
BRDA:443,35,0,1
BRDA:443,35,1,0
BRDA:452,36,0,1
BRDA:452,36,1,0
BRDA:463,37,0,1
BRDA:463,37,1,0
BRDA:472,38,0,1
BRDA:472,38,1,0
BRDA:482,39,0,1
BRDA:482,39,1,0
BRF:80
BRH:39
end_of_record
TN:
SF:src/services/predictionAnalyticsService.js
FN:9,(anonymous_0)
FN:18,(anonymous_1)
FN:24,(anonymous_2)
FN:41,(anonymous_3)
FN:47,(anonymous_4)
FN:63,(anonymous_5)
FN:67,(anonymous_6)
FN:86,(anonymous_7)
FN:99,(anonymous_8)
FN:106,(anonymous_9)
FN:112,(anonymous_10)
FN:118,(anonymous_11)
FN:132,(anonymous_12)
FN:141,(anonymous_13)
FN:157,(anonymous_14)
FN:163,(anonymous_15)
FN:178,(anonymous_16)
FN:184,(anonymous_17)
FN:202,(anonymous_18)
FN:213,(anonymous_19)
FN:214,(anonymous_20)
FN:222,(anonymous_21)
FN:239,(anonymous_22)
FN:244,(anonymous_23)
FN:293,(anonymous_24)
FN:301,(anonymous_25)
FN:307,(anonymous_26)
FN:313,(anonymous_27)
FN:336,(anonymous_28)
FN:342,(anonymous_29)
FN:348,(anonymous_30)
FN:354,(anonymous_31)
FN:355,(anonymous_32)
FN:358,(anonymous_33)
FN:359,(anonymous_34)
FN:361,(anonymous_35)
FN:362,(anonymous_36)
FN:376,(anonymous_37)
FN:434,(anonymous_38)
FN:449,(anonymous_39)
FN:453,(anonymous_40)
FN:455,(anonymous_41)
FN:486,(anonymous_42)
FN:549,(anonymous_43)
FN:618,(anonymous_44)
FNF:45
FNH:43
FNDA:1,(anonymous_0)
FNDA:8,(anonymous_1)
FNDA:10,(anonymous_2)
FNDA:4,(anonymous_3)
FNDA:6,(anonymous_4)
FNDA:3,(anonymous_5)
FNDA:25,(anonymous_6)
FNDA:6,(anonymous_7)
FNDA:25,(anonymous_8)
FNDA:25,(anonymous_9)
FNDA:2,(anonymous_10)
FNDA:2,(anonymous_11)
FNDA:2,(anonymous_12)
FNDA:2,(anonymous_13)
FNDA:39,(anonymous_14)
FNDA:24,(anonymous_15)
FNDA:3,(anonymous_16)
FNDA:5,(anonymous_17)
FNDA:6,(anonymous_18)
FNDA:30,(anonymous_19)
FNDA:60,(anonymous_20)
FNDA:12,(anonymous_21)
FNDA:6,(anonymous_22)
FNDA:9,(anonymous_23)
FNDA:2,(anonymous_24)
FNDA:1,(anonymous_25)
FNDA:9,(anonymous_26)
FNDA:17,(anonymous_27)
FNDA:10,(anonymous_28)
FNDA:2,(anonymous_29)
FNDA:6,(anonymous_30)
FNDA:2,(anonymous_31)
FNDA:2,(anonymous_32)
FNDA:2,(anonymous_33)
FNDA:2,(anonymous_34)
FNDA:2,(anonymous_35)
FNDA:2,(anonymous_36)
FNDA:4,(anonymous_37)
FNDA:0,(anonymous_38)
FNDA:1,(anonymous_39)
FNDA:0,(anonymous_40)
FNDA:1,(anonymous_41)
FNDA:3,(anonymous_42)
FNDA:12,(anonymous_43)
FNDA:20,(anonymous_44)
DA:10,1
DA:11,1
DA:19,8
DA:21,6
DA:22,6
DA:24,6
DA:25,10
DA:26,10
DA:27,10
DA:28,10
DA:29,10
DA:30,10
DA:34,6
DA:42,4
DA:44,4
DA:45,4
DA:47,4
DA:48,6
DA:49,6
DA:50,6
DA:51,6
DA:52,6
DA:53,6
DA:57,4
DA:64,3
DA:66,3
DA:67,25
DA:78,3
DA:79,25
DA:80,25
DA:81,25
DA:82,25
DA:86,3
DA:87,6
DA:88,6
DA:89,6
DA:91,6
DA:92,6
DA:93,6
DA:94,6
DA:99,3
DA:100,25
DA:101,6
DA:102,6
DA:106,25
DA:113,2
DA:115,2
DA:116,2
DA:118,2
DA:119,2
DA:120,2
DA:121,2
DA:122,2
DA:126,2
DA:133,2
DA:135,2
DA:136,2
DA:138,2
DA:139,2
DA:141,2
DA:142,2
DA:143,2
DA:144,2
DA:145,2
DA:146,2
DA:147,2
DA:151,2
DA:158,39
DA:160,20
DA:161,20
DA:163,20
DA:164,24
DA:165,24
DA:166,22
DA:168,24
DA:172,20
DA:179,3
DA:181,3
DA:182,3
DA:184,3
DA:185,5
DA:186,5
DA:187,5
DA:189,5
DA:190,4
DA:192,5
DA:196,3
DA:203,6
DA:205,6
DA:213,6
DA:214,30
DA:215,60
DA:220,30
DA:221,30
DA:222,12
DA:225,30
DA:240,6
DA:242,6
DA:244,6
DA:245,9
DA:247,2
DA:248,1
DA:259,2
DA:260,2
DA:261,2
DA:262,2
DA:264,2
DA:265,1
DA:269,2
DA:270,1
DA:281,2
DA:282,2
DA:283,2
DA:284,2
DA:286,2
DA:287,0
DA:293,6
DA:301,6
DA:308,9
DA:311,9
DA:313,9
DA:314,17
DA:315,14
DA:316,10
DA:325,14
DA:326,14
DA:327,14
DA:329,14
DA:330,12
DA:336,10
DA:342,9
DA:349,6
DA:351,6
DA:352,6
DA:354,2
DA:355,2
DA:358,2
DA:359,2
DA:361,2
DA:362,2
DA:364,1
DA:377,4
DA:378,4
DA:380,4
DA:381,1
DA:384,3
DA:386,3
DA:388,2
DA:389,0
DA:393,2
DA:419,2
DA:424,2
DA:426,1
DA:427,1
DA:435,0
DA:437,0
DA:438,0
DA:440,0
DA:442,0
DA:450,1
DA:451,1
DA:453,1
DA:455,1
DA:456,1
DA:457,8
DA:458,8
DA:459,8
DA:460,8
DA:461,8
DA:462,8
DA:463,8
DA:465,8
DA:480,1
DA:487,3
DA:488,3
DA:489,3
DA:490,3
DA:491,3
DA:493,3
DA:496,3
DA:497,3
DA:498,3
DA:504,0
DA:505,0
DA:512,0
DA:522,3
DA:523,3
DA:524,3
DA:530,0
DA:531,0
DA:538,0
DA:548,3
DA:549,12
DA:550,3
DA:551,1
DA:552,1
DA:558,0
DA:559,0
DA:570,3
DA:571,0
DA:572,0
DA:574,0
DA:575,0
DA:583,0
DA:584,0
DA:594,3
DA:595,0
DA:596,0
DA:602,0
DA:603,0
DA:612,3
DA:619,20
LF:212
LH:187
BRDA:19,0,0,2
BRDA:19,0,1,6
BRDA:19,1,0,8
BRDA:19,1,1,7
BRDA:25,2,0,10
BRDA:25,2,1,0
BRDA:25,3,0,10
BRDA:25,3,1,10
BRDA:26,4,0,6
BRDA:26,4,1,4
BRDA:34,5,0,6
BRDA:34,5,1,0
BRDA:42,6,0,0
BRDA:42,6,1,4
BRDA:42,7,0,4
BRDA:42,7,1,4
BRDA:48,8,0,6
BRDA:48,8,1,0
BRDA:48,9,0,6
BRDA:48,9,1,6
BRDA:49,10,0,4
BRDA:49,10,1,2
BRDA:57,11,0,4
BRDA:57,11,1,0
BRDA:63,12,0,2
BRDA:64,13,0,0
BRDA:64,13,1,3
BRDA:64,14,0,3
BRDA:64,14,1,3
BRDA:87,15,0,6
BRDA:87,15,1,0
BRDA:87,16,0,6
BRDA:87,16,1,6
BRDA:88,17,0,4
BRDA:88,17,1,2
BRDA:100,18,0,6
BRDA:100,18,1,19
BRDA:113,19,0,0
BRDA:113,19,1,2
BRDA:113,20,0,2
BRDA:113,20,1,2
BRDA:119,21,0,2
BRDA:119,21,1,0
BRDA:126,22,0,2
BRDA:126,22,1,0
BRDA:133,23,0,0
BRDA:133,23,1,2
BRDA:133,24,0,2
BRDA:133,24,1,2
BRDA:136,25,0,0
BRDA:136,25,1,2
BRDA:142,26,0,2
BRDA:142,26,1,0
BRDA:142,27,0,2
BRDA:142,27,1,2
BRDA:143,28,0,2
BRDA:143,28,1,0
BRDA:151,29,0,2
BRDA:151,29,1,0
BRDA:158,30,0,19
BRDA:158,30,1,20
BRDA:158,31,0,39
BRDA:158,31,1,39
BRDA:164,32,0,24
BRDA:164,32,1,0
BRDA:164,33,0,24
BRDA:164,33,1,24
BRDA:165,34,0,22
BRDA:165,34,1,2
BRDA:172,35,0,20
BRDA:172,35,1,0
BRDA:179,36,0,0
BRDA:179,36,1,3
BRDA:179,37,0,3
BRDA:179,37,1,3
BRDA:185,38,0,5
BRDA:185,38,1,0
BRDA:185,39,0,5
BRDA:185,39,1,5
BRDA:185,39,2,5
BRDA:189,40,0,4
BRDA:189,40,1,1
BRDA:196,41,0,3
BRDA:196,41,1,0
BRDA:203,42,0,0
BRDA:203,42,1,6
BRDA:203,43,0,6
BRDA:203,43,1,6
BRDA:215,44,0,60
BRDA:215,44,1,60
BRDA:215,44,2,47
BRDA:221,45,0,12
BRDA:221,45,1,18
BRDA:228,46,0,30
BRDA:228,46,1,19
BRDA:231,47,0,11
BRDA:231,47,1,19
BRDA:240,48,0,0
BRDA:240,48,1,6
BRDA:240,49,0,6
BRDA:240,49,1,6
BRDA:245,50,0,2
BRDA:245,50,1,7
BRDA:245,51,0,9
BRDA:245,51,1,9
BRDA:245,51,2,2
BRDA:247,52,0,1
BRDA:247,52,1,1
BRDA:262,53,0,2
BRDA:262,53,1,0
BRDA:264,54,0,1
BRDA:264,54,1,1
BRDA:264,55,0,2
BRDA:264,55,1,2
BRDA:269,56,0,1
BRDA:269,56,1,1
BRDA:284,57,0,2
BRDA:284,57,1,0
BRDA:286,58,0,0
BRDA:286,58,1,2
BRDA:286,59,0,2
BRDA:286,59,1,0
BRDA:295,60,0,2
BRDA:295,60,1,0
BRDA:296,61,0,2
BRDA:296,61,1,0
BRDA:297,62,0,2
BRDA:297,62,1,0
BRDA:298,63,0,2
BRDA:298,63,1,0
BRDA:308,64,0,0
BRDA:308,64,1,9
BRDA:308,65,0,9
BRDA:308,65,1,9
BRDA:314,66,0,14
BRDA:314,66,1,3
BRDA:314,67,0,17
BRDA:314,67,1,14
BRDA:315,68,0,10
BRDA:315,68,1,4
BRDA:327,69,0,14
BRDA:327,69,1,0
BRDA:329,70,0,12
BRDA:329,70,1,2
BRDA:338,71,0,10
BRDA:338,71,1,0
BRDA:339,72,0,10
BRDA:339,72,1,0
BRDA:349,73,0,0
BRDA:349,73,1,6
BRDA:349,74,0,6
BRDA:349,74,1,6
BRDA:352,75,0,5
BRDA:352,75,1,1
BRDA:352,76,0,6
BRDA:352,76,1,6
BRDA:376,77,0,0
BRDA:377,78,0,4
BRDA:377,78,1,0
BRDA:380,79,0,1
BRDA:380,79,1,3
BRDA:380,80,0,4
BRDA:380,80,1,1
BRDA:388,81,0,0
BRDA:388,81,1,2
BRDA:388,82,0,2
BRDA:388,82,1,2
BRDA:434,83,0,0
BRDA:437,84,0,0
BRDA:437,84,1,0
BRDA:438,85,0,0
BRDA:438,85,1,0
BRDA:449,86,0,0
BRDA:453,87,0,1
BRDA:453,87,1,0
BRDA:457,88,0,8
BRDA:457,88,1,0
BRDA:461,89,0,3
BRDA:461,89,1,5
BRDA:462,90,0,6
BRDA:462,90,1,2
BRDA:462,91,0,1
BRDA:462,91,1,1
BRDA:496,92,0,3
BRDA:496,92,1,0
BRDA:497,93,0,3
BRDA:497,93,1,0
BRDA:504,94,0,0
BRDA:504,94,1,0
BRDA:522,95,0,3
BRDA:522,95,1,0
BRDA:523,96,0,3
BRDA:523,96,1,0
BRDA:530,97,0,0
BRDA:530,97,1,0
BRDA:548,98,0,3
BRDA:548,98,1,0
BRDA:549,99,0,12
BRDA:549,99,1,9
BRDA:550,100,0,1
BRDA:550,100,1,2
BRDA:550,101,0,3
BRDA:550,101,1,3
BRDA:551,102,0,1
BRDA:551,102,1,0
BRDA:558,103,0,0
BRDA:558,103,1,0
BRDA:570,104,0,0
BRDA:570,104,1,3
BRDA:570,105,0,3
BRDA:570,105,1,3
BRDA:574,106,0,0
BRDA:574,106,1,0
BRDA:583,107,0,0
BRDA:583,107,1,0
BRDA:594,108,0,0
BRDA:594,108,1,3
BRDA:595,109,0,0
BRDA:595,109,1,0
BRDA:602,110,0,0
BRDA:602,110,1,0
BRF:221
BRH:153
end_of_record
TN:
SF:src/services/predictionService.js
FN:9,(anonymous_0)
FN:17,(anonymous_1)
FN:54,(anonymous_2)
FN:69,(anonymous_3)
FN:281,(anonymous_4)
FN:309,(anonymous_5)
FN:314,(anonymous_6)
FN:321,(anonymous_7)
FN:362,(anonymous_8)
FN:375,(anonymous_9)
FN:393,(anonymous_10)
FN:396,(anonymous_11)
FN:446,(anonymous_12)
FN:453,(anonymous_13)
FN:480,(anonymous_14)
FN:503,(anonymous_15)
FN:512,(anonymous_16)
FN:530,(anonymous_17)
FN:537,(anonymous_18)
FNF:19
FNH:14
FNDA:1,(anonymous_0)
FNDA:4,(anonymous_1)
FNDA:3,(anonymous_2)
FNDA:0,(anonymous_3)
FNDA:3,(anonymous_4)
FNDA:0,(anonymous_5)
FNDA:0,(anonymous_6)
FNDA:8,(anonymous_7)
FNDA:8,(anonymous_8)
FNDA:8,(anonymous_9)
FNDA:2,(anonymous_10)
FNDA:3,(anonymous_11)
FNDA:1,(anonymous_12)
FNDA:18,(anonymous_13)
FNDA:1,(anonymous_14)
FNDA:0,(anonymous_15)
FNDA:0,(anonymous_16)
FNDA:18,(anonymous_17)
FNDA:2,(anonymous_18)
DA:10,1
DA:11,1
DA:18,4
DA:21,4
DA:22,1
DA:23,1
DA:24,1
DA:28,3
DA:30,3
DA:33,3
DA:36,3
DA:39,3
DA:44,3
DA:46,0
DA:47,0
DA:55,3
DA:57,3
DA:58,0
DA:60,3
DA:62,3
DA:70,0
DA:72,0
DA:257,0
DA:262,0
DA:263,0
DA:264,0
DA:275,0
DA:282,3
DA:284,3
DA:285,0
DA:286,0
DA:288,0
DA:289,0
DA:296,0
DA:303,3
DA:310,0
DA:311,0
DA:314,0
DA:315,0
DA:323,8
DA:324,8
DA:326,8
DA:327,8
DA:330,8
DA:331,8
DA:334,8
DA:335,8
DA:338,8
DA:340,8
DA:365,8
DA:366,8
DA:369,8
DA:377,8
DA:380,8
DA:381,8
DA:384,8
DA:394,2
DA:395,2
DA:396,3
DA:398,2
DA:399,1
DA:407,1
DA:408,1
DA:410,1
DA:411,2
DA:412,2
DA:413,2
DA:415,2
DA:416,1
DA:419,2
DA:423,1
DA:424,1
DA:426,1
DA:433,0
DA:434,0
DA:447,1
DA:448,1
DA:451,1
DA:452,18
DA:453,18
DA:454,18
DA:457,18
DA:458,18
DA:459,18
DA:470,1
DA:472,0
DA:473,0
DA:481,1
DA:482,1
DA:489,1
DA:490,18
DA:491,18
DA:500,1
DA:501,1
DA:502,8
DA:503,8
DA:504,0
DA:507,8
DA:512,0
DA:516,1
DA:518,0
DA:519,0
DA:531,18
DA:538,2
DA:547,1
LF:105
LH:78
BRDA:17,0,0,0
BRDA:17,1,0,0
BRDA:21,2,0,1
BRDA:21,2,1,3
BRDA:23,3,0,1
BRDA:23,3,1,0
BRDA:58,4,0,0
BRDA:58,4,1,0
BRDA:70,5,0,0
BRDA:70,5,1,0
BRDA:70,6,0,0
BRDA:70,6,1,0
BRDA:288,7,0,0
BRDA:288,7,1,0
BRDA:288,8,0,0
BRDA:288,8,1,0
BRDA:310,9,0,0
BRDA:310,9,1,0
BRDA:310,10,0,0
BRDA:310,10,1,0
BRDA:315,11,0,0
BRDA:315,11,1,0
BRDA:334,12,0,8
BRDA:334,12,1,0
BRDA:335,13,0,8
BRDA:335,13,1,0
BRDA:393,14,0,0
BRDA:393,15,0,0
BRDA:398,16,0,1
BRDA:398,16,1,1
BRDA:411,17,0,2
BRDA:411,17,1,0
BRDA:415,18,0,1
BRDA:415,18,1,1
BRDA:446,19,0,0
BRDA:454,20,0,18
BRDA:454,20,1,0
BRDA:458,21,0,18
BRDA:458,21,1,0
BRDA:461,22,0,18
BRDA:461,22,1,0
BRDA:464,23,0,18
BRDA:464,23,1,18
BRDA:480,24,0,0
BRDA:504,25,0,0
BRDA:504,25,1,0
BRDA:510,26,0,0
BRDA:510,26,1,8
BRDA:511,27,0,0
BRDA:511,27,1,8
BRF:50
BRH:17
end_of_record
TN:
SF:src/utils/bundleAnalyzer.js
FN:7,(anonymous_0)
FN:15,(anonymous_1)
FN:34,(anonymous_2)
FN:50,(anonymous_3)
FN:78,(anonymous_4)
FN:94,(anonymous_5)
FN:120,(anonymous_6)
FN:140,(anonymous_7)
FN:159,(anonymous_8)
FN:160,(anonymous_9)
FN:170,(anonymous_10)
FN:184,(anonymous_11)
FN:228,(anonymous_12)
FN:236,(anonymous_13)
FN:257,(anonymous_14)
FN:273,(anonymous_15)
FN:295,(anonymous_16)
FN:314,(anonymous_17)
FN:321,(anonymous_18)
FN:356,(anonymous_19)
FN:382,(anonymous_20)
FN:412,(anonymous_21)
FN:444,(anonymous_22)
FN:506,(anonymous_23)
FN:509,(anonymous_24)
FN:510,(anonymous_25)
FN:511,(anonymous_26)
FNF:27
FNH:27
FNDA:16,(anonymous_0)
FNDA:4,(anonymous_1)
FNDA:5,(anonymous_2)
FNDA:5,(anonymous_3)
FNDA:5,(anonymous_4)
FNDA:5,(anonymous_5)
FNDA:5,(anonymous_6)
FNDA:9,(anonymous_7)
FNDA:27,(anonymous_8)
FNDA:4,(anonymous_9)
FNDA:9,(anonymous_10)
FNDA:8,(anonymous_11)
FNDA:4,(anonymous_12)
FNDA:21,(anonymous_13)
FNDA:21,(anonymous_14)
FNDA:2,(anonymous_15)
FNDA:4,(anonymous_16)
FNDA:7,(anonymous_17)
FNDA:3,(anonymous_18)
FNDA:3,(anonymous_19)
FNDA:3,(anonymous_20)
FNDA:1,(anonymous_21)
FNDA:1,(anonymous_22)
FNDA:2,(anonymous_23)
FNDA:6,(anonymous_24)
FNDA:6,(anonymous_25)
FNDA:6,(anonymous_26)
DA:8,16
DA:9,16
DA:16,4
DA:19,4
DA:27,4
DA:28,4
DA:36,5
DA:44,5
DA:51,5
DA:79,5
DA:95,5
DA:121,5
DA:141,9
DA:144,9
DA:145,9
DA:146,6
DA:157,9
DA:158,9
DA:159,27
DA:160,4
DA:162,9
DA:163,5
DA:170,9
DA:175,9
DA:176,9
DA:177,5
DA:184,8
DA:189,9
DA:190,9
DA:191,5
DA:202,9
DA:212,9
DA:221,9
DA:222,9
DA:229,4
DA:236,4
DA:237,21
DA:238,21
DA:240,21
DA:241,8
DA:242,13
DA:243,10
DA:245,3
DA:248,21
DA:251,4
DA:258,21
DA:267,21
DA:274,2
DA:275,2
DA:276,2
DA:278,2
DA:296,4
DA:297,4
DA:298,4
DA:299,4
DA:301,4
DA:302,3
DA:305,1
DA:306,1
DA:315,7
DA:322,3
DA:324,3
DA:344,3
DA:350,3
DA:357,3
DA:359,3
DA:370,3
DA:376,3
DA:383,3
DA:385,3
DA:400,3
DA:406,3
DA:413,1
DA:415,1
DA:432,1
DA:438,1
DA:445,1
DA:494,1
DA:500,1
DA:507,2
DA:509,6
DA:510,6
DA:511,6
LF:83
LH:83
BRDA:144,0,0,9
BRDA:144,0,1,0
BRDA:145,1,0,6
BRDA:145,1,1,3
BRDA:157,2,0,9
BRDA:157,2,1,0
BRDA:162,3,0,5
BRDA:162,3,1,4
BRDA:175,4,0,9
BRDA:175,4,1,0
BRDA:176,5,0,5
BRDA:176,5,1,4
BRDA:189,6,0,9
BRDA:189,6,1,3
BRDA:190,7,0,5
BRDA:190,7,1,4
BRDA:240,8,0,8
BRDA:240,8,1,13
BRDA:242,9,0,10
BRDA:242,9,1,3
BRDA:267,10,0,21
BRDA:267,10,1,0
BRDA:284,11,0,2
BRDA:284,11,1,0
BRDA:286,12,0,2
BRDA:286,12,1,0
BRDA:296,13,0,4
BRDA:296,13,1,0
BRDA:301,14,0,3
BRDA:301,14,1,1
BRF:30
BRH:23
end_of_record
TN:
SF:src/utils/testUtils.js
FN:6,(anonymous_0)
FN:51,(anonymous_1)
FN:51,(anonymous_2)
FNF:3
FNH:0
FNDA:0,(anonymous_0)
FNDA:0,(anonymous_1)
FNDA:0,(anonymous_2)
DA:6,0
DA:7,0
DA:8,0
DA:12,0
DA:51,0
LF:5
LH:0
BRDA:6,0,0,0
BRDA:6,1,0,0
BRF:2
BRH:0
end_of_record
